#
# There is insufficient memory for the Java Runtime Environment to continue.
# Native memory allocation (malloc) failed to allocate 2076288 bytes for Chunk::new
# Possible reasons:
#   The system is out of physical RAM or swap space
#   The process is running with CompressedOops enabled, and the Java Heap may be blocking the growth of the native heap
# Possible solutions:
#   Reduce memory load on the system
#   Increase physical memory or swap space
#   Check if swap backing store is full
#   Decrease Java heap size (-Xmx/-Xms)
#   Decrease number of Java threads
#   Decrease Java thread stack sizes (-Xss)
#   Set larger code cache with -XX:ReservedCodeCacheSize=
#   JVM is running with Unscaled Compressed Oops mode in which the Java heap is
#     placed in the first 4GB address space. The Java Heap base address is the
#     maximum limit for the native heap growth. Please use -XX:HeapBaseMinAddress
#     to set the Java Heap base and to place the Java Heap above 4GB virtual address.
# This output file may be truncated or incomplete.
#
#  Out of Memory Error (arena.cpp:191), pid=8320, tid=4968
#
# JRE version: OpenJDK Runtime Environment Temurin-17.0.10+7 (17.0.10+7) (build 17.0.10+7)
# Java VM: OpenJDK 64-Bit Server VM Temurin-17.0.10+7 (17.0.10+7, mixed mode, tiered, compressed oops, compressed class ptrs, parallel gc, windows-amd64)
# No core dump will be written. Minidumps are not enabled by default on client versions of Windows
#

---------------  S U M M A R Y ------------

Command Line: --add-modules=ALL-SYSTEM --add-opens=java.base/java.util=ALL-UNNAMED --add-opens=java.base/java.lang=ALL-UNNAMED --add-opens=java.base/sun.nio.fs=ALL-UNNAMED -Declipse.application=org.eclipse.jdt.ls.core.id1 -Dosgi.bundles.defaultStartLevel=4 -Declipse.product=org.eclipse.jdt.ls.core.product -Djava.import.generatesMetadataFilesAtProjectRoot=false -DDetectVMInstallationsJob.disabled=true -Dfile.encoding=utf8 -XX:+UseParallelGC -XX:GCTimeRatio=4 -XX:AdaptiveSizePolicyWeight=90 -Dsun.zip.disableMemoryMapping=true -Xmx1G -Xms100m -Xlog:disable -javaagent:c:\Users\Nacho\.vscode\extensions\redhat.java-1.28.1-win32-x64\lombok\lombok-1.18.31.jar -XX:+HeapDumpOnOutOfMemoryError -XX:HeapDumpPath=c:\Users\Nacho\AppData\Roaming\Code\User\workspaceStorage\948f9e9c46396022b1df48f2360f3a9f\redhat.java -Daether.dependencyCollector.impl=bf c:\Users\Nacho\.vscode\extensions\redhat.java-1.28.1-win32-x64\server\plugins\org.eclipse.equinox.launcher_1.6.700.v20231214-2017.jar -configuration c:\Users\Nacho\AppData\Roaming\Code\User\globalStorage\redhat.java\1.28.1\config_win -data c:\Users\Nacho\AppData\Roaming\Code\User\workspaceStorage\948f9e9c46396022b1df48f2360f3a9f\redhat.java\jdt_ws --stdio

Host: Intel(R) Core(TM) i5-10210U CPU @ 1.60GHz, 8 cores, 7G,  Windows 10 , 64 bit Build 19041 (10.0.19041.3636)
Time: Mon Mar 11 23:48:11 2024 Hora estándar central (México) elapsed time: 4.060184 seconds (0d 0h 0m 4s)

---------------  T H R E A D  ---------------

Current thread (0x0000025ffbd5b240):  JavaThread "C2 CompilerThread1" daemon [_thread_in_native, id=4968, stack(0x000000d37ad00000,0x000000d37ae00000)]


Current CompileTask:
C2:   4060 3336       4       org.lombokweb.asm.ClassReader::readMethod (1066 bytes)

Stack: [0x000000d37ad00000,0x000000d37ae00000]
Native frames: (J=compiled Java code, j=interpreted, Vv=VM code, C=native code)
V  [jvm.dll+0x67d2c9]
V  [jvm.dll+0x834afa]
V  [jvm.dll+0x8365be]
V  [jvm.dll+0x836c23]
V  [jvm.dll+0x2477ff]
V  [jvm.dll+0xac514]
V  [jvm.dll+0xacb5c]
V  [jvm.dll+0x3667d7]
V  [jvm.dll+0x1bcf72]
V  [jvm.dll+0x21a049]
V  [jvm.dll+0x219311]
V  [jvm.dll+0x1a502d]
V  [jvm.dll+0x2290de]
V  [jvm.dll+0x2272ac]
V  [jvm.dll+0x7e9bb7]
V  [jvm.dll+0x7e3fba]
V  [jvm.dll+0x67c1b5]
C  [ucrtbase.dll+0x21bb2]
C  [KERNEL32.DLL+0x17344]
C  [ntdll.dll+0x526b1]


---------------  P R O C E S S  ---------------

Threads class SMR info:
_java_thread_list=0x0000025ffe6ab690, length=23, elements={
0x0000025ff1aef350, 0x0000025ff1ba51c0, 0x0000025ff698b6a0, 0x0000025ff1ba91d0,
0x0000025ff1ba9f60, 0x0000025ff1bab330, 0x0000025ff1bae4b0, 0x0000025ffbc503e0,
0x0000025ffbc50cf0, 0x0000025ffbc5bde0, 0x0000025ffbd8f2c0, 0x0000025ffbd5b240,
0x0000025ffbfc6a90, 0x0000025ffd3be6e0, 0x0000025ffda9d560, 0x0000025ffda9da40,
0x0000025ffd2dd7f0, 0x0000025ffd327960, 0x0000025ffd32a1e0, 0x0000025ffd3297c0,
0x0000025ffd3292b0, 0x0000025ffd329cd0, 0x0000025ffd326f40
}

Java Threads: ( => current thread )
  0x0000025ff1aef350 JavaThread "main" [_thread_blocked, id=10780, stack(0x000000d37a000000,0x000000d37a100000)]
  0x0000025ff1ba51c0 JavaThread "Reference Handler" daemon [_thread_blocked, id=2748, stack(0x000000d37a300000,0x000000d37a400000)]
  0x0000025ff698b6a0 JavaThread "Finalizer" daemon [_thread_blocked, id=19148, stack(0x000000d37a400000,0x000000d37a500000)]
  0x0000025ff1ba91d0 JavaThread "Signal Dispatcher" daemon [_thread_blocked, id=26368, stack(0x000000d37a500000,0x000000d37a600000)]
  0x0000025ff1ba9f60 JavaThread "Attach Listener" daemon [_thread_blocked, id=15984, stack(0x000000d37a600000,0x000000d37a700000)]
  0x0000025ff1bab330 JavaThread "Service Thread" daemon [_thread_blocked, id=24664, stack(0x000000d37a700000,0x000000d37a800000)]
  0x0000025ff1bae4b0 JavaThread "Monitor Deflation Thread" daemon [_thread_blocked, id=1184, stack(0x000000d37a800000,0x000000d37a900000)]
  0x0000025ffbc503e0 JavaThread "C2 CompilerThread0" daemon [_thread_in_native, id=13008, stack(0x000000d37a900000,0x000000d37aa00000)]
  0x0000025ffbc50cf0 JavaThread "C1 CompilerThread0" daemon [_thread_in_native, id=11376, stack(0x000000d37aa00000,0x000000d37ab00000)]
  0x0000025ffbc5bde0 JavaThread "Sweeper thread" daemon [_thread_blocked, id=7500, stack(0x000000d37ab00000,0x000000d37ac00000)]
  0x0000025ffbd8f2c0 JavaThread "Common-Cleaner" daemon [_thread_blocked, id=18440, stack(0x000000d37ac00000,0x000000d37ad00000)]
=>0x0000025ffbd5b240 JavaThread "C2 CompilerThread1" daemon [_thread_in_native, id=4968, stack(0x000000d37ad00000,0x000000d37ae00000)]
  0x0000025ffbfc6a90 JavaThread "Notification Thread" daemon [_thread_blocked, id=992, stack(0x000000d37ae00000,0x000000d37af00000)]
  0x0000025ffd3be6e0 JavaThread "Active Thread: Equinox Container: be79eda1-06da-4023-9e95-ab2b4ca34a4a" [_thread_blocked, id=26936, stack(0x000000d37b600000,0x000000d37b700000)]
  0x0000025ffda9d560 JavaThread "Framework Event Dispatcher: Equinox Container: be79eda1-06da-4023-9e95-ab2b4ca34a4a" daemon [_thread_blocked, id=24264, stack(0x000000d37b700000,0x000000d37b800000)]
  0x0000025ffda9da40 JavaThread "Start Level: Equinox Container: be79eda1-06da-4023-9e95-ab2b4ca34a4a" daemon [_thread_in_Java, id=28356, stack(0x000000d37b800000,0x000000d37b900000)]
  0x0000025ffd2dd7f0 JavaThread "Bundle File Closer" daemon [_thread_blocked, id=272, stack(0x000000d37ba00000,0x000000d37bb00000)]
  0x0000025ffd327960 JavaThread "SCR Component Actor" daemon [_thread_blocked, id=10764, stack(0x000000d37bb00000,0x000000d37bc00000)]
  0x0000025ffd32a1e0 JavaThread "SCR Component Registry" daemon [_thread_blocked, id=13416, stack(0x000000d37bc00000,0x000000d37bd00000)]
  0x0000025ffd3297c0 JavaThread "Worker-JM" [_thread_blocked, id=19760, stack(0x000000d37bd00000,0x000000d37be00000)]
  0x0000025ffd3292b0 JavaThread "Worker-0" [_thread_blocked, id=27396, stack(0x000000d37be00000,0x000000d37bf00000)]
  0x0000025ffd329cd0 JavaThread "Worker-1" [_thread_blocked, id=27884, stack(0x000000d37bf00000,0x000000d37c000000)]
  0x0000025ffd326f40 JavaThread "Java indexing" daemon [_thread_blocked, id=31652, stack(0x000000d37c000000,0x000000d37c100000)]

Other Threads:
  0x0000025ff69899e0 VMThread "VM Thread" [stack: 0x000000d37a200000,0x000000d37a300000] [id=19796]
  0x0000025ffbfc6f70 WatcherThread [stack: 0x000000d37af00000,0x000000d37b000000] [id=27904]
  0x0000025ff1b03f60 GCTaskThread "GC Thread#0" [stack: 0x000000d37a100000,0x000000d37a200000] [id=25856]
  0x0000025ffd0ad6b0 GCTaskThread "GC Thread#1" [stack: 0x000000d37b000000,0x000000d37b100000] [id=10080]
  0x0000025ffd1793b0 GCTaskThread "GC Thread#2" [stack: 0x000000d37b100000,0x000000d37b200000] [id=15852]
  0x0000025ffd179670 GCTaskThread "GC Thread#3" [stack: 0x000000d37b200000,0x000000d37b300000] [id=23984]
  0x0000025ffd2af030 GCTaskThread "GC Thread#4" [stack: 0x000000d37b300000,0x000000d37b400000] [id=25236]
  0x0000025ffd2af2f0 GCTaskThread "GC Thread#5" [stack: 0x000000d37b400000,0x000000d37b500000] [id=13628]
  0x0000025ffd1bd050 GCTaskThread "GC Thread#6" [stack: 0x000000d37b500000,0x000000d37b600000] [id=31632]
  0x0000025ffd85ff80 GCTaskThread "GC Thread#7" [stack: 0x000000d37b900000,0x000000d37ba00000] [id=19508]

Threads with active compile tasks:
C2 CompilerThread0     4085 3546       4       java.util.TreeMap::getEntry (77 bytes)
C1 CompilerThread0     4085 3603       3       sun.util.locale.LanguageTag::isRegion (36 bytes)
C2 CompilerThread1     4085 3336       4       org.lombokweb.asm.ClassReader::readMethod (1066 bytes)

VM state: not at safepoint (normal execution)

VM Mutex/Monitor currently owned by a thread:  ([mutex/lock_event])
[0x0000025ff1aec550] MethodData_lock - owner thread: 0x0000000000000000

Heap address: 0x00000000c0000000, size: 1024 MB, Compressed Oops mode: 32-bit

CDS archive(s) not mapped
Compressed class space mapped at: 0x0000000100000000-0x0000000140000000, reserved size: 1073741824
Narrow klass base: 0x0000000000000000, Narrow klass shift: 3, Narrow klass range: 0x140000000

GC Precious Log:
 CPUs: 8 total, 8 available
 Memory: 8025M
 Large Page Support: Disabled
 NUMA Support: Disabled
 Compressed Oops: Enabled (32-bit)
 Alignments: Space 512K, Generation 512K, Heap 2M
 Heap Min Capacity: 100M
 Heap Initial Capacity: 100M
 Heap Max Capacity: 1G
 Pre-touch: Disabled
 Parallel Workers: 8

Heap:
 PSYoungGen      total 27136K, used 17229K [0x00000000eab00000, 0x00000000ecc00000, 0x0000000100000000)
  eden space 23552K, 58% used [0x00000000eab00000,0x00000000eb859600,0x00000000ec200000)
  from space 3584K, 99% used [0x00000000ec400000,0x00000000ec77a088,0x00000000ec780000)
  to   space 4608K, 0% used [0x00000000ec780000,0x00000000ec780000,0x00000000ecc00000)
 ParOldGen       total 68608K, used 13174K [0x00000000c0000000, 0x00000000c4300000, 0x00000000eab00000)
  object space 68608K, 19% used [0x00000000c0000000,0x00000000c0cdd918,0x00000000c4300000)
 Metaspace       used 34418K, committed 35200K, reserved 1114112K
  class space    used 3402K, committed 3776K, reserved 1048576K

Card table byte_map: [0x0000025ff1490000,0x0000025ff16a0000] _byte_map_base: 0x0000025ff0e90000

Marking Bits: (ParMarkBitMap*) 0x00007fff8255d7d0
 Begin Bits: [0x0000025ff4790000, 0x0000025ff5790000)
 End Bits:   [0x0000025ff5790000, 0x0000025ff6790000)

Polling page: 0x0000025fefad0000

Metaspace:

Usage:
  Non-class:     30.29 MB used.
      Class:      3.32 MB used.
       Both:     33.61 MB used.

Virtual space:
  Non-class space:       64.00 MB reserved,      30.69 MB ( 48%) committed,  1 nodes.
      Class space:        1.00 GB reserved,       3.69 MB ( <1%) committed,  1 nodes.
             Both:        1.06 GB reserved,      34.38 MB (  3%) committed. 

Chunk freelists:
   Non-Class:  808.00 KB
       Class:  12.18 MB
        Both:  12.97 MB

MaxMetaspaceSize: unlimited
CompressedClassSpaceSize: 1.00 GB
Initial GC threshold: 21.00 MB
Current GC threshold: 35.00 MB
CDS: off
MetaspaceReclaimPolicy: balanced
 - commit_granule_bytes: 65536.
 - commit_granule_words: 8192.
 - virtual_space_node_default_size: 8388608.
 - enlarge_chunks_in_place: 1.
 - new_chunks_are_fully_committed: 0.
 - uncommit_free_chunks: 1.
 - use_allocation_guard: 0.
 - handle_deallocations: 1.


Internal statistics:

num_allocs_failed_limit: 3.
num_arena_births: 362.
num_arena_deaths: 14.
num_vsnodes_births: 2.
num_vsnodes_deaths: 0.
num_space_committed: 550.
num_space_uncommitted: 0.
num_chunks_returned_to_freelist: 17.
num_chunks_taken_from_freelist: 1378.
num_chunk_merges: 8.
num_chunk_splits: 907.
num_chunks_enlarged: 621.
num_inconsistent_stats: 0.

CodeHeap 'non-profiled nmethods': size=120000Kb used=1529Kb max_used=1529Kb free=118470Kb
 bounds [0x0000025f87ad0000, 0x0000025f87d40000, 0x0000025f8f000000]
CodeHeap 'profiled nmethods': size=120000Kb used=7549Kb max_used=7549Kb free=112450Kb
 bounds [0x0000025f80000000, 0x0000025f80760000, 0x0000025f87530000]
CodeHeap 'non-nmethods': size=5760Kb used=1257Kb max_used=1275Kb free=4502Kb
 bounds [0x0000025f87530000, 0x0000025f877a0000, 0x0000025f87ad0000]
 total_blobs=4167 nmethods=3589 adapters=491
 compilation: enabled
              stopped_count=0, restarted_count=0
 full_count=0

Compilation events (20 events):
Event: 4.051 Thread 0x0000025ffbc50cf0 nmethod 3561 0x0000025f80745910 code [0x0000025f80745ac0, 0x0000025f80745c88]
Event: 4.051 Thread 0x0000025ffbc50cf0 3560       3       com.sun.org.apache.xml.internal.serializer.ToStream::escapingNotNeeded (51 bytes)
Event: 4.051 Thread 0x0000025ffbc50cf0 nmethod 3560 0x0000025f80745d90 code [0x0000025f80745f60, 0x0000025f80746338]
Event: 4.051 Thread 0x0000025ffbc50cf0 3562       1       org.xml.sax.helpers.AttributesImpl::getLength (5 bytes)
Event: 4.051 Thread 0x0000025ffbc50cf0 nmethod 3562 0x0000025f87c49090 code [0x0000025f87c49220, 0x0000025f87c492f8]
Event: 4.051 Thread 0x0000025ffbc50cf0 3563       3       com.sun.org.apache.xml.internal.serializer.CharInfo::isTextASCIIClean (7 bytes)
Event: 4.051 Thread 0x0000025ffbc50cf0 nmethod 3563 0x0000025f80746490 code [0x0000025f80746620, 0x0000025f80746758]
Event: 4.051 Thread 0x0000025ffbc50cf0 3564  s    3       java.lang.StringBuffer::append (13 bytes)
Event: 4.051 Thread 0x0000025ffbc50cf0 nmethod 3564 0x0000025f80746810 code [0x0000025f807469c0, 0x0000025f80746bc8]
Event: 4.051 Thread 0x0000025ffbc50cf0 3565       1       com.sun.org.apache.xerces.internal.dom.NodeImpl::getNamespaceURI (2 bytes)
Event: 4.051 Thread 0x0000025ffbc50cf0 nmethod 3565 0x0000025f87c49390 code [0x0000025f87c49520, 0x0000025f87c495f8]
Event: 4.051 Thread 0x0000025ffbc50cf0 3566       3       java.io.StringWriter::write (10 bytes)
Event: 4.052 Thread 0x0000025ffbc50cf0 nmethod 3566 0x0000025f80746c90 code [0x0000025f80746e40, 0x0000025f807470e8]
Event: 4.053 Thread 0x0000025ffbc503e0 nmethod 3526 0x0000025f87c49690 code [0x0000025f87c498a0, 0x0000025f87c4a7f8]
Event: 4.053 Thread 0x0000025ffbc503e0 3548       4       java.lang.StringBuilder::append (8 bytes)
Event: 4.054 Thread 0x0000025ffbc50cf0 3567       3       com.sun.org.apache.xerces.internal.parsers.XML11Configuration::addRecognizedParamsAndSetDefaults (173 bytes)
Event: 4.055 Thread 0x0000025ffbc50cf0 nmethod 3567 0x0000025f80747210 code [0x0000025f807474c0, 0x0000025f807485e8]
Event: 4.055 Thread 0x0000025ffbc50cf0 3568       3       com.sun.org.apache.xerces.internal.impl.XMLDocumentScannerImpl::setProperty (90 bytes)
Event: 4.057 Thread 0x0000025ffbc50cf0 nmethod 3568 0x0000025f80748b90 code [0x0000025f80748e60, 0x0000025f80749d58]
Event: 4.057 Thread 0x0000025ffbc50cf0 3575       3       com.sun.org.apache.xerces.internal.dom.DeferredDocumentImpl::setChunkIndex (67 bytes)

GC Heap History (20 events):
Event: 1.043 GC heap before
{Heap before GC invocations=1 (full 0):
 PSYoungGen      total 29696K, used 25600K [0x00000000eab00000, 0x00000000ecc00000, 0x0000000100000000)
  eden space 25600K, 100% used [0x00000000eab00000,0x00000000ec400000,0x00000000ec400000)
  from space 4096K, 0% used [0x00000000ec800000,0x00000000ec800000,0x00000000ecc00000)
  to   space 4096K, 0% used [0x00000000ec400000,0x00000000ec400000,0x00000000ec800000)
 ParOldGen       total 68608K, used 0K [0x00000000c0000000, 0x00000000c4300000, 0x00000000eab00000)
  object space 68608K, 0% used [0x00000000c0000000,0x00000000c0000000,0x00000000c4300000)
 Metaspace       used 10998K, committed 11200K, reserved 1114112K
  class space    used 1098K, committed 1216K, reserved 1048576K
}
Event: 1.050 GC heap after
{Heap after GC invocations=1 (full 0):
 PSYoungGen      total 29696K, used 3124K [0x00000000eab00000, 0x00000000ecc00000, 0x0000000100000000)
  eden space 25600K, 0% used [0x00000000eab00000,0x00000000eab00000,0x00000000ec400000)
  from space 4096K, 76% used [0x00000000ec400000,0x00000000ec70d150,0x00000000ec800000)
  to   space 4096K, 0% used [0x00000000ec800000,0x00000000ec800000,0x00000000ecc00000)
 ParOldGen       total 68608K, used 16K [0x00000000c0000000, 0x00000000c4300000, 0x00000000eab00000)
  object space 68608K, 0% used [0x00000000c0000000,0x00000000c0004000,0x00000000c4300000)
 Metaspace       used 10998K, committed 11200K, reserved 1114112K
  class space    used 1098K, committed 1216K, reserved 1048576K
}
Event: 1.747 GC heap before
{Heap before GC invocations=2 (full 0):
 PSYoungGen      total 29696K, used 28724K [0x00000000eab00000, 0x00000000ecc00000, 0x0000000100000000)
  eden space 25600K, 100% used [0x00000000eab00000,0x00000000ec400000,0x00000000ec400000)
  from space 4096K, 76% used [0x00000000ec400000,0x00000000ec70d150,0x00000000ec800000)
  to   space 4096K, 0% used [0x00000000ec800000,0x00000000ec800000,0x00000000ecc00000)
 ParOldGen       total 68608K, used 16K [0x00000000c0000000, 0x00000000c4300000, 0x00000000eab00000)
  object space 68608K, 0% used [0x00000000c0000000,0x00000000c0004000,0x00000000c4300000)
 Metaspace       used 14699K, committed 14976K, reserved 1114112K
  class space    used 1471K, committed 1600K, reserved 1048576K
}
Event: 1.754 GC heap after
{Heap after GC invocations=2 (full 0):
 PSYoungGen      total 29696K, used 4067K [0x00000000eab00000, 0x00000000ecc00000, 0x0000000100000000)
  eden space 25600K, 0% used [0x00000000eab00000,0x00000000eab00000,0x00000000ec400000)
  from space 4096K, 99% used [0x00000000ec800000,0x00000000ecbf8df0,0x00000000ecc00000)
  to   space 4096K, 0% used [0x00000000ec400000,0x00000000ec400000,0x00000000ec800000)
 ParOldGen       total 68608K, used 1486K [0x00000000c0000000, 0x00000000c4300000, 0x00000000eab00000)
  object space 68608K, 2% used [0x00000000c0000000,0x00000000c0173bf8,0x00000000c4300000)
 Metaspace       used 14699K, committed 14976K, reserved 1114112K
  class space    used 1471K, committed 1600K, reserved 1048576K
}
Event: 2.217 GC heap before
{Heap before GC invocations=3 (full 0):
 PSYoungGen      total 29696K, used 29667K [0x00000000eab00000, 0x00000000ecc00000, 0x0000000100000000)
  eden space 25600K, 100% used [0x00000000eab00000,0x00000000ec400000,0x00000000ec400000)
  from space 4096K, 99% used [0x00000000ec800000,0x00000000ecbf8df0,0x00000000ecc00000)
  to   space 4096K, 0% used [0x00000000ec400000,0x00000000ec400000,0x00000000ec800000)
 ParOldGen       total 68608K, used 1486K [0x00000000c0000000, 0x00000000c4300000, 0x00000000eab00000)
  object space 68608K, 2% used [0x00000000c0000000,0x00000000c0173bf8,0x00000000c4300000)
 Metaspace       used 16433K, committed 16704K, reserved 1114112K
  class space    used 1656K, committed 1728K, reserved 1048576K
}
Event: 2.226 GC heap after
{Heap after GC invocations=3 (full 0):
 PSYoungGen      total 29696K, used 4077K [0x00000000eab00000, 0x00000000ecc00000, 0x0000000100000000)
  eden space 25600K, 0% used [0x00000000eab00000,0x00000000eab00000,0x00000000ec400000)
  from space 4096K, 99% used [0x00000000ec400000,0x00000000ec7fb618,0x00000000ec800000)
  to   space 4096K, 0% used [0x00000000ec800000,0x00000000ec800000,0x00000000ecc00000)
 ParOldGen       total 68608K, used 5272K [0x00000000c0000000, 0x00000000c4300000, 0x00000000eab00000)
  object space 68608K, 7% used [0x00000000c0000000,0x00000000c0526370,0x00000000c4300000)
 Metaspace       used 16433K, committed 16704K, reserved 1114112K
  class space    used 1656K, committed 1728K, reserved 1048576K
}
Event: 2.709 GC heap before
{Heap before GC invocations=4 (full 0):
 PSYoungGen      total 29696K, used 29677K [0x00000000eab00000, 0x00000000ecc00000, 0x0000000100000000)
  eden space 25600K, 100% used [0x00000000eab00000,0x00000000ec400000,0x00000000ec400000)
  from space 4096K, 99% used [0x00000000ec400000,0x00000000ec7fb618,0x00000000ec800000)
  to   space 4096K, 0% used [0x00000000ec800000,0x00000000ec800000,0x00000000ecc00000)
 ParOldGen       total 68608K, used 5272K [0x00000000c0000000, 0x00000000c4300000, 0x00000000eab00000)
  object space 68608K, 7% used [0x00000000c0000000,0x00000000c0526370,0x00000000c4300000)
 Metaspace       used 20969K, committed 21440K, reserved 1114112K
  class space    used 2131K, committed 2368K, reserved 1048576K
}
Event: 2.715 GC heap after
{Heap after GC invocations=4 (full 0):
 PSYoungGen      total 29696K, used 4093K [0x00000000eab00000, 0x00000000ecc00000, 0x0000000100000000)
  eden space 25600K, 0% used [0x00000000eab00000,0x00000000eab00000,0x00000000ec400000)
  from space 4096K, 99% used [0x00000000ec800000,0x00000000ecbff720,0x00000000ecc00000)
  to   space 4096K, 0% used [0x00000000ec400000,0x00000000ec400000,0x00000000ec800000)
 ParOldGen       total 68608K, used 6619K [0x00000000c0000000, 0x00000000c4300000, 0x00000000eab00000)
  object space 68608K, 9% used [0x00000000c0000000,0x00000000c0676c70,0x00000000c4300000)
 Metaspace       used 20969K, committed 21440K, reserved 1114112K
  class space    used 2131K, committed 2368K, reserved 1048576K
}
Event: 2.736 GC heap before
{Heap before GC invocations=5 (full 0):
 PSYoungGen      total 29696K, used 4805K [0x00000000eab00000, 0x00000000ecc00000, 0x0000000100000000)
  eden space 25600K, 2% used [0x00000000eab00000,0x00000000eabb1f40,0x00000000ec400000)
  from space 4096K, 99% used [0x00000000ec800000,0x00000000ecbff720,0x00000000ecc00000)
  to   space 4096K, 0% used [0x00000000ec400000,0x00000000ec400000,0x00000000ec800000)
 ParOldGen       total 68608K, used 6619K [0x00000000c0000000, 0x00000000c4300000, 0x00000000eab00000)
  object space 68608K, 9% used [0x00000000c0000000,0x00000000c0676c70,0x00000000c4300000)
 Metaspace       used 21063K, committed 21504K, reserved 1114112K
  class space    used 2138K, committed 2368K, reserved 1048576K
}
Event: 2.740 GC heap after
{Heap after GC invocations=5 (full 0):
 PSYoungGen      total 29696K, used 4080K [0x00000000eab00000, 0x00000000ece00000, 0x0000000100000000)
  eden space 25600K, 0% used [0x00000000eab00000,0x00000000eab00000,0x00000000ec400000)
  from space 4096K, 99% used [0x00000000ec400000,0x00000000ec7fc2c0,0x00000000ec800000)
  to   space 5120K, 0% used [0x00000000ec900000,0x00000000ec900000,0x00000000ece00000)
 ParOldGen       total 68608K, used 6749K [0x00000000c0000000, 0x00000000c4300000, 0x00000000eab00000)
  object space 68608K, 9% used [0x00000000c0000000,0x00000000c0697640,0x00000000c4300000)
 Metaspace       used 21063K, committed 21504K, reserved 1114112K
  class space    used 2138K, committed 2368K, reserved 1048576K
}
Event: 2.740 GC heap before
{Heap before GC invocations=6 (full 1):
 PSYoungGen      total 29696K, used 4080K [0x00000000eab00000, 0x00000000ece00000, 0x0000000100000000)
  eden space 25600K, 0% used [0x00000000eab00000,0x00000000eab00000,0x00000000ec400000)
  from space 4096K, 99% used [0x00000000ec400000,0x00000000ec7fc2c0,0x00000000ec800000)
  to   space 5120K, 0% used [0x00000000ec900000,0x00000000ec900000,0x00000000ece00000)
 ParOldGen       total 68608K, used 6749K [0x00000000c0000000, 0x00000000c4300000, 0x00000000eab00000)
  object space 68608K, 9% used [0x00000000c0000000,0x00000000c0697640,0x00000000c4300000)
 Metaspace       used 21063K, committed 21504K, reserved 1114112K
  class space    used 2138K, committed 2368K, reserved 1048576K
}
Event: 2.773 GC heap after
{Heap after GC invocations=6 (full 1):
 PSYoungGen      total 29696K, used 0K [0x00000000eab00000, 0x00000000ece00000, 0x0000000100000000)
  eden space 25600K, 0% used [0x00000000eab00000,0x00000000eab00000,0x00000000ec400000)
  from space 4096K, 0% used [0x00000000ec400000,0x00000000ec400000,0x00000000ec800000)
  to   space 5120K, 0% used [0x00000000ec900000,0x00000000ec900000,0x00000000ece00000)
 ParOldGen       total 68608K, used 10432K [0x00000000c0000000, 0x00000000c4300000, 0x00000000eab00000)
  object space 68608K, 15% used [0x00000000c0000000,0x00000000c0a30390,0x00000000c4300000)
 Metaspace       used 21050K, committed 21504K, reserved 1114112K
  class space    used 2135K, committed 2368K, reserved 1048576K
}
Event: 3.212 GC heap before
{Heap before GC invocations=7 (full 1):
 PSYoungGen      total 29696K, used 25600K [0x00000000eab00000, 0x00000000ece00000, 0x0000000100000000)
  eden space 25600K, 100% used [0x00000000eab00000,0x00000000ec400000,0x00000000ec400000)
  from space 4096K, 0% used [0x00000000ec400000,0x00000000ec400000,0x00000000ec800000)
  to   space 5120K, 0% used [0x00000000ec900000,0x00000000ec900000,0x00000000ece00000)
 ParOldGen       total 68608K, used 10432K [0x00000000c0000000, 0x00000000c4300000, 0x00000000eab00000)
  object space 68608K, 15% used [0x00000000c0000000,0x00000000c0a30390,0x00000000c4300000)
 Metaspace       used 24279K, committed 24768K, reserved 1114112K
  class space    used 2481K, committed 2688K, reserved 1048576K
}
Event: 3.214 GC heap after
{Heap after GC invocations=7 (full 1):
 PSYoungGen      total 26624K, used 1270K [0x00000000eab00000, 0x00000000eca80000, 0x0000000100000000)
  eden space 25088K, 0% used [0x00000000eab00000,0x00000000eab00000,0x00000000ec380000)
  from space 1536K, 82% used [0x00000000ec900000,0x00000000eca3d838,0x00000000eca80000)
  to   space 2560K, 0% used [0x00000000ec580000,0x00000000ec580000,0x00000000ec800000)
 ParOldGen       total 68608K, used 10440K [0x00000000c0000000, 0x00000000c4300000, 0x00000000eab00000)
  object space 68608K, 15% used [0x00000000c0000000,0x00000000c0a32390,0x00000000c4300000)
 Metaspace       used 24279K, committed 24768K, reserved 1114112K
  class space    used 2481K, committed 2688K, reserved 1048576K
}
Event: 3.442 GC heap before
{Heap before GC invocations=8 (full 1):
 PSYoungGen      total 26624K, used 26358K [0x00000000eab00000, 0x00000000eca80000, 0x0000000100000000)
  eden space 25088K, 100% used [0x00000000eab00000,0x00000000ec380000,0x00000000ec380000)
  from space 1536K, 82% used [0x00000000ec900000,0x00000000eca3d838,0x00000000eca80000)
  to   space 2560K, 0% used [0x00000000ec580000,0x00000000ec580000,0x00000000ec800000)
 ParOldGen       total 68608K, used 10440K [0x00000000c0000000, 0x00000000c4300000, 0x00000000eab00000)
  object space 68608K, 15% used [0x00000000c0000000,0x00000000c0a32390,0x00000000c4300000)
 Metaspace       used 27349K, committed 27968K, reserved 1114112K
  class space    used 2803K, committed 3072K, reserved 1048576K
}
Event: 3.444 GC heap after
{Heap after GC invocations=8 (full 1):
 PSYoungGen      total 27136K, used 2546K [0x00000000eab00000, 0x00000000ecd00000, 0x0000000100000000)
  eden space 24576K, 0% used [0x00000000eab00000,0x00000000eab00000,0x00000000ec300000)
  from space 2560K, 99% used [0x00000000ec580000,0x00000000ec7fcba8,0x00000000ec800000)
  to   space 5120K, 0% used [0x00000000ec800000,0x00000000ec800000,0x00000000ecd00000)
 ParOldGen       total 68608K, used 12101K [0x00000000c0000000, 0x00000000c4300000, 0x00000000eab00000)
  object space 68608K, 17% used [0x00000000c0000000,0x00000000c0bd15a0,0x00000000c4300000)
 Metaspace       used 27349K, committed 27968K, reserved 1114112K
  class space    used 2803K, committed 3072K, reserved 1048576K
}
Event: 3.612 GC heap before
{Heap before GC invocations=9 (full 1):
 PSYoungGen      total 27136K, used 27122K [0x00000000eab00000, 0x00000000ecd00000, 0x0000000100000000)
  eden space 24576K, 100% used [0x00000000eab00000,0x00000000ec300000,0x00000000ec300000)
  from space 2560K, 99% used [0x00000000ec580000,0x00000000ec7fcba8,0x00000000ec800000)
  to   space 5120K, 0% used [0x00000000ec800000,0x00000000ec800000,0x00000000ecd00000)
 ParOldGen       total 68608K, used 12101K [0x00000000c0000000, 0x00000000c4300000, 0x00000000eab00000)
  object space 68608K, 17% used [0x00000000c0000000,0x00000000c0bd15a0,0x00000000c4300000)
 Metaspace       used 30090K, committed 30720K, reserved 1114112K
  class space    used 2985K, committed 3264K, reserved 1048576K
}
Event: 3.613 GC heap after
{Heap after GC invocations=9 (full 1):
 PSYoungGen      total 27136K, used 2580K [0x00000000eab00000, 0x00000000ecb00000, 0x0000000100000000)
  eden space 24064K, 0% used [0x00000000eab00000,0x00000000eab00000,0x00000000ec280000)
  from space 3072K, 83% used [0x00000000ec800000,0x00000000eca85040,0x00000000ecb00000)
  to   space 3584K, 0% used [0x00000000ec400000,0x00000000ec400000,0x00000000ec780000)
 ParOldGen       total 68608K, used 12101K [0x00000000c0000000, 0x00000000c4300000, 0x00000000eab00000)
  object space 68608K, 17% used [0x00000000c0000000,0x00000000c0bd15a0,0x00000000c4300000)
 Metaspace       used 30090K, committed 30720K, reserved 1114112K
  class space    used 2985K, committed 3264K, reserved 1048576K
}
Event: 3.762 GC heap before
{Heap before GC invocations=10 (full 1):
 PSYoungGen      total 27136K, used 26644K [0x00000000eab00000, 0x00000000ecb00000, 0x0000000100000000)
  eden space 24064K, 100% used [0x00000000eab00000,0x00000000ec280000,0x00000000ec280000)
  from space 3072K, 83% used [0x00000000ec800000,0x00000000eca85040,0x00000000ecb00000)
  to   space 3584K, 0% used [0x00000000ec400000,0x00000000ec400000,0x00000000ec780000)
 ParOldGen       total 68608K, used 12101K [0x00000000c0000000, 0x00000000c4300000, 0x00000000eab00000)
  object space 68608K, 17% used [0x00000000c0000000,0x00000000c0bd15a0,0x00000000c4300000)
 Metaspace       used 31975K, committed 32576K, reserved 1114112K
  class space    used 3128K, committed 3392K, reserved 1048576K
}
Event: 3.765 GC heap after
{Heap after GC invocations=10 (full 1):
 PSYoungGen      total 27136K, used 3560K [0x00000000eab00000, 0x00000000ecc00000, 0x0000000100000000)
  eden space 23552K, 0% used [0x00000000eab00000,0x00000000eab00000,0x00000000ec200000)
  from space 3584K, 99% used [0x00000000ec400000,0x00000000ec77a088,0x00000000ec780000)
  to   space 4608K, 0% used [0x00000000ec780000,0x00000000ec780000,0x00000000ecc00000)
 ParOldGen       total 68608K, used 13174K [0x00000000c0000000, 0x00000000c4300000, 0x00000000eab00000)
  object space 68608K, 19% used [0x00000000c0000000,0x00000000c0cdd918,0x00000000c4300000)
 Metaspace       used 31975K, committed 32576K, reserved 1114112K
  class space    used 3128K, committed 3392K, reserved 1048576K
}

Dll operation events (9 events):
Event: 0.009 Loaded shared library c:\Users\Nacho\.vscode\extensions\redhat.java-1.28.1-win32-x64\jre\17.0.10-win32-x86_64\bin\java.dll
Event: 0.186 Loaded shared library c:\Users\Nacho\.vscode\extensions\redhat.java-1.28.1-win32-x64\jre\17.0.10-win32-x86_64\bin\zip.dll
Event: 0.190 Loaded shared library C:\Users\Nacho\.vscode\extensions\redhat.java-1.28.1-win32-x64\jre\17.0.10-win32-x86_64\bin\instrument.dll
Event: 0.208 Loaded shared library C:\Users\Nacho\.vscode\extensions\redhat.java-1.28.1-win32-x64\jre\17.0.10-win32-x86_64\bin\net.dll
Event: 0.211 Loaded shared library C:\Users\Nacho\.vscode\extensions\redhat.java-1.28.1-win32-x64\jre\17.0.10-win32-x86_64\bin\nio.dll
Event: 0.218 Loaded shared library C:\Users\Nacho\.vscode\extensions\redhat.java-1.28.1-win32-x64\jre\17.0.10-win32-x86_64\bin\zip.dll
Event: 0.238 Loaded shared library C:\Users\Nacho\.vscode\extensions\redhat.java-1.28.1-win32-x64\jre\17.0.10-win32-x86_64\bin\jimage.dll
Event: 0.307 Loaded shared library c:\Users\Nacho\.vscode\extensions\redhat.java-1.28.1-win32-x64\jre\17.0.10-win32-x86_64\bin\verify.dll
Event: 1.647 Loaded shared library C:\Users\Nacho\AppData\Roaming\Code\User\globalStorage\redhat.java\1.28.1\config_win\org.eclipse.equinox.launcher\org.eclipse.equinox.launcher.win32.win32.x86_64_1.2.900.v20240129-1338\eclipse_11900.dll

Deoptimization events (20 events):
Event: 3.759 Thread 0x0000025ffda9da40 Uncommon trap: trap_request=0xffffffc6 fr.pc=0x0000025f87b95244 relative=0x0000000000000a04
Event: 3.759 Thread 0x0000025ffda9da40 Uncommon trap: reason=bimorphic_or_optimized_type_check action=maybe_recompile pc=0x0000025f87b95244 method=java.util.HashMap.putVal(ILjava/lang/Object;Ljava/lang/Object;ZZ)Ljava/lang/Object; @ 56 c2
Event: 3.759 Thread 0x0000025ffda9da40 DEOPT PACKING pc=0x0000025f87b95244 sp=0x000000d37b8f9930
Event: 3.759 Thread 0x0000025ffda9da40 DEOPT UNPACKING pc=0x0000025f875866a3 sp=0x000000d37b8f9830 mode 2
Event: 3.760 Thread 0x0000025ffda9da40 Uncommon trap: trap_request=0xffffffc6 fr.pc=0x0000025f87b95258 relative=0x0000000000000a18
Event: 3.760 Thread 0x0000025ffda9da40 Uncommon trap: reason=bimorphic_or_optimized_type_check action=maybe_recompile pc=0x0000025f87b95258 method=java.util.HashMap.putVal(ILjava/lang/Object;Ljava/lang/Object;ZZ)Ljava/lang/Object; @ 253 c2
Event: 3.760 Thread 0x0000025ffda9da40 DEOPT PACKING pc=0x0000025f87b95258 sp=0x000000d37b8f9880
Event: 3.760 Thread 0x0000025ffda9da40 DEOPT UNPACKING pc=0x0000025f875866a3 sp=0x000000d37b8f97a8 mode 2
Event: 3.833 Thread 0x0000025ffda9da40 Uncommon trap: trap_request=0xffffffc6 fr.pc=0x0000025f87b95244 relative=0x0000000000000a04
Event: 3.833 Thread 0x0000025ffda9da40 Uncommon trap: reason=bimorphic_or_optimized_type_check action=maybe_recompile pc=0x0000025f87b95244 method=java.util.HashMap.putVal(ILjava/lang/Object;Ljava/lang/Object;ZZ)Ljava/lang/Object; @ 56 c2
Event: 3.833 Thread 0x0000025ffda9da40 DEOPT PACKING pc=0x0000025f87b95244 sp=0x000000d37b8fdbb0
Event: 3.833 Thread 0x0000025ffda9da40 DEOPT UNPACKING pc=0x0000025f875866a3 sp=0x000000d37b8fdab0 mode 2
Event: 3.833 Thread 0x0000025ffda9da40 Uncommon trap: trap_request=0xffffffc6 fr.pc=0x0000025f87b95244 relative=0x0000000000000a04
Event: 3.833 Thread 0x0000025ffda9da40 Uncommon trap: reason=bimorphic_or_optimized_type_check action=maybe_recompile pc=0x0000025f87b95244 method=java.util.HashMap.putVal(ILjava/lang/Object;Ljava/lang/Object;ZZ)Ljava/lang/Object; @ 56 c2
Event: 3.833 Thread 0x0000025ffda9da40 DEOPT PACKING pc=0x0000025f87b95244 sp=0x000000d37b8fdbb0
Event: 3.833 Thread 0x0000025ffda9da40 DEOPT UNPACKING pc=0x0000025f875866a3 sp=0x000000d37b8fdab0 mode 2
Event: 3.833 Thread 0x0000025ffda9da40 Uncommon trap: trap_request=0xffffffc6 fr.pc=0x0000025f87b9664c relative=0x000000000000098c
Event: 3.833 Thread 0x0000025ffda9da40 Uncommon trap: reason=bimorphic_or_optimized_type_check action=maybe_recompile pc=0x0000025f87b9664c method=java.util.HashMap.putVal(ILjava/lang/Object;Ljava/lang/Object;ZZ)Ljava/lang/Object; @ 56 c2
Event: 3.833 Thread 0x0000025ffda9da40 DEOPT PACKING pc=0x0000025f87b9664c sp=0x000000d37b8fdb20
Event: 3.833 Thread 0x0000025ffda9da40 DEOPT UNPACKING pc=0x0000025f875866a3 sp=0x000000d37b8fdaa8 mode 2

Classes unloaded (7 events):
Event: 2.746 Thread 0x0000025ff69899e0 Unloading class 0x0000000100250400 'java/lang/invoke/LambdaForm$MH+0x0000000100250400'
Event: 2.746 Thread 0x0000025ff69899e0 Unloading class 0x0000000100250000 'java/lang/invoke/LambdaForm$MH+0x0000000100250000'
Event: 2.746 Thread 0x0000025ff69899e0 Unloading class 0x000000010024fc00 'java/lang/invoke/LambdaForm$MH+0x000000010024fc00'
Event: 2.746 Thread 0x0000025ff69899e0 Unloading class 0x000000010024f800 'java/lang/invoke/LambdaForm$MH+0x000000010024f800'
Event: 2.746 Thread 0x0000025ff69899e0 Unloading class 0x000000010024f400 'java/lang/invoke/LambdaForm$BMH+0x000000010024f400'
Event: 2.746 Thread 0x0000025ff69899e0 Unloading class 0x000000010024f000 'java/lang/invoke/LambdaForm$DMH+0x000000010024f000'
Event: 2.746 Thread 0x0000025ff69899e0 Unloading class 0x000000010024c400 'java/lang/invoke/LambdaForm$DMH+0x000000010024c400'

Classes redefined (0 events):
No events

Internal exceptions (20 events):
Event: 2.958 Thread 0x0000025ffda9da40 Exception <a 'java/lang/NoSuchMethodError'{0x00000000eb391f88}: 'java.lang.Object java.lang.invoke.DirectMethodHandle$Holder.invokeSpecial(java.lang.Object, java.lang.Object, java.lang.Object, long, java.lang.Object)'> (0x00000000eb391f88) 
thrown [s\src\hotspot\share\interpreter\linkResolver.cpp, line 759]
Event: 2.958 Thread 0x0000025ffda9da40 Exception <a 'java/lang/NoSuchMethodError'{0x00000000eb39a140}: 'java.lang.Object java.lang.invoke.DirectMethodHandle$Holder.newInvokeSpecial(java.lang.Object, java.lang.Object, java.lang.Object, long)'> (0x00000000eb39a140) 
thrown [s\src\hotspot\share\interpreter\linkResolver.cpp, line 759]
Event: 2.959 Thread 0x0000025ffda9da40 Exception <a 'java/lang/NoSuchMethodError'{0x00000000eb39e6e0}: 'java.lang.Object java.lang.invoke.DirectMethodHandle$Holder.invokeSpecial(java.lang.Object, java.lang.Object, java.lang.Object, java.lang.Object, long)'> (0x00000000eb39e6e0) 
thrown [s\src\hotspot\share\interpreter\linkResolver.cpp, line 759]
Event: 2.959 Thread 0x0000025ffda9da40 Exception <a 'java/lang/NoSuchMethodError'{0x00000000eb3a2558}: 'java.lang.Object java.lang.invoke.Invokers$Holder.linkToTargetMethod(java.lang.Object, java.lang.Object, long, java.lang.Object)'> (0x00000000eb3a2558) 
thrown [s\src\hotspot\share\interpreter\linkResolver.cpp, line 759]
Event: 2.969 Thread 0x0000025ffda9da40 Exception <a 'java/lang/NoSuchMethodError'{0x00000000eb4351c8}: 'int java.lang.invoke.DirectMethodHandle$Holder.invokeStaticInit(java.lang.Object, java.lang.Object, java.lang.Object)'> (0x00000000eb4351c8) 
thrown [s\src\hotspot\share\interpreter\linkResolver.cpp, line 759]
Event: 2.976 Thread 0x0000025ffda9da40 Exception <a 'java/lang/IncompatibleClassChangeError'{0x00000000eb4b0e18}: Found class java.lang.Object, but interface was expected> (0x00000000eb4b0e18) 
thrown [s\src\hotspot\share\interpreter\linkResolver.cpp, line 826]
Event: 2.980 Thread 0x0000025ffda9da40 Exception <a 'java/lang/NoSuchMethodError'{0x00000000eb4c5558}: 'java.lang.Object java.lang.invoke.DirectMethodHandle$Holder.invokeSpecial(java.lang.Object, java.lang.Object, java.lang.Object, int, java.lang.Object, java.lang.Object)'> (0x00000000eb4c5558) 
thrown [s\src\hotspot\share\interpreter\linkResolver.cpp, line 759]
Event: 2.980 Thread 0x0000025ffda9da40 Exception <a 'java/lang/NoSuchMethodError'{0x00000000eb4d13f0}: 'java.lang.Object java.lang.invoke.DirectMethodHandle$Holder.newInvokeSpecial(java.lang.Object, java.lang.Object, java.lang.Object, int, java.lang.Object)'> (0x00000000eb4d13f0) 
thrown [s\src\hotspot\share\interpreter\linkResolver.cpp, line 759]
Event: 2.981 Thread 0x0000025ffda9da40 Exception <a 'java/lang/NoSuchMethodError'{0x00000000eb4d5848}: 'java.lang.Object java.lang.invoke.DirectMethodHandle$Holder.invokeSpecial(java.lang.Object, java.lang.Object, java.lang.Object, java.lang.Object, int, java.lang.Object)'> (0x00000000eb4d5848) 
thrown [s\src\hotspot\share\interpreter\linkResolver.cpp, line 759]
Event: 2.982 Thread 0x0000025ffd3292b0 Exception <a 'java/lang/NoSuchMethodError'{0x00000000eb3e75a0}: 'java.lang.Object java.lang.invoke.DirectMethodHandle$Holder.invokeSpecial(java.lang.Object, java.lang.Object, int, java.lang.Object, java.lang.Object)'> (0x00000000eb3e75a0) 
thrown [s\src\hotspot\share\interpreter\linkResolver.cpp, line 759]
Event: 3.193 Thread 0x0000025ffda9da40 Exception <a 'java/lang/NoSuchMethodError'{0x00000000ec23b748}: 'java.lang.Object java.lang.invoke.Invokers$Holder.linkToTargetMethod(java.lang.Object, long, java.lang.Object, java.lang.Object)'> (0x00000000ec23b748) 
thrown [s\src\hotspot\share\interpreter\linkResolver.cpp, line 759]
Event: 3.260 Thread 0x0000025ffda9da40 Exception <a 'java/io/FileNotFoundException'{0x00000000eb091980}> (0x00000000eb091980) 
thrown [s\src\hotspot\share\prims\jni.cpp, line 516]
Event: 3.261 Thread 0x0000025ffda9da40 Exception <a 'java/lang/NoSuchMethodError'{0x00000000eb09aa30}: 'java.lang.Object java.lang.invoke.DirectMethodHandle$Holder.newInvokeSpecial(java.lang.Object, int, java.lang.Object, java.lang.Object)'> (0x00000000eb09aa30) 
thrown [s\src\hotspot\share\interpreter\linkResolver.cpp, line 759]
Event: 3.341 Thread 0x0000025ffda9da40 Exception <a 'java/lang/NoSuchMethodError'{0x00000000eb823538}: 'void java.lang.invoke.DirectMethodHandle$Holder.invokeSpecial(java.lang.Object, java.lang.Object, java.lang.Object, int)'> (0x00000000eb823538) 
thrown [s\src\hotspot\share\interpreter\linkResolver.cpp, line 759]
Event: 3.782 Thread 0x0000025ffda9da40 Exception <a 'java/lang/ClassNotFoundException'{0x00000000eabd5cc0}: com/sun/org/apache/xerces/internal/impl/msg/spi/DOMMessagesProvider> (0x00000000eabd5cc0) 
thrown [s\src\hotspot\share\classfile\systemDictionary.cpp, line 256]
Event: 3.783 Thread 0x0000025ffda9da40 Exception <a 'java/lang/ClassNotFoundException'{0x00000000eabfa6d8}: com/sun/org/apache/xerces/internal/impl/msg/spi/XMLSerializerMessagesProvider> (0x00000000eabfa6d8) 
thrown [s\src\hotspot\share\classfile\systemDictionary.cpp, line 256]
Event: 3.785 Thread 0x0000025ffda9da40 Exception <a 'java/lang/ClassNotFoundException'{0x00000000eac12c18}: com/sun/org/apache/xerces/internal/impl/msg/spi/XMLMessagesProvider> (0x00000000eac12c18) 
thrown [s\src\hotspot\share\classfile\systemDictionary.cpp, line 256]
Event: 3.847 Thread 0x0000025ffda9da40 Exception <a 'java/lang/NoSuchMethodError'{0x00000000eafd54c8}: 'java.lang.Object java.lang.invoke.DirectMethodHandle$Holder.invokeStaticInit(java.lang.Object, int, int, int, int)'> (0x00000000eafd54c8) 
thrown [s\src\hotspot\share\interpreter\linkResolver.cpp, line 759]
Event: 3.908 Thread 0x0000025ffda9da40 Exception <a 'java/lang/NoSuchMethodError'{0x00000000eb0918f0}: 'java.lang.Object java.lang.invoke.DirectMethodHandle$Holder.invokeStaticInit(java.lang.Object, java.lang.Object, int, int, int, int)'> (0x00000000eb0918f0) 
thrown [s\src\hotspot\share\interpreter\linkResolver.cpp, line 759]
Event: 3.978 Thread 0x0000025ffda9da40 Exception <a 'java/lang/ClassNotFoundException'{0x00000000eb46e340}: com/sun/org/apache/xml/internal/serializer/spi/XMLEntitiesProvider> (0x00000000eb46e340) 
thrown [s\src\hotspot\share\classfile\systemDictionary.cpp, line 256]

VM Operations (20 events):
Event: 3.212 Executing VM operation: ParallelGCFailedAllocation
Event: 3.214 Executing VM operation: ParallelGCFailedAllocation done
Event: 3.442 Executing VM operation: ParallelGCFailedAllocation
Event: 3.444 Executing VM operation: ParallelGCFailedAllocation done
Event: 3.612 Executing VM operation: ParallelGCFailedAllocation
Event: 3.614 Executing VM operation: ParallelGCFailedAllocation done
Event: 3.752 Executing VM operation: HandshakeAllThreads
Event: 3.752 Executing VM operation: HandshakeAllThreads done
Event: 3.752 Executing VM operation: HandshakeAllThreads
Event: 3.752 Executing VM operation: HandshakeAllThreads done
Event: 3.762 Executing VM operation: ParallelGCFailedAllocation
Event: 3.765 Executing VM operation: ParallelGCFailedAllocation done
Event: 3.832 Executing VM operation: HandshakeAllThreads
Event: 3.832 Executing VM operation: HandshakeAllThreads done
Event: 3.902 Executing VM operation: HandshakeAllThreads
Event: 3.902 Executing VM operation: HandshakeAllThreads done
Event: 3.948 Executing VM operation: HandshakeAllThreads
Event: 3.948 Executing VM operation: HandshakeAllThreads done
Event: 4.014 Executing VM operation: HandshakeAllThreads
Event: 4.014 Executing VM operation: HandshakeAllThreads done

Events (20 events):
Event: 4.035 loading class sun/nio/cs/KOI8_R
Event: 4.036 loading class sun/nio/cs/KOI8_R done
Event: 4.047 loading class com/sun/org/apache/xml/internal/serializer/NamespaceMappings
Event: 4.048 loading class com/sun/org/apache/xml/internal/serializer/NamespaceMappings done
Event: 4.048 loading class com/sun/org/apache/xml/internal/serializer/NamespaceMappings$MappingRecord
Event: 4.048 loading class com/sun/org/apache/xml/internal/serializer/NamespaceMappings$MappingRecord done
Event: 4.048 loading class javax/xml/transform/stream/StreamSource
Event: 4.048 loading class javax/xml/transform/stream/StreamSource done
Event: 4.048 loading class javax/xml/transform/sax/SAXSource
Event: 4.048 loading class javax/xml/transform/sax/SAXSource done
Event: 4.048 loading class javax/xml/transform/stax/StAXSource
Event: 4.049 loading class javax/xml/transform/stax/StAXSource done
Event: 4.049 loading class com/sun/org/apache/xalan/internal/xsltc/trax/DOM2TO
Event: 4.049 loading class com/sun/org/apache/xalan/internal/xsltc/trax/DOM2TO done
Event: 4.051 loading class com/sun/org/apache/xml/internal/serializer/WriterToUTF8Buffered
Event: 4.052 loading class com/sun/org/apache/xml/internal/serializer/WriterChain
Event: 4.052 loading class com/sun/org/apache/xml/internal/serializer/WriterChain done
Event: 4.052 loading class com/sun/org/apache/xml/internal/serializer/WriterToUTF8Buffered done
Event: 4.052 loading class com/sun/org/apache/xml/internal/serializer/WriterToASCI
Event: 4.052 loading class com/sun/org/apache/xml/internal/serializer/WriterToASCI done


Dynamic libraries:
0x00007ff6805a0000 - 0x00007ff6805ae000 	c:\Users\Nacho\.vscode\extensions\redhat.java-1.28.1-win32-x64\jre\17.0.10-win32-x86_64\bin\java.exe
0x00007fffd78d0000 - 0x00007fffd7ac8000 	C:\WINDOWS\SYSTEM32\ntdll.dll
0x00007fffd6ef0000 - 0x00007fffd6fad000 	C:\WINDOWS\System32\KERNEL32.DLL
0x00007fffd52d0000 - 0x00007fffd55c6000 	C:\WINDOWS\System32\KERNELBASE.dll
0x00007fffd56b0000 - 0x00007fffd57b0000 	C:\WINDOWS\System32\ucrtbase.dll
0x00007fff826c0000 - 0x00007fff826d7000 	c:\Users\Nacho\.vscode\extensions\redhat.java-1.28.1-win32-x64\jre\17.0.10-win32-x86_64\bin\jli.dll
0x00007fff826e0000 - 0x00007fff826fb000 	c:\Users\Nacho\.vscode\extensions\redhat.java-1.28.1-win32-x64\jre\17.0.10-win32-x86_64\bin\VCRUNTIME140.dll
0x00007fffd6540000 - 0x00007fffd66de000 	C:\WINDOWS\System32\USER32.dll
0x00007fffbb820000 - 0x00007fffbbaba000 	C:\WINDOWS\WinSxS\amd64_microsoft.windows.common-controls_6595b64144ccf1df_6.0.19041.3636_none_60b6a03d71f818d5\COMCTL32.dll
0x00007fffd5680000 - 0x00007fffd56a2000 	C:\WINDOWS\System32\win32u.dll
0x00007fffd6220000 - 0x00007fffd62be000 	C:\WINDOWS\System32\msvcrt.dll
0x00007fffd6a30000 - 0x00007fffd6a5b000 	C:\WINDOWS\System32\GDI32.dll
0x00007fffd50f0000 - 0x00007fffd5207000 	C:\WINDOWS\System32\gdi32full.dll
0x00007fffd5870000 - 0x00007fffd590d000 	C:\WINDOWS\System32\msvcp_win.dll
0x00007fffd5910000 - 0x00007fffd5942000 	C:\WINDOWS\System32\IMM32.DLL
0x00007fff99930000 - 0x00007fff9993c000 	c:\Users\Nacho\.vscode\extensions\redhat.java-1.28.1-win32-x64\jre\17.0.10-win32-x86_64\bin\vcruntime140_1.dll
0x00007fff82630000 - 0x00007fff826bd000 	c:\Users\Nacho\.vscode\extensions\redhat.java-1.28.1-win32-x64\jre\17.0.10-win32-x86_64\bin\msvcp140.dll
0x00007fff819c0000 - 0x00007fff82622000 	c:\Users\Nacho\.vscode\extensions\redhat.java-1.28.1-win32-x64\jre\17.0.10-win32-x86_64\bin\server\jvm.dll
0x00007fffd68c0000 - 0x00007fffd6973000 	C:\WINDOWS\System32\ADVAPI32.dll
0x00007fffd60a0000 - 0x00007fffd613f000 	C:\WINDOWS\System32\sechost.dll
0x00007fffd6790000 - 0x00007fffd68b6000 	C:\WINDOWS\System32\RPCRT4.dll
0x00007fffd5840000 - 0x00007fffd5867000 	C:\WINDOWS\System32\bcrypt.dll
0x00007fffd4530000 - 0x00007fffd457b000 	C:\WINDOWS\SYSTEM32\POWRPROF.dll
0x00007fff99280000 - 0x00007fff99289000 	C:\WINDOWS\SYSTEM32\WSOCK32.dll
0x00007fffd7660000 - 0x00007fffd76cb000 	C:\WINDOWS\System32\WS2_32.dll
0x00007fffc4290000 - 0x00007fffc42b7000 	C:\WINDOWS\SYSTEM32\WINMM.dll
0x00007fffcd0a0000 - 0x00007fffcd0aa000 	C:\WINDOWS\SYSTEM32\VERSION.dll
0x00007fffd43a0000 - 0x00007fffd43b2000 	C:\WINDOWS\SYSTEM32\UMPDC.dll
0x00007fffd2e40000 - 0x00007fffd2e52000 	C:\WINDOWS\SYSTEM32\kernel.appcore.dll
0x00007fff981f0000 - 0x00007fff981fa000 	c:\Users\Nacho\.vscode\extensions\redhat.java-1.28.1-win32-x64\jre\17.0.10-win32-x86_64\bin\jimage.dll
0x00007fffd1620000 - 0x00007fffd1804000 	C:\WINDOWS\SYSTEM32\DBGHELP.DLL
0x00007fffb41b0000 - 0x00007fffb41e4000 	C:\WINDOWS\SYSTEM32\dbgcore.DLL
0x00007fffd57b0000 - 0x00007fffd5832000 	C:\WINDOWS\System32\bcryptPrimitives.dll
0x00007fff97e50000 - 0x00007fff97e5e000 	c:\Users\Nacho\.vscode\extensions\redhat.java-1.28.1-win32-x64\jre\17.0.10-win32-x86_64\bin\instrument.dll
0x00007fff81990000 - 0x00007fff819b5000 	c:\Users\Nacho\.vscode\extensions\redhat.java-1.28.1-win32-x64\jre\17.0.10-win32-x86_64\bin\java.dll
0x00007fff81970000 - 0x00007fff81988000 	c:\Users\Nacho\.vscode\extensions\redhat.java-1.28.1-win32-x64\jre\17.0.10-win32-x86_64\bin\zip.dll
0x00007fffd5950000 - 0x00007fffd6095000 	C:\WINDOWS\System32\SHELL32.dll
0x00007fffd3040000 - 0x00007fffd37dc000 	C:\WINDOWS\SYSTEM32\windows.storage.dll
0x00007fffd7070000 - 0x00007fffd73c4000 	C:\WINDOWS\System32\combase.dll
0x00007fffd49c0000 - 0x00007fffd49ee000 	C:\WINDOWS\SYSTEM32\Wldp.dll
0x00007fffd62c0000 - 0x00007fffd638d000 	C:\WINDOWS\System32\OLEAUT32.dll
0x00007fffd66e0000 - 0x00007fffd678d000 	C:\WINDOWS\System32\SHCORE.dll
0x00007fffd73d0000 - 0x00007fffd7425000 	C:\WINDOWS\System32\shlwapi.dll
0x00007fffd4ec0000 - 0x00007fffd4ee5000 	C:\WINDOWS\SYSTEM32\profapi.dll
0x00007fff81950000 - 0x00007fff81969000 	C:\Users\Nacho\.vscode\extensions\redhat.java-1.28.1-win32-x64\jre\17.0.10-win32-x86_64\bin\net.dll
0x00007fffccbd0000 - 0x00007fffcccda000 	C:\WINDOWS\SYSTEM32\WINHTTP.dll
0x00007fffd4720000 - 0x00007fffd478a000 	C:\WINDOWS\system32\mswsock.dll
0x00007fff81930000 - 0x00007fff81946000 	C:\Users\Nacho\.vscode\extensions\redhat.java-1.28.1-win32-x64\jre\17.0.10-win32-x86_64\bin\nio.dll
0x00007fff96220000 - 0x00007fff96230000 	c:\Users\Nacho\.vscode\extensions\redhat.java-1.28.1-win32-x64\jre\17.0.10-win32-x86_64\bin\verify.dll
0x00007fffbe7e0000 - 0x00007fffbe81e000 	C:\Users\Nacho\AppData\Roaming\Code\User\globalStorage\redhat.java\1.28.1\config_win\org.eclipse.equinox.launcher\org.eclipse.equinox.launcher.win32.win32.x86_64_1.2.900.v20240129-1338\eclipse_11900.dll
0x00007fffd7760000 - 0x00007fffd788b000 	C:\WINDOWS\System32\ole32.dll
0x00007fffd4920000 - 0x00007fffd4938000 	C:\WINDOWS\SYSTEM32\CRYPTSP.dll
0x00007fffd3fe0000 - 0x00007fffd4014000 	C:\WINDOWS\system32\rsaenh.dll
0x00007fffd4e80000 - 0x00007fffd4eae000 	C:\WINDOWS\SYSTEM32\USERENV.dll
0x00007fffd4910000 - 0x00007fffd491c000 	C:\WINDOWS\SYSTEM32\CRYPTBASE.dll
0x00007fffd43c0000 - 0x00007fffd43fb000 	C:\WINDOWS\SYSTEM32\IPHLPAPI.DLL
0x00007fffd6520000 - 0x00007fffd6528000 	C:\WINDOWS\System32\NSI.dll
0x00007fffcd930000 - 0x00007fffcd947000 	C:\WINDOWS\SYSTEM32\dhcpcsvc6.DLL
0x00007fffce140000 - 0x00007fffce15d000 	C:\WINDOWS\SYSTEM32\dhcpcsvc.DLL
0x00007fffd4410000 - 0x00007fffd44db000 	C:\WINDOWS\SYSTEM32\DNSAPI.dll

dbghelp: loaded successfully - version: 4.0.5 - missing functions: none
symbol engine: initialized successfully - sym options: 0x614 - pdb path: .;c:\Users\Nacho\.vscode\extensions\redhat.java-1.28.1-win32-x64\jre\17.0.10-win32-x86_64\bin;C:\WINDOWS\SYSTEM32;C:\WINDOWS\WinSxS\amd64_microsoft.windows.common-controls_6595b64144ccf1df_6.0.19041.3636_none_60b6a03d71f818d5;c:\Users\Nacho\.vscode\extensions\redhat.java-1.28.1-win32-x64\jre\17.0.10-win32-x86_64\bin\server;C:\Users\Nacho\AppData\Roaming\Code\User\globalStorage\redhat.java\1.28.1\config_win\org.eclipse.equinox.launcher\org.eclipse.equinox.launcher.win32.win32.x86_64_1.2.900.v20240129-1338

VM Arguments:
jvm_args: --add-modules=ALL-SYSTEM --add-opens=java.base/java.util=ALL-UNNAMED --add-opens=java.base/java.lang=ALL-UNNAMED --add-opens=java.base/sun.nio.fs=ALL-UNNAMED -Declipse.application=org.eclipse.jdt.ls.core.id1 -Dosgi.bundles.defaultStartLevel=4 -Declipse.product=org.eclipse.jdt.ls.core.product -Djava.import.generatesMetadataFilesAtProjectRoot=false -DDetectVMInstallationsJob.disabled=true -Dfile.encoding=utf8 -XX:+UseParallelGC -XX:GCTimeRatio=4 -XX:AdaptiveSizePolicyWeight=90 -Dsun.zip.disableMemoryMapping=true -Xmx1G -Xms100m -Xlog:disable -javaagent:c:\Users\Nacho\.vscode\extensions\redhat.java-1.28.1-win32-x64\lombok\lombok-1.18.31.jar -XX:+HeapDumpOnOutOfMemoryError -XX:HeapDumpPath=c:\Users\Nacho\AppData\Roaming\Code\User\workspaceStorage\948f9e9c46396022b1df48f2360f3a9f\redhat.java -Daether.dependencyCollector.impl=bf 
java_command: c:\Users\Nacho\.vscode\extensions\redhat.java-1.28.1-win32-x64\server\plugins\org.eclipse.equinox.launcher_1.6.700.v20231214-2017.jar -configuration c:\Users\Nacho\AppData\Roaming\Code\User\globalStorage\redhat.java\1.28.1\config_win -data c:\Users\Nacho\AppData\Roaming\Code\User\workspaceStorage\948f9e9c46396022b1df48f2360f3a9f\redhat.java\jdt_ws --stdio
java_class_path (initial): c:\Users\Nacho\.vscode\extensions\redhat.java-1.28.1-win32-x64\server\plugins\org.eclipse.equinox.launcher_1.6.700.v20231214-2017.jar
Launcher Type: SUN_STANDARD

[Global flags]
    uintx AdaptiveSizePolicyWeight                 = 90                                        {product} {command line}
     intx CICompilerCount                          = 4                                         {product} {ergonomic}
    uintx GCTimeRatio                              = 4                                         {product} {command line}
     bool HeapDumpOnOutOfMemoryError               = true                                   {manageable} {command line}
    ccstr HeapDumpPath                             = c:\Users\Nacho\AppData\Roaming\Code\User\workspaceStorage\948f9e9c46396022b1df48f2360f3a9f\redhat.java         {manageable} {command line}
   size_t InitialHeapSize                          = 104857600                                 {product} {command line}
   size_t MaxHeapSize                              = 1073741824                                {product} {command line}
   size_t MaxNewSize                               = 357564416                                 {product} {ergonomic}
   size_t MinHeapDeltaBytes                        = 524288                                    {product} {ergonomic}
   size_t MinHeapSize                              = 104857600                                 {product} {command line}
   size_t NewSize                                  = 34603008                                  {product} {ergonomic}
    uintx NonNMethodCodeHeapSize                   = 5839372                                {pd product} {ergonomic}
    uintx NonProfiledCodeHeapSize                  = 122909434                              {pd product} {ergonomic}
   size_t OldSize                                  = 70254592                                  {product} {ergonomic}
    uintx ProfiledCodeHeapSize                     = 122909434                              {pd product} {ergonomic}
    uintx ReservedCodeCacheSize                    = 251658240                              {pd product} {ergonomic}
     bool SegmentedCodeCache                       = true                                      {product} {ergonomic}
   size_t SoftMaxHeapSize                          = 1073741824                             {manageable} {ergonomic}
     bool UseCompressedClassPointers               = true                           {product lp64_product} {ergonomic}
     bool UseCompressedOops                        = true                           {product lp64_product} {ergonomic}
     bool UseLargePagesIndividualAllocation        = false                                  {pd product} {ergonomic}
     bool UseParallelGC                            = true                                      {product} {command line}

Logging:
Log output configuration:
 #0: stdout all=off uptime,level,tags
 #1: stderr all=off uptime,level,tags

Environment Variables:
PATH=C:\Program Files\Eclipse Adoptium\jdk-17.0.8.101-hotspot\bin;C:\WINDOWS\system32;C:\WINDOWS;C:\WINDOWS\System32\Wbem;C:\WINDOWS\System32\WindowsPowerShell\v1.0\;C:\WINDOWS\System32\OpenSSH\;C:\Program Files\dotnet\;C:\Users\Nacho\AppData\Local\Microsoft\WindowsApps;;C:\Users\Nacho\AppData\Local\Programs\Microsoft VS Code\bin
USERNAME=Nacho
OS=Windows_NT
PROCESSOR_IDENTIFIER=Intel64 Family 6 Model 142 Stepping 12, GenuineIntel
TMP=C:\Users\Nacho\AppData\Local\Temp
TEMP=C:\Users\Nacho\AppData\Local\Temp



Periodic native trim disabled


---------------  S Y S T E M  ---------------

OS:
 Windows 10 , 64 bit Build 19041 (10.0.19041.3636)
OS uptime: 10 days 0:37 hours

CPU: total 8 (initial active 8) (4 cores per cpu, 2 threads per core) family 6 model 142 stepping 12 microcode 0xde, cx8, cmov, fxsr, ht, mmx, 3dnowpref, sse, sse2, sse3, ssse3, sse4.1, sse4.2, popcnt, lzcnt, tsc, tscinvbit, avx, avx2, aes, erms, clmul, bmi1, bmi2, adx, fma, vzeroupper, clflush, clflushopt
Processor Information for all 8 processors :
  Max Mhz: 2112, Current Mhz: 2112, Mhz Limit: 1605

Memory: 4k page, system-wide physical 8025M (307M free)
TotalPageFile size 32601M (AvailPageFile size 5M)
current process WorkingSet (physical memory assigned to process): 156M, peak: 159M
current process commit charge ("private bytes"): 259M, peak: 260M

vm_info: OpenJDK 64-Bit Server VM (17.0.10+7) for windows-amd64 JRE (17.0.10+7), built on Jan 16 2024 23:25:11 by "admin" with MS VC++ 16.10 / 16.11 (VS2019)

END.
