#
# There is insufficient memory for the Java Runtime Environment to continue.
# Native memory allocation (malloc) failed to allocate 601856 bytes for Chunk::new
# Possible reasons:
#   The system is out of physical RAM or swap space
#   The process is running with CompressedOops enabled, and the Java Heap may be blocking the growth of the native heap
# Possible solutions:
#   Reduce memory load on the system
#   Increase physical memory or swap space
#   Check if swap backing store is full
#   Decrease Java heap size (-Xmx/-Xms)
#   Decrease number of Java threads
#   Decrease Java thread stack sizes (-Xss)
#   Set larger code cache with -XX:ReservedCodeCacheSize=
#   JVM is running with Unscaled Compressed Oops mode in which the Java heap is
#     placed in the first 4GB address space. The Java Heap base address is the
#     maximum limit for the native heap growth. Please use -XX:HeapBaseMinAddress
#     to set the Java Heap base and to place the Java Heap above 4GB virtual address.
# This output file may be truncated or incomplete.
#
#  Out of Memory Error (arena.cpp:191), pid=22488, tid=12320
#
# JRE version: OpenJDK Runtime Environment Temurin-17.0.10+7 (17.0.10+7) (build 17.0.10+7)
# Java VM: OpenJDK 64-Bit Server VM Temurin-17.0.10+7 (17.0.10+7, mixed mode, tiered, compressed oops, compressed class ptrs, parallel gc, windows-amd64)
# No core dump will be written. Minidumps are not enabled by default on client versions of Windows
#

---------------  S U M M A R Y ------------

Command Line: --add-modules=ALL-SYSTEM --add-opens=java.base/java.util=ALL-UNNAMED --add-opens=java.base/java.lang=ALL-UNNAMED --add-opens=java.base/sun.nio.fs=ALL-UNNAMED -Declipse.application=org.eclipse.jdt.ls.core.id1 -Dosgi.bundles.defaultStartLevel=4 -Declipse.product=org.eclipse.jdt.ls.core.product -Djava.import.generatesMetadataFilesAtProjectRoot=false -DDetectVMInstallationsJob.disabled=true -Dfile.encoding=utf8 -XX:+UseParallelGC -XX:GCTimeRatio=4 -XX:AdaptiveSizePolicyWeight=90 -Dsun.zip.disableMemoryMapping=true -Xmx1G -Xms100m -Xlog:disable -javaagent:c:\Users\Nacho\.vscode\extensions\redhat.java-1.28.1-win32-x64\lombok\lombok-1.18.31.jar c:\Users\Nacho\.vscode\extensions\redhat.java-1.28.1-win32-x64\server\plugins\org.eclipse.equinox.launcher_1.6.700.v20231214-2017.jar -configuration c:\Users\Nacho\AppData\Roaming\Code\User\globalStorage\redhat.java\1.28.1\config_ss_win -data c:\Users\Nacho\AppData\Roaming\Code\User\workspaceStorage\948f9e9c46396022b1df48f2360f3a9f\redhat.java\ss_ws --stdio

Host: Intel(R) Core(TM) i5-10210U CPU @ 1.60GHz, 8 cores, 7G,  Windows 10 , 64 bit Build 19041 (10.0.19041.3636)
Time: Mon Mar 11 23:44:34 2024 Hora estándar central (México) elapsed time: 2.768128 seconds (0d 0h 0m 2s)

---------------  T H R E A D  ---------------

Current thread (0x000001d495f3e7f0):  JavaThread "C2 CompilerThread0" daemon [_thread_in_native, id=12320, stack(0x0000001e29500000,0x0000001e29600000)]


Current CompileTask:
C2:   2768 2293       4       org.lombokweb.asm.ClassReader::readMethod (1066 bytes)

Stack: [0x0000001e29500000,0x0000001e29600000]
Native frames: (J=compiled Java code, j=interpreted, Vv=VM code, C=native code)
V  [jvm.dll+0x67d2c9]
V  [jvm.dll+0x834afa]
V  [jvm.dll+0x8365be]
V  [jvm.dll+0x836c23]
V  [jvm.dll+0x2477ff]
V  [jvm.dll+0xac514]
V  [jvm.dll+0xacb5c]
V  [jvm.dll+0x2aed1f]
V  [jvm.dll+0x584b67]
V  [jvm.dll+0x2228a2]
V  [jvm.dll+0x222c8f]
V  [jvm.dll+0x21bdb6]
V  [jvm.dll+0x219201]
V  [jvm.dll+0x1a502d]
V  [jvm.dll+0x2290de]
V  [jvm.dll+0x2272ac]
V  [jvm.dll+0x7e9bb7]
V  [jvm.dll+0x7e3fba]
V  [jvm.dll+0x67c1b5]
C  [ucrtbase.dll+0x21bb2]
C  [KERNEL32.DLL+0x17344]
C  [ntdll.dll+0x526b1]


---------------  P R O C E S S  ---------------

Threads class SMR info:
_java_thread_list=0x000001d4b05eed30, length=20, elements={
0x000001d495e7e290, 0x000001d4a9d149b0, 0x000001d4a9d18f30, 0x000001d4a9d1dec0,
0x000001d495f38fb0, 0x000001d495f3b290, 0x000001d495f3ce60, 0x000001d495f3e7f0,
0x000001d4af058f50, 0x000001d4af06b700, 0x000001d4af179030, 0x000001d4af3a6060,
0x000001d4b0897250, 0x000001d4b0a758b0, 0x000001d4b08b1e10, 0x000001d4b0b2aa40,
0x000001d4b0961420, 0x000001d4b0b629d0, 0x000001d4b0b624c0, 0x000001d4b0b64320
}

Java Threads: ( => current thread )
  0x000001d495e7e290 JavaThread "main" [_thread_blocked, id=16236, stack(0x0000001e28b00000,0x0000001e28c00000)]
  0x000001d4a9d149b0 JavaThread "Reference Handler" daemon [_thread_blocked, id=2444, stack(0x0000001e28e00000,0x0000001e28f00000)]
  0x000001d4a9d18f30 JavaThread "Finalizer" daemon [_thread_blocked, id=13912, stack(0x0000001e28f00000,0x0000001e29000000)]
  0x000001d4a9d1dec0 JavaThread "Signal Dispatcher" daemon [_thread_blocked, id=27116, stack(0x0000001e29100000,0x0000001e29200000)]
  0x000001d495f38fb0 JavaThread "Attach Listener" daemon [_thread_blocked, id=11612, stack(0x0000001e29200000,0x0000001e29300000)]
  0x000001d495f3b290 JavaThread "Service Thread" daemon [_thread_blocked, id=9832, stack(0x0000001e29300000,0x0000001e29400000)]
  0x000001d495f3ce60 JavaThread "Monitor Deflation Thread" daemon [_thread_blocked, id=30256, stack(0x0000001e29400000,0x0000001e29500000)]
=>0x000001d495f3e7f0 JavaThread "C2 CompilerThread0" daemon [_thread_in_native, id=12320, stack(0x0000001e29500000,0x0000001e29600000)]
  0x000001d4af058f50 JavaThread "C1 CompilerThread0" daemon [_thread_blocked, id=8184, stack(0x0000001e29600000,0x0000001e29700000)]
  0x000001d4af06b700 JavaThread "Sweeper thread" daemon [_thread_blocked, id=29436, stack(0x0000001e29700000,0x0000001e29800000)]
  0x000001d4af179030 JavaThread "Common-Cleaner" daemon [_thread_blocked, id=14644, stack(0x0000001e29800000,0x0000001e29900000)]
  0x000001d4af3a6060 JavaThread "Notification Thread" daemon [_thread_blocked, id=9300, stack(0x0000001e29a00000,0x0000001e29b00000)]
  0x000001d4b0897250 JavaThread "Active Thread: Equinox Container: 6b28edcb-2775-4e43-aadc-cae20d7e90bc" [_thread_blocked, id=18692, stack(0x0000001e2a200000,0x0000001e2a300000)]
  0x000001d4b0a758b0 JavaThread "Framework Event Dispatcher: Equinox Container: 6b28edcb-2775-4e43-aadc-cae20d7e90bc" daemon [_thread_in_vm, id=876, stack(0x0000001e2a300000,0x0000001e2a400000)]
  0x000001d4b08b1e10 JavaThread "Start Level: Equinox Container: 6b28edcb-2775-4e43-aadc-cae20d7e90bc" daemon [_thread_in_native, id=26780, stack(0x0000001e2a400000,0x0000001e2a500000)]
  0x000001d4b0b2aa40 JavaThread "SCR Component Actor" daemon [_thread_blocked, id=31280, stack(0x0000001e2a500000,0x0000001e2a600000)]
  0x000001d4b0961420 JavaThread "SCR Component Registry" daemon [_thread_blocked, id=12468, stack(0x0000001e2a700000,0x0000001e2a800000)]
  0x000001d4b0b629d0 JavaThread "Worker-JM" [_thread_blocked, id=14772, stack(0x0000001e29900000,0x0000001e29a00000)]
  0x000001d4b0b624c0 JavaThread "Worker-0" [_thread_blocked, id=15304, stack(0x0000001e2a800000,0x0000001e2a900000)]
  0x000001d4b0b64320 JavaThread "Worker-1" [_thread_blocked, id=10696, stack(0x0000001e2a900000,0x0000001e2aa00000)]

Other Threads:
  0x000001d4af011020 VMThread "VM Thread" [stack: 0x0000001e28d00000,0x0000001e28e00000] [id=26768]
  0x000001d4af3a6540 WatcherThread [stack: 0x0000001e29b00000,0x0000001e29c00000] [id=22376]
  0x000001d495e93f10 GCTaskThread "GC Thread#0" [stack: 0x0000001e28c00000,0x0000001e28d00000] [id=27812]
  0x000001d4b07c6850 GCTaskThread "GC Thread#1" [stack: 0x0000001e29c00000,0x0000001e29d00000] [id=7344]
  0x000001d4b07c6b10 GCTaskThread "GC Thread#2" [stack: 0x0000001e29d00000,0x0000001e29e00000] [id=17932]
  0x000001d4b07c6dd0 GCTaskThread "GC Thread#3" [stack: 0x0000001e29e00000,0x0000001e29f00000] [id=888]
  0x000001d4b07c7090 GCTaskThread "GC Thread#4" [stack: 0x0000001e29f00000,0x0000001e2a000000] [id=23412]
  0x000001d4b07c7350 GCTaskThread "GC Thread#5" [stack: 0x0000001e2a000000,0x0000001e2a100000] [id=22944]
  0x000001d4b07c7610 GCTaskThread "GC Thread#6" [stack: 0x0000001e2a100000,0x0000001e2a200000] [id=28704]
  0x000001d4b092d260 GCTaskThread "GC Thread#7" [stack: 0x0000001e2a600000,0x0000001e2a700000] [id=13788]

Threads with active compile tasks:
C2 CompilerThread0     2793 2293       4       org.lombokweb.asm.ClassReader::readMethod (1066 bytes)

VM state: not at safepoint (normal execution)

VM Mutex/Monitor currently owned by a thread:  ([mutex/lock_event])
[0x000001d495e79820] Metaspace_lock - owner thread: 0x000001d4b0a758b0

OutOfMemory and StackOverflow Exception counts:
OutOfMemoryError java_heap_errors=1
LinkageErrors=37

Heap address: 0x00000000c0000000, size: 1024 MB, Compressed Oops mode: 32-bit

CDS archive(s) not mapped
Compressed class space mapped at: 0x0000000100000000-0x0000000140000000, reserved size: 1073741824
Narrow klass base: 0x0000000000000000, Narrow klass shift: 3, Narrow klass range: 0x140000000

GC Precious Log:
 CPUs: 8 total, 8 available
 Memory: 8025M
 Large Page Support: Disabled
 NUMA Support: Disabled
 Compressed Oops: Enabled (32-bit)
 Alignments: Space 512K, Generation 512K, Heap 2M
 Heap Min Capacity: 100M
 Heap Initial Capacity: 100M
 Heap Max Capacity: 1G
 Pre-touch: Disabled
 Parallel Workers: 8

Heap:
 PSYoungGen      total 26112K, used 10468K [0x00000000eab00000, 0x00000000ec880000, 0x0000000100000000)
  eden space 25088K, 38% used [0x00000000eab00000,0x00000000eb48ddb8,0x00000000ec380000)
  from space 1024K, 66% used [0x00000000ec400000,0x00000000ec4ab4e0,0x00000000ec500000)
  to   space 2560K, 0% used [0x00000000ec600000,0x00000000ec600000,0x00000000ec880000)
 ParOldGen       total 68608K, used 6622K [0x00000000c0000000, 0x00000000c4300000, 0x00000000eab00000)
  object space 68608K, 9% used [0x00000000c0000000,0x00000000c0677a40,0x00000000c4300000)
 Metaspace       used 25582K, committed 26112K, reserved 1114112K
  class space    used 2498K, committed 2752K, reserved 1048576K

Card table byte_map: [0x000001d495820000,0x000001d495a30000] _byte_map_base: 0x000001d495220000

Marking Bits: (ParMarkBitMap*) 0x00007fff8255d7d0
 Begin Bits: [0x000001d4a7b20000, 0x000001d4a8b20000)
 End Bits:   [0x000001d4a8b20000, 0x000001d4a9b20000)

Polling page: 0x000001d493e40000

Metaspace:

Usage:
  Non-class:     22.54 MB used.
      Class:      2.44 MB used.
       Both:     24.98 MB used.

Virtual space:
  Non-class space:       64.00 MB reserved,      22.81 MB ( 36%) committed,  1 nodes.
      Class space:        1.00 GB reserved,       2.69 MB ( <1%) committed,  1 nodes.
             Both:        1.06 GB reserved,      25.50 MB (  2%) committed. 

Chunk freelists:
   Non-Class:  8.87 MB
       Class:  13.37 MB
        Both:  22.24 MB

MaxMetaspaceSize: unlimited
CompressedClassSpaceSize: 1.00 GB
Initial GC threshold: 21.00 MB
Current GC threshold: 35.00 MB
CDS: off
MetaspaceReclaimPolicy: balanced
 - commit_granule_bytes: 65536.
 - commit_granule_words: 8192.
 - virtual_space_node_default_size: 8388608.
 - enlarge_chunks_in_place: 1.
 - new_chunks_are_fully_committed: 0.
 - uncommit_free_chunks: 1.
 - use_allocation_guard: 0.
 - handle_deallocations: 1.


Internal statistics:

num_allocs_failed_limit: 3.
num_arena_births: 278.
num_arena_deaths: 14.
num_vsnodes_births: 2.
num_vsnodes_deaths: 0.
num_space_committed: 408.
num_space_uncommitted: 0.
num_chunks_returned_to_freelist: 17.
num_chunks_taken_from_freelist: 957.
num_chunk_merges: 5.
num_chunk_splits: 621.
num_chunks_enlarged: 432.
num_inconsistent_stats: 0.

CodeHeap 'non-profiled nmethods': size=120000Kb used=940Kb max_used=940Kb free=119059Kb
 bounds [0x000001d4a05f0000, 0x000001d4a0860000, 0x000001d4a7b20000]
CodeHeap 'profiled nmethods': size=120000Kb used=4542Kb max_used=4542Kb free=115457Kb
 bounds [0x000001d498b20000, 0x000001d498f90000, 0x000001d4a0050000]
CodeHeap 'non-nmethods': size=5760Kb used=1221Kb max_used=1221Kb free=4538Kb
 bounds [0x000001d4a0050000, 0x000001d4a02c0000, 0x000001d4a05f0000]
 total_blobs=2846 nmethods=2319 adapters=441
 compilation: enabled
              stopped_count=0, restarted_count=0
 full_count=0

Compilation events (20 events):
Event: 2.700 Thread 0x000001d4af058f50 2301       3       org.lombokweb.asm.MethodWriter::putFrameType (83 bytes)
Event: 2.701 Thread 0x000001d4af058f50 nmethod 2301 0x000001d498f81090 code [0x000001d498f812e0, 0x000001d498f81bb8]
Event: 2.702 Thread 0x000001d4af058f50 2303       1       java.lang.reflect.Constructor::getSharedParameterTypes (5 bytes)
Event: 2.702 Thread 0x000001d4af058f50 nmethod 2303 0x000001d4a06da790 code [0x000001d4a06da920, 0x000001d4a06da9f8]
Event: 2.702 Thread 0x000001d4af058f50 2304       1       jdk.internal.reflect.NativeConstructorAccessorImpl::setParent (6 bytes)
Event: 2.703 Thread 0x000001d4af058f50 nmethod 2304 0x000001d4a06daa90 code [0x000001d4a06dac20, 0x000001d4a06dacf8]
Event: 2.749 Thread 0x000001d4af058f50 2305       3       org.lombokweb.asm.SymbolTable::addConstantIntegerOrFloat (21 bytes)
Event: 2.750 Thread 0x000001d4af058f50 nmethod 2305 0x000001d498f81e90 code [0x000001d498f82040, 0x000001d498f82298]
Event: 2.750 Thread 0x000001d4af058f50 2306       3       org.lombokweb.asm.SymbolTable::addConstantIntegerOrFloat (100 bytes)
Event: 2.750 Thread 0x000001d4af058f50 nmethod 2306 0x000001d498f82410 code [0x000001d498f82620, 0x000001d498f82b78]
Event: 2.750 Thread 0x000001d4af058f50 2307       3       lombok.patcher.scripts.AddFieldScript$1::visitField (35 bytes)
Event: 2.750 Thread 0x000001d4af058f50 nmethod 2307 0x000001d498f82e10 code [0x000001d498f82fc0, 0x000001d498f83238]
Event: 2.750 Thread 0x000001d4af058f50 2308       3       java.lang.Enum::hashCode (5 bytes)
Event: 2.751 Thread 0x000001d4af058f50 nmethod 2308 0x000001d498f83390 code [0x000001d498f83520, 0x000001d498f83668]
Event: 2.751 Thread 0x000001d4af058f50 2309 %     3       org.lombokweb.asm.ClassReader::<init> @ 110 (371 bytes)
Event: 2.752 Thread 0x000001d4af058f50 nmethod 2309% 0x000001d498f83710 code [0x000001d498f83a00, 0x000001d498f84d58]
Event: 2.752 Thread 0x000001d4af058f50 2311       3       lombok.patcher.Hook::toSpec (95 bytes)
Event: 2.754 Thread 0x000001d4af058f50 nmethod 2311 0x000001d498f85310 code [0x000001d498f85660, 0x000001d498f86798]
Event: 2.754 Thread 0x000001d4af058f50 2310       3       java.util.regex.Pattern$GroupTail::match (111 bytes)
Event: 2.754 Thread 0x000001d4af058f50 nmethod 2310 0x000001d498f86d90 code [0x000001d498f86f60, 0x000001d498f87308]

GC Heap History (12 events):
Event: 1.348 GC heap before
{Heap before GC invocations=1 (full 0):
 PSYoungGen      total 29696K, used 25600K [0x00000000eab00000, 0x00000000ecc00000, 0x0000000100000000)
  eden space 25600K, 100% used [0x00000000eab00000,0x00000000ec400000,0x00000000ec400000)
  from space 4096K, 0% used [0x00000000ec800000,0x00000000ec800000,0x00000000ecc00000)
  to   space 4096K, 0% used [0x00000000ec400000,0x00000000ec400000,0x00000000ec800000)
 ParOldGen       total 68608K, used 0K [0x00000000c0000000, 0x00000000c4300000, 0x00000000eab00000)
  object space 68608K, 0% used [0x00000000c0000000,0x00000000c0000000,0x00000000c4300000)
 Metaspace       used 11005K, committed 11200K, reserved 1114112K
  class space    used 1098K, committed 1216K, reserved 1048576K
}
Event: 1.355 GC heap after
{Heap after GC invocations=1 (full 0):
 PSYoungGen      total 29696K, used 3166K [0x00000000eab00000, 0x00000000ecc00000, 0x0000000100000000)
  eden space 25600K, 0% used [0x00000000eab00000,0x00000000eab00000,0x00000000ec400000)
  from space 4096K, 77% used [0x00000000ec400000,0x00000000ec717b98,0x00000000ec800000)
  to   space 4096K, 0% used [0x00000000ec800000,0x00000000ec800000,0x00000000ecc00000)
 ParOldGen       total 68608K, used 16K [0x00000000c0000000, 0x00000000c4300000, 0x00000000eab00000)
  object space 68608K, 0% used [0x00000000c0000000,0x00000000c0004000,0x00000000c4300000)
 Metaspace       used 11005K, committed 11200K, reserved 1114112K
  class space    used 1098K, committed 1216K, reserved 1048576K
}
Event: 1.880 GC heap before
{Heap before GC invocations=2 (full 0):
 PSYoungGen      total 29696K, used 28766K [0x00000000eab00000, 0x00000000ecc00000, 0x0000000100000000)
  eden space 25600K, 100% used [0x00000000eab00000,0x00000000ec400000,0x00000000ec400000)
  from space 4096K, 77% used [0x00000000ec400000,0x00000000ec717b98,0x00000000ec800000)
  to   space 4096K, 0% used [0x00000000ec800000,0x00000000ec800000,0x00000000ecc00000)
 ParOldGen       total 68608K, used 16K [0x00000000c0000000, 0x00000000c4300000, 0x00000000eab00000)
  object space 68608K, 0% used [0x00000000c0000000,0x00000000c0004000,0x00000000c4300000)
 Metaspace       used 15090K, committed 15360K, reserved 1114112K
  class space    used 1534K, committed 1664K, reserved 1048576K
}
Event: 1.887 GC heap after
{Heap after GC invocations=2 (full 0):
 PSYoungGen      total 29696K, used 4090K [0x00000000eab00000, 0x00000000ecc00000, 0x0000000100000000)
  eden space 25600K, 0% used [0x00000000eab00000,0x00000000eab00000,0x00000000ec400000)
  from space 4096K, 99% used [0x00000000ec800000,0x00000000ecbfe980,0x00000000ecc00000)
  to   space 4096K, 0% used [0x00000000ec400000,0x00000000ec400000,0x00000000ec800000)
 ParOldGen       total 68608K, used 758K [0x00000000c0000000, 0x00000000c4300000, 0x00000000eab00000)
  object space 68608K, 1% used [0x00000000c0000000,0x00000000c00bdb08,0x00000000c4300000)
 Metaspace       used 15090K, committed 15360K, reserved 1114112K
  class space    used 1534K, committed 1664K, reserved 1048576K
}
Event: 2.372 GC heap before
{Heap before GC invocations=3 (full 0):
 PSYoungGen      total 29696K, used 29690K [0x00000000eab00000, 0x00000000ecc00000, 0x0000000100000000)
  eden space 25600K, 100% used [0x00000000eab00000,0x00000000ec400000,0x00000000ec400000)
  from space 4096K, 99% used [0x00000000ec800000,0x00000000ecbfe980,0x00000000ecc00000)
  to   space 4096K, 0% used [0x00000000ec400000,0x00000000ec400000,0x00000000ec800000)
 ParOldGen       total 68608K, used 758K [0x00000000c0000000, 0x00000000c4300000, 0x00000000eab00000)
  object space 68608K, 1% used [0x00000000c0000000,0x00000000c00bdb08,0x00000000c4300000)
 Metaspace       used 20064K, committed 20480K, reserved 1114112K
  class space    used 2049K, committed 2240K, reserved 1048576K
}
Event: 2.376 GC heap after
{Heap after GC invocations=3 (full 0):
 PSYoungGen      total 29696K, used 4064K [0x00000000eab00000, 0x00000000ecc00000, 0x0000000100000000)
  eden space 25600K, 0% used [0x00000000eab00000,0x00000000eab00000,0x00000000ec400000)
  from space 4096K, 99% used [0x00000000ec400000,0x00000000ec7f8200,0x00000000ec800000)
  to   space 4096K, 0% used [0x00000000ec800000,0x00000000ec800000,0x00000000ecc00000)
 ParOldGen       total 68608K, used 2559K [0x00000000c0000000, 0x00000000c4300000, 0x00000000eab00000)
  object space 68608K, 3% used [0x00000000c0000000,0x00000000c027fdb0,0x00000000c4300000)
 Metaspace       used 20064K, committed 20480K, reserved 1114112K
  class space    used 2049K, committed 2240K, reserved 1048576K
}
Event: 2.508 GC heap before
{Heap before GC invocations=4 (full 0):
 PSYoungGen      total 29696K, used 10525K [0x00000000eab00000, 0x00000000ecc00000, 0x0000000100000000)
  eden space 25600K, 25% used [0x00000000eab00000,0x00000000eb14f330,0x00000000ec400000)
  from space 4096K, 99% used [0x00000000ec400000,0x00000000ec7f8200,0x00000000ec800000)
  to   space 4096K, 0% used [0x00000000ec800000,0x00000000ec800000,0x00000000ecc00000)
 ParOldGen       total 68608K, used 2559K [0x00000000c0000000, 0x00000000c4300000, 0x00000000eab00000)
  object space 68608K, 3% used [0x00000000c0000000,0x00000000c027fdb0,0x00000000c4300000)
 Metaspace       used 21038K, committed 21504K, reserved 1114112K
  class space    used 2161K, committed 2368K, reserved 1048576K
}
Event: 2.511 GC heap after
{Heap after GC invocations=4 (full 0):
 PSYoungGen      total 29696K, used 4079K [0x00000000eab00000, 0x00000000ecc00000, 0x0000000100000000)
  eden space 25600K, 0% used [0x00000000eab00000,0x00000000eab00000,0x00000000ec400000)
  from space 4096K, 99% used [0x00000000ec800000,0x00000000ecbfbec0,0x00000000ecc00000)
  to   space 4096K, 0% used [0x00000000ec400000,0x00000000ec400000,0x00000000ec800000)
 ParOldGen       total 68608K, used 2827K [0x00000000c0000000, 0x00000000c4300000, 0x00000000eab00000)
  object space 68608K, 4% used [0x00000000c0000000,0x00000000c02c2e80,0x00000000c4300000)
 Metaspace       used 21038K, committed 21504K, reserved 1114112K
  class space    used 2161K, committed 2368K, reserved 1048576K
}
Event: 2.511 GC heap before
{Heap before GC invocations=5 (full 1):
 PSYoungGen      total 29696K, used 4079K [0x00000000eab00000, 0x00000000ecc00000, 0x0000000100000000)
  eden space 25600K, 0% used [0x00000000eab00000,0x00000000eab00000,0x00000000ec400000)
  from space 4096K, 99% used [0x00000000ec800000,0x00000000ecbfbec0,0x00000000ecc00000)
  to   space 4096K, 0% used [0x00000000ec400000,0x00000000ec400000,0x00000000ec800000)
 ParOldGen       total 68608K, used 2827K [0x00000000c0000000, 0x00000000c4300000, 0x00000000eab00000)
  object space 68608K, 4% used [0x00000000c0000000,0x00000000c02c2e80,0x00000000c4300000)
 Metaspace       used 21038K, committed 21504K, reserved 1114112K
  class space    used 2161K, committed 2368K, reserved 1048576K
}
Event: 2.531 GC heap after
{Heap after GC invocations=5 (full 1):
 PSYoungGen      total 29696K, used 0K [0x00000000eab00000, 0x00000000ecc00000, 0x0000000100000000)
  eden space 25600K, 0% used [0x00000000eab00000,0x00000000eab00000,0x00000000ec400000)
  from space 4096K, 0% used [0x00000000ec800000,0x00000000ec800000,0x00000000ecc00000)
  to   space 4096K, 0% used [0x00000000ec400000,0x00000000ec400000,0x00000000ec800000)
 ParOldGen       total 68608K, used 6622K [0x00000000c0000000, 0x00000000c4300000, 0x00000000eab00000)
  object space 68608K, 9% used [0x00000000c0000000,0x00000000c0677a40,0x00000000c4300000)
 Metaspace       used 21025K, committed 21504K, reserved 1114112K
  class space    used 2157K, committed 2368K, reserved 1048576K
}
Event: 2.696 GC heap before
{Heap before GC invocations=6 (full 1):
 PSYoungGen      total 29696K, used 25600K [0x00000000eab00000, 0x00000000ecc00000, 0x0000000100000000)
  eden space 25600K, 100% used [0x00000000eab00000,0x00000000ec400000,0x00000000ec400000)
  from space 4096K, 0% used [0x00000000ec800000,0x00000000ec800000,0x00000000ecc00000)
  to   space 4096K, 0% used [0x00000000ec400000,0x00000000ec400000,0x00000000ec800000)
 ParOldGen       total 68608K, used 6622K [0x00000000c0000000, 0x00000000c4300000, 0x00000000eab00000)
  object space 68608K, 9% used [0x00000000c0000000,0x00000000c0677a40,0x00000000c4300000)
 Metaspace       used 24072K, committed 24576K, reserved 1114112K
  class space    used 2365K, committed 2560K, reserved 1048576K
}
Event: 2.698 GC heap after
{Heap after GC invocations=6 (full 1):
 PSYoungGen      total 26112K, used 685K [0x00000000eab00000, 0x00000000ec880000, 0x0000000100000000)
  eden space 25088K, 0% used [0x00000000eab00000,0x00000000eab00000,0x00000000ec380000)
  from space 1024K, 66% used [0x00000000ec400000,0x00000000ec4ab4e0,0x00000000ec500000)
  to   space 2560K, 0% used [0x00000000ec600000,0x00000000ec600000,0x00000000ec880000)
 ParOldGen       total 68608K, used 6622K [0x00000000c0000000, 0x00000000c4300000, 0x00000000eab00000)
  object space 68608K, 9% used [0x00000000c0000000,0x00000000c0677a40,0x00000000c4300000)
 Metaspace       used 24072K, committed 24576K, reserved 1114112K
  class space    used 2365K, committed 2560K, reserved 1048576K
}

Dll operation events (9 events):
Event: 0.015 Loaded shared library c:\Users\Nacho\.vscode\extensions\redhat.java-1.28.1-win32-x64\jre\17.0.10-win32-x86_64\bin\java.dll
Event: 0.281 Loaded shared library c:\Users\Nacho\.vscode\extensions\redhat.java-1.28.1-win32-x64\jre\17.0.10-win32-x86_64\bin\zip.dll
Event: 0.286 Loaded shared library C:\Users\Nacho\.vscode\extensions\redhat.java-1.28.1-win32-x64\jre\17.0.10-win32-x86_64\bin\instrument.dll
Event: 0.305 Loaded shared library C:\Users\Nacho\.vscode\extensions\redhat.java-1.28.1-win32-x64\jre\17.0.10-win32-x86_64\bin\net.dll
Event: 0.307 Loaded shared library C:\Users\Nacho\.vscode\extensions\redhat.java-1.28.1-win32-x64\jre\17.0.10-win32-x86_64\bin\nio.dll
Event: 0.316 Loaded shared library C:\Users\Nacho\.vscode\extensions\redhat.java-1.28.1-win32-x64\jre\17.0.10-win32-x86_64\bin\zip.dll
Event: 0.334 Loaded shared library C:\Users\Nacho\.vscode\extensions\redhat.java-1.28.1-win32-x64\jre\17.0.10-win32-x86_64\bin\jimage.dll
Event: 0.437 Loaded shared library c:\Users\Nacho\.vscode\extensions\redhat.java-1.28.1-win32-x64\jre\17.0.10-win32-x86_64\bin\verify.dll
Event: 1.779 Loaded shared library C:\Users\Nacho\AppData\Roaming\Code\User\globalStorage\redhat.java\1.28.1\config_ss_win\org.eclipse.equinox.launcher\org.eclipse.equinox.launcher.win32.win32.x86_64_1.2.900.v20240129-1338\eclipse_11900.dll

Deoptimization events (20 events):
Event: 2.185 Thread 0x000001d4b08b1e10 Uncommon trap: trap_request=0xffffffc6 fr.pc=0x000001d4a06a71b0 relative=0x0000000000000df0
Event: 2.185 Thread 0x000001d4b08b1e10 Uncommon trap: reason=bimorphic_or_optimized_type_check action=maybe_recompile pc=0x000001d4a06a71b0 method=java.io.DataInputStream.readInt()I @ 6 c2
Event: 2.185 Thread 0x000001d4b08b1e10 DEOPT PACKING pc=0x000001d4a06a71b0 sp=0x0000001e2a4f8870
Event: 2.185 Thread 0x000001d4b08b1e10 DEOPT UNPACKING pc=0x000001d4a00a66a3 sp=0x0000001e2a4f8828 mode 2
Event: 2.256 Thread 0x000001d4b08b1e10 Uncommon trap: trap_request=0xffffff45 fr.pc=0x000001d4a06285a4 relative=0x0000000000000e84
Event: 2.256 Thread 0x000001d4b08b1e10 Uncommon trap: reason=unstable_if action=reinterpret pc=0x000001d4a06285a4 method=lombok.patcher.PatchScript.classMatches(Ljava/lang/String;Ljava/util/Collection;)Z @ 25 c2
Event: 2.256 Thread 0x000001d4b08b1e10 DEOPT PACKING pc=0x000001d4a06285a4 sp=0x0000001e2a4f6e40
Event: 2.256 Thread 0x000001d4b08b1e10 DEOPT UNPACKING pc=0x000001d4a00a66a3 sp=0x0000001e2a4f6e00 mode 2
Event: 2.315 Thread 0x000001d4b08b1e10 Uncommon trap: trap_request=0xffffff45 fr.pc=0x000001d4a06b8cf0 relative=0x0000000000001050
Event: 2.315 Thread 0x000001d4b08b1e10 Uncommon trap: reason=unstable_if action=reinterpret pc=0x000001d4a06b8cf0 method=java.util.Properties.loadConvert([CIILjava/lang/StringBuilder;)Ljava/lang/String; @ 491 c2
Event: 2.315 Thread 0x000001d4b08b1e10 DEOPT PACKING pc=0x000001d4a06b8cf0 sp=0x0000001e2a4f7b60
Event: 2.315 Thread 0x000001d4b08b1e10 DEOPT UNPACKING pc=0x000001d4a00a66a3 sp=0x0000001e2a4f7b40 mode 2
Event: 2.387 Thread 0x000001d4b08b1e10 Uncommon trap: trap_request=0xffffff45 fr.pc=0x000001d4a06bbf6c relative=0x00000000000001cc
Event: 2.387 Thread 0x000001d4b08b1e10 Uncommon trap: reason=unstable_if action=reinterpret pc=0x000001d4a06bbf6c method=java.net.URI$Parser.scan(IIJJ)I @ 42 c2
Event: 2.387 Thread 0x000001d4b08b1e10 DEOPT PACKING pc=0x000001d4a06bbf6c sp=0x0000001e2a4f9390
Event: 2.387 Thread 0x000001d4b08b1e10 DEOPT UNPACKING pc=0x000001d4a00a66a3 sp=0x0000001e2a4f9310 mode 2
Event: 2.410 Thread 0x000001d4b08b1e10 Uncommon trap: trap_request=0xffffff45 fr.pc=0x000001d4a06848c0 relative=0x0000000000000040
Event: 2.410 Thread 0x000001d4b08b1e10 Uncommon trap: reason=unstable_if action=reinterpret pc=0x000001d4a06848c0 method=sun.nio.fs.WindowsPathParser.isSlash(C)Z @ 9 c2
Event: 2.410 Thread 0x000001d4b08b1e10 DEOPT PACKING pc=0x000001d4a06848c0 sp=0x0000001e2a4f91d0
Event: 2.410 Thread 0x000001d4b08b1e10 DEOPT UNPACKING pc=0x000001d4a00a66a3 sp=0x0000001e2a4f9158 mode 2

Classes unloaded (7 events):
Event: 2.515 Thread 0x000001d4af011020 Unloading class 0x000000010021a400 'java/lang/invoke/LambdaForm$MH+0x000000010021a400'
Event: 2.515 Thread 0x000001d4af011020 Unloading class 0x000000010021a000 'java/lang/invoke/LambdaForm$MH+0x000000010021a000'
Event: 2.515 Thread 0x000001d4af011020 Unloading class 0x0000000100219c00 'java/lang/invoke/LambdaForm$MH+0x0000000100219c00'
Event: 2.515 Thread 0x000001d4af011020 Unloading class 0x0000000100219800 'java/lang/invoke/LambdaForm$MH+0x0000000100219800'
Event: 2.515 Thread 0x000001d4af011020 Unloading class 0x0000000100219400 'java/lang/invoke/LambdaForm$BMH+0x0000000100219400'
Event: 2.515 Thread 0x000001d4af011020 Unloading class 0x0000000100219000 'java/lang/invoke/LambdaForm$DMH+0x0000000100219000'
Event: 2.515 Thread 0x000001d4af011020 Unloading class 0x0000000100214400 'java/lang/invoke/LambdaForm$DMH+0x0000000100214400'

Classes redefined (0 events):
No events

Internal exceptions (20 events):
Event: 2.273 Thread 0x000001d4b08b1e10 Exception <a 'java/lang/NoSuchMethodError'{0x00000000ebeccb68}: 'int java.lang.invoke.DirectMethodHandle$Holder.invokeStatic(java.lang.Object, java.lang.Object, int)'> (0x00000000ebeccb68) 
thrown [s\src\hotspot\share\interpreter\linkResolver.cpp, line 759]
Event: 2.273 Thread 0x000001d4b08b1e10 Exception <a 'java/lang/NoSuchMethodError'{0x00000000ebed0b90}: 'int java.lang.invoke.DirectMethodHandle$Holder.invokeSpecial(java.lang.Object, java.lang.Object, java.lang.Object, int)'> (0x00000000ebed0b90) 
thrown [s\src\hotspot\share\interpreter\linkResolver.cpp, line 759]
Event: 2.275 Thread 0x000001d4b08b1e10 Exception <a 'java/lang/NoSuchMethodError'{0x00000000ebeecb80}: 'java.lang.Object java.lang.invoke.DirectMethodHandle$Holder.invokeStatic(java.lang.Object, java.lang.Object, java.lang.Object, java.lang.Object, int)'> (0x00000000ebeecb80) 
thrown [s\src\hotspot\share\interpreter\linkResolver.cpp, line 759]
Event: 2.275 Thread 0x000001d4b08b1e10 Exception <a 'java/lang/NoSuchMethodError'{0x00000000ebef8b78}: 'java.lang.Object java.lang.invoke.DelegatingMethodHandle$Holder.reinvoke_L(java.lang.Object, java.lang.Object, java.lang.Object, java.lang.Object, int, int)'> (0x00000000ebef8b78) 
thrown [s\src\hotspot\share\interpreter\linkResolver.cpp, line 759]
Event: 2.277 Thread 0x000001d4b08b1e10 Exception <a 'java/lang/NoSuchMethodError'{0x00000000ebf0cf98}: 'java.lang.Object java.lang.invoke.Invokers$Holder.invokeExact_MT(java.lang.Object, java.lang.Object, java.lang.Object, java.lang.Object)'> (0x00000000ebf0cf98) 
thrown [s\src\hotspot\share\interpreter\linkResolver.cpp, line 759]
Event: 2.325 Thread 0x000001d4b08b1e10 Exception <a 'java/io/FileNotFoundException'{0x00000000ec191a00}> (0x00000000ec191a00) 
thrown [s\src\hotspot\share\prims\jni.cpp, line 516]
Event: 2.325 Thread 0x000001d4b08b1e10 Exception <a 'java/io/FileNotFoundException'{0x00000000ec198be0}> (0x00000000ec198be0) 
thrown [s\src\hotspot\share\prims\jni.cpp, line 516]
Event: 2.381 Thread 0x000001d4b08b1e10 Exception <a 'java/lang/NoSuchMethodError'{0x00000000eab2a9d8}: 'java.lang.Object java.lang.invoke.DirectMethodHandle$Holder.newInvokeSpecial(java.lang.Object, java.lang.Object, java.lang.Object, java.lang.Object, java.lang.Object)'> (0x00000000eab2a9d8) 
thrown [s\src\hotspot\share\interpreter\linkResolver.cpp, line 759]
Event: 2.480 Thread 0x000001d4b08b1e10 Exception <a 'java/lang/NoSuchMethodError'{0x00000000eaf0ba70}: 'java.lang.Object java.lang.invoke.DirectMethodHandle$Holder.invokeSpecial(java.lang.Object, java.lang.Object, java.lang.Object, long, java.lang.Object)'> (0x00000000eaf0ba70) 
thrown [s\src\hotspot\share\interpreter\linkResolver.cpp, line 759]
Event: 2.481 Thread 0x000001d4b08b1e10 Exception <a 'java/lang/NoSuchMethodError'{0x00000000eaf13c28}: 'java.lang.Object java.lang.invoke.DirectMethodHandle$Holder.newInvokeSpecial(java.lang.Object, java.lang.Object, java.lang.Object, long)'> (0x00000000eaf13c28) 
thrown [s\src\hotspot\share\interpreter\linkResolver.cpp, line 759]
Event: 2.481 Thread 0x000001d4b08b1e10 Exception <a 'java/lang/NoSuchMethodError'{0x00000000eaf181c8}: 'java.lang.Object java.lang.invoke.DirectMethodHandle$Holder.invokeSpecial(java.lang.Object, java.lang.Object, java.lang.Object, java.lang.Object, long)'> (0x00000000eaf181c8) 
thrown [s\src\hotspot\share\interpreter\linkResolver.cpp, line 759]
Event: 2.481 Thread 0x000001d4b08b1e10 Exception <a 'java/lang/NoSuchMethodError'{0x00000000eaf1c040}: 'java.lang.Object java.lang.invoke.Invokers$Holder.linkToTargetMethod(java.lang.Object, java.lang.Object, long, java.lang.Object)'> (0x00000000eaf1c040) 
thrown [s\src\hotspot\share\interpreter\linkResolver.cpp, line 759]
Event: 2.489 Thread 0x000001d4b08b1e10 Exception <a 'java/lang/NoSuchMethodError'{0x00000000eaf99d48}: 'int java.lang.invoke.DirectMethodHandle$Holder.invokeStaticInit(java.lang.Object, java.lang.Object, java.lang.Object)'> (0x00000000eaf99d48) 
thrown [s\src\hotspot\share\interpreter\linkResolver.cpp, line 759]
Event: 2.494 Thread 0x000001d4b08b1e10 Exception <a 'java/lang/IncompatibleClassChangeError'{0x00000000eb0053e0}: Found class java.lang.Object, but interface was expected> (0x00000000eb0053e0) 
thrown [s\src\hotspot\share\interpreter\linkResolver.cpp, line 826]
Event: 2.498 Thread 0x000001d4b08b1e10 Exception <a 'java/lang/NoSuchMethodError'{0x00000000eb018cf0}: 'java.lang.Object java.lang.invoke.DirectMethodHandle$Holder.invokeSpecial(java.lang.Object, java.lang.Object, java.lang.Object, int, java.lang.Object, java.lang.Object)'> (0x00000000eb018cf0) 
thrown [s\src\hotspot\share\interpreter\linkResolver.cpp, line 759]
Event: 2.498 Thread 0x000001d4b08b1e10 Exception <a 'java/lang/NoSuchMethodError'{0x00000000eb021478}: 'java.lang.Object java.lang.invoke.DirectMethodHandle$Holder.newInvokeSpecial(java.lang.Object, java.lang.Object, java.lang.Object, int, java.lang.Object)'> (0x00000000eb021478) 
thrown [s\src\hotspot\share\interpreter\linkResolver.cpp, line 759]
Event: 2.499 Thread 0x000001d4b08b1e10 Exception <a 'java/lang/NoSuchMethodError'{0x00000000eb0258d0}: 'java.lang.Object java.lang.invoke.DirectMethodHandle$Holder.invokeSpecial(java.lang.Object, java.lang.Object, java.lang.Object, java.lang.Object, int, java.lang.Object)'> (0x00000000eb0258d0) 
thrown [s\src\hotspot\share\interpreter\linkResolver.cpp, line 759]
Event: 2.500 Thread 0x000001d4b0b624c0 Exception <a 'java/lang/NoSuchMethodError'{0x00000000eaf49aa8}: 'java.lang.Object java.lang.invoke.DirectMethodHandle$Holder.invokeSpecial(java.lang.Object, java.lang.Object, int, java.lang.Object, java.lang.Object)'> (0x00000000eaf49aa8) 
thrown [s\src\hotspot\share\interpreter\linkResolver.cpp, line 759]
Event: 2.501 Thread 0x000001d4b0b624c0 Exception <a 'java/lang/NoSuchMethodError'{0x00000000eaf541c8}: 'java.lang.Object java.lang.invoke.DirectMethodHandle$Holder.newInvokeSpecial(java.lang.Object, java.lang.Object, int, java.lang.Object)'> (0x00000000eaf541c8) 
thrown [s\src\hotspot\share\interpreter\linkResolver.cpp, line 759]
Event: 2.501 Thread 0x000001d4b0b624c0 Exception <a 'java/lang/NoSuchMethodError'{0x00000000eaf57cd8}: 'java.lang.Object java.lang.invoke.DirectMethodHandle$Holder.invokeSpecial(java.lang.Object, java.lang.Object, java.lang.Object, int, java.lang.Object)'> (0x00000000eaf57cd8) 
thrown [s\src\hotspot\share\interpreter\linkResolver.cpp, line 759]

VM Operations (20 events):
Event: 1.626 Executing VM operation: HandshakeAllThreads
Event: 1.626 Executing VM operation: HandshakeAllThreads done
Event: 1.640 Executing VM operation: HandshakeAllThreads
Event: 1.640 Executing VM operation: HandshakeAllThreads done
Event: 1.843 Executing VM operation: HandshakeAllThreads
Event: 1.843 Executing VM operation: HandshakeAllThreads done
Event: 1.880 Executing VM operation: ParallelGCFailedAllocation
Event: 1.887 Executing VM operation: ParallelGCFailedAllocation done
Event: 2.185 Executing VM operation: HandshakeAllThreads
Event: 2.185 Executing VM operation: HandshakeAllThreads done
Event: 2.269 Executing VM operation: HandshakeAllThreads
Event: 2.269 Executing VM operation: HandshakeAllThreads done
Event: 2.372 Executing VM operation: ParallelGCFailedAllocation
Event: 2.376 Executing VM operation: ParallelGCFailedAllocation done
Event: 2.508 Executing VM operation: CollectForMetadataAllocation
Event: 2.531 Executing VM operation: CollectForMetadataAllocation done
Event: 2.531 Executing VM operation: HandshakeAllThreads
Event: 2.531 Executing VM operation: HandshakeAllThreads done
Event: 2.696 Executing VM operation: ParallelGCFailedAllocation
Event: 2.698 Executing VM operation: ParallelGCFailedAllocation done

Events (20 events):
Event: 2.574 loading class java/io/StringReader
Event: 2.574 loading class java/io/StringReader done
Event: 2.576 loading class java/util/zip/GZIPInputStream
Event: 2.576 loading class java/util/zip/GZIPInputStream done
Event: 2.579 loading class java/net/SocketTimeoutException
Event: 2.579 loading class java/io/InterruptedIOException
Event: 2.579 loading class java/io/InterruptedIOException done
Event: 2.579 loading class java/net/SocketTimeoutException done
Event: 2.579 loading class java/net/SocketException
Event: 2.579 loading class java/net/SocketException done
Event: 2.579 loading class java/net/UnknownHostException
Event: 2.579 loading class java/net/UnknownHostException done
Event: 2.579 loading class java/net/ProtocolException
Event: 2.579 loading class java/net/ProtocolException done
Event: 2.590 loading class java/lang/ThreadLocal$SuppliedThreadLocal
Event: 2.590 loading class java/lang/ThreadLocal$SuppliedThreadLocal done
Event: 2.640 loading class java/io/FileWriter
Event: 2.640 loading class java/io/FileWriter done
Event: 2.640 loading class java/lang/NegativeArraySizeException
Event: 2.640 loading class java/lang/NegativeArraySizeException done


Dynamic libraries:
0x00007ff6805a0000 - 0x00007ff6805ae000 	c:\Users\Nacho\.vscode\extensions\redhat.java-1.28.1-win32-x64\jre\17.0.10-win32-x86_64\bin\java.exe
0x00007fffd78d0000 - 0x00007fffd7ac8000 	C:\WINDOWS\SYSTEM32\ntdll.dll
0x00007fffd6ef0000 - 0x00007fffd6fad000 	C:\WINDOWS\System32\KERNEL32.DLL
0x00007fffd52d0000 - 0x00007fffd55c6000 	C:\WINDOWS\System32\KERNELBASE.dll
0x00007fffd56b0000 - 0x00007fffd57b0000 	C:\WINDOWS\System32\ucrtbase.dll
0x00007fff826c0000 - 0x00007fff826d7000 	c:\Users\Nacho\.vscode\extensions\redhat.java-1.28.1-win32-x64\jre\17.0.10-win32-x86_64\bin\jli.dll
0x00007fffd6540000 - 0x00007fffd66de000 	C:\WINDOWS\System32\USER32.dll
0x00007fffd5680000 - 0x00007fffd56a2000 	C:\WINDOWS\System32\win32u.dll
0x00007fffd6a30000 - 0x00007fffd6a5b000 	C:\WINDOWS\System32\GDI32.dll
0x00007fffd50f0000 - 0x00007fffd5207000 	C:\WINDOWS\System32\gdi32full.dll
0x00007fffd5870000 - 0x00007fffd590d000 	C:\WINDOWS\System32\msvcp_win.dll
0x00007fff826e0000 - 0x00007fff826fb000 	c:\Users\Nacho\.vscode\extensions\redhat.java-1.28.1-win32-x64\jre\17.0.10-win32-x86_64\bin\VCRUNTIME140.dll
0x00007fffbb820000 - 0x00007fffbbaba000 	C:\WINDOWS\WinSxS\amd64_microsoft.windows.common-controls_6595b64144ccf1df_6.0.19041.3636_none_60b6a03d71f818d5\COMCTL32.dll
0x00007fffd6220000 - 0x00007fffd62be000 	C:\WINDOWS\System32\msvcrt.dll
0x00007fffd5910000 - 0x00007fffd5942000 	C:\WINDOWS\System32\IMM32.DLL
0x00007fff99930000 - 0x00007fff9993c000 	c:\Users\Nacho\.vscode\extensions\redhat.java-1.28.1-win32-x64\jre\17.0.10-win32-x86_64\bin\vcruntime140_1.dll
0x00007fff82630000 - 0x00007fff826bd000 	c:\Users\Nacho\.vscode\extensions\redhat.java-1.28.1-win32-x64\jre\17.0.10-win32-x86_64\bin\msvcp140.dll
0x00007fff819c0000 - 0x00007fff82622000 	c:\Users\Nacho\.vscode\extensions\redhat.java-1.28.1-win32-x64\jre\17.0.10-win32-x86_64\bin\server\jvm.dll
0x00007fffd68c0000 - 0x00007fffd6973000 	C:\WINDOWS\System32\ADVAPI32.dll
0x00007fffd60a0000 - 0x00007fffd613f000 	C:\WINDOWS\System32\sechost.dll
0x00007fffd6790000 - 0x00007fffd68b6000 	C:\WINDOWS\System32\RPCRT4.dll
0x00007fffd5840000 - 0x00007fffd5867000 	C:\WINDOWS\System32\bcrypt.dll
0x00007fffd4530000 - 0x00007fffd457b000 	C:\WINDOWS\SYSTEM32\POWRPROF.dll
0x00007fff99280000 - 0x00007fff99289000 	C:\WINDOWS\SYSTEM32\WSOCK32.dll
0x00007fffd7660000 - 0x00007fffd76cb000 	C:\WINDOWS\System32\WS2_32.dll
0x00007fffcd0a0000 - 0x00007fffcd0aa000 	C:\WINDOWS\SYSTEM32\VERSION.dll
0x00007fffc4290000 - 0x00007fffc42b7000 	C:\WINDOWS\SYSTEM32\WINMM.dll
0x00007fffd43a0000 - 0x00007fffd43b2000 	C:\WINDOWS\SYSTEM32\UMPDC.dll
0x00007fffd2e40000 - 0x00007fffd2e52000 	C:\WINDOWS\SYSTEM32\kernel.appcore.dll
0x00007fff981f0000 - 0x00007fff981fa000 	c:\Users\Nacho\.vscode\extensions\redhat.java-1.28.1-win32-x64\jre\17.0.10-win32-x86_64\bin\jimage.dll
0x00007fffd1620000 - 0x00007fffd1804000 	C:\WINDOWS\SYSTEM32\DBGHELP.DLL
0x00007fffb41b0000 - 0x00007fffb41e4000 	C:\WINDOWS\SYSTEM32\dbgcore.DLL
0x00007fffd57b0000 - 0x00007fffd5832000 	C:\WINDOWS\System32\bcryptPrimitives.dll
0x00007fff97e50000 - 0x00007fff97e5e000 	c:\Users\Nacho\.vscode\extensions\redhat.java-1.28.1-win32-x64\jre\17.0.10-win32-x86_64\bin\instrument.dll
0x00007fff81990000 - 0x00007fff819b5000 	c:\Users\Nacho\.vscode\extensions\redhat.java-1.28.1-win32-x64\jre\17.0.10-win32-x86_64\bin\java.dll
0x00007fff81970000 - 0x00007fff81988000 	c:\Users\Nacho\.vscode\extensions\redhat.java-1.28.1-win32-x64\jre\17.0.10-win32-x86_64\bin\zip.dll
0x00007fffd5950000 - 0x00007fffd6095000 	C:\WINDOWS\System32\SHELL32.dll
0x00007fffd3040000 - 0x00007fffd37dc000 	C:\WINDOWS\SYSTEM32\windows.storage.dll
0x00007fffd7070000 - 0x00007fffd73c4000 	C:\WINDOWS\System32\combase.dll
0x00007fffd49c0000 - 0x00007fffd49ee000 	C:\WINDOWS\SYSTEM32\Wldp.dll
0x00007fffd62c0000 - 0x00007fffd638d000 	C:\WINDOWS\System32\OLEAUT32.dll
0x00007fffd66e0000 - 0x00007fffd678d000 	C:\WINDOWS\System32\SHCORE.dll
0x00007fffd73d0000 - 0x00007fffd7425000 	C:\WINDOWS\System32\shlwapi.dll
0x00007fffd4ec0000 - 0x00007fffd4ee5000 	C:\WINDOWS\SYSTEM32\profapi.dll
0x00007fff81950000 - 0x00007fff81969000 	C:\Users\Nacho\.vscode\extensions\redhat.java-1.28.1-win32-x64\jre\17.0.10-win32-x86_64\bin\net.dll
0x00007fffccbd0000 - 0x00007fffcccda000 	C:\WINDOWS\SYSTEM32\WINHTTP.dll
0x00007fffd4720000 - 0x00007fffd478a000 	C:\WINDOWS\system32\mswsock.dll
0x00007fff81930000 - 0x00007fff81946000 	C:\Users\Nacho\.vscode\extensions\redhat.java-1.28.1-win32-x64\jre\17.0.10-win32-x86_64\bin\nio.dll
0x00007fff96220000 - 0x00007fff96230000 	c:\Users\Nacho\.vscode\extensions\redhat.java-1.28.1-win32-x64\jre\17.0.10-win32-x86_64\bin\verify.dll
0x00007fffd0250000 - 0x00007fffd028e000 	C:\Users\Nacho\AppData\Roaming\Code\User\globalStorage\redhat.java\1.28.1\config_ss_win\org.eclipse.equinox.launcher\org.eclipse.equinox.launcher.win32.win32.x86_64_1.2.900.v20240129-1338\eclipse_11900.dll
0x00007fffd7760000 - 0x00007fffd788b000 	C:\WINDOWS\System32\ole32.dll

dbghelp: loaded successfully - version: 4.0.5 - missing functions: none
symbol engine: initialized successfully - sym options: 0x614 - pdb path: .;c:\Users\Nacho\.vscode\extensions\redhat.java-1.28.1-win32-x64\jre\17.0.10-win32-x86_64\bin;C:\WINDOWS\SYSTEM32;C:\WINDOWS\WinSxS\amd64_microsoft.windows.common-controls_6595b64144ccf1df_6.0.19041.3636_none_60b6a03d71f818d5;c:\Users\Nacho\.vscode\extensions\redhat.java-1.28.1-win32-x64\jre\17.0.10-win32-x86_64\bin\server;C:\Users\Nacho\AppData\Roaming\Code\User\globalStorage\redhat.java\1.28.1\config_ss_win\org.eclipse.equinox.launcher\org.eclipse.equinox.launcher.win32.win32.x86_64_1.2.900.v20240129-1338

VM Arguments:
jvm_args: --add-modules=ALL-SYSTEM --add-opens=java.base/java.util=ALL-UNNAMED --add-opens=java.base/java.lang=ALL-UNNAMED --add-opens=java.base/sun.nio.fs=ALL-UNNAMED -Declipse.application=org.eclipse.jdt.ls.core.id1 -Dosgi.bundles.defaultStartLevel=4 -Declipse.product=org.eclipse.jdt.ls.core.product -Djava.import.generatesMetadataFilesAtProjectRoot=false -DDetectVMInstallationsJob.disabled=true -Dfile.encoding=utf8 -XX:+UseParallelGC -XX:GCTimeRatio=4 -XX:AdaptiveSizePolicyWeight=90 -Dsun.zip.disableMemoryMapping=true -Xmx1G -Xms100m -Xlog:disable -javaagent:c:\Users\Nacho\.vscode\extensions\redhat.java-1.28.1-win32-x64\lombok\lombok-1.18.31.jar 
java_command: c:\Users\Nacho\.vscode\extensions\redhat.java-1.28.1-win32-x64\server\plugins\org.eclipse.equinox.launcher_1.6.700.v20231214-2017.jar -configuration c:\Users\Nacho\AppData\Roaming\Code\User\globalStorage\redhat.java\1.28.1\config_ss_win -data c:\Users\Nacho\AppData\Roaming\Code\User\workspaceStorage\948f9e9c46396022b1df48f2360f3a9f\redhat.java\ss_ws --stdio
java_class_path (initial): c:\Users\Nacho\.vscode\extensions\redhat.java-1.28.1-win32-x64\server\plugins\org.eclipse.equinox.launcher_1.6.700.v20231214-2017.jar
Launcher Type: SUN_STANDARD

[Global flags]
    uintx AdaptiveSizePolicyWeight                 = 90                                        {product} {command line}
     intx CICompilerCount                          = 4                                         {product} {ergonomic}
    uintx GCTimeRatio                              = 4                                         {product} {command line}
   size_t InitialHeapSize                          = 104857600                                 {product} {command line}
   size_t MaxHeapSize                              = 1073741824                                {product} {command line}
   size_t MaxNewSize                               = 357564416                                 {product} {ergonomic}
   size_t MinHeapDeltaBytes                        = 524288                                    {product} {ergonomic}
   size_t MinHeapSize                              = 104857600                                 {product} {command line}
   size_t NewSize                                  = 34603008                                  {product} {ergonomic}
    uintx NonNMethodCodeHeapSize                   = 5839372                                {pd product} {ergonomic}
    uintx NonProfiledCodeHeapSize                  = 122909434                              {pd product} {ergonomic}
   size_t OldSize                                  = 70254592                                  {product} {ergonomic}
    uintx ProfiledCodeHeapSize                     = 122909434                              {pd product} {ergonomic}
    uintx ReservedCodeCacheSize                    = 251658240                              {pd product} {ergonomic}
     bool SegmentedCodeCache                       = true                                      {product} {ergonomic}
   size_t SoftMaxHeapSize                          = 1073741824                             {manageable} {ergonomic}
     bool UseCompressedClassPointers               = true                           {product lp64_product} {ergonomic}
     bool UseCompressedOops                        = true                           {product lp64_product} {ergonomic}
     bool UseLargePagesIndividualAllocation        = false                                  {pd product} {ergonomic}
     bool UseParallelGC                            = true                                      {product} {command line}

Logging:
Log output configuration:
 #0: stdout all=off uptime,level,tags
 #1: stderr all=off uptime,level,tags

Environment Variables:
PATH=C:\Program Files\Eclipse Adoptium\jdk-17.0.8.101-hotspot\bin;C:\WINDOWS\system32;C:\WINDOWS;C:\WINDOWS\System32\Wbem;C:\WINDOWS\System32\WindowsPowerShell\v1.0\;C:\WINDOWS\System32\OpenSSH\;C:\Program Files\dotnet\;C:\Users\Nacho\AppData\Local\Microsoft\WindowsApps;;C:\Users\Nacho\AppData\Local\Programs\Microsoft VS Code\bin
USERNAME=Nacho
OS=Windows_NT
PROCESSOR_IDENTIFIER=Intel64 Family 6 Model 142 Stepping 12, GenuineIntel
TMP=C:\Users\Nacho\AppData\Local\Temp
TEMP=C:\Users\Nacho\AppData\Local\Temp



Periodic native trim disabled


---------------  S Y S T E M  ---------------

OS:
 Windows 10 , 64 bit Build 19041 (10.0.19041.3636)
OS uptime: 10 days 0:33 hours

CPU: total 8 (initial active 8) (4 cores per cpu, 2 threads per core) family 6 model 142 stepping 12 microcode 0xde, cx8, cmov, fxsr, ht, mmx, 3dnowpref, sse, sse2, sse3, ssse3, sse4.1, sse4.2, popcnt, lzcnt, tsc, tscinvbit, avx, avx2, aes, erms, clmul, bmi1, bmi2, adx, fma, vzeroupper, clflush, clflushopt
Processor Information for all 8 processors :
  Max Mhz: 2112, Current Mhz: 2112, Mhz Limit: 1605

Memory: 4k page, system-wide physical 8025M (341M free)
TotalPageFile size 32601M (AvailPageFile size 3M)
current process WorkingSet (physical memory assigned to process): 115M, peak: 115M
current process commit charge ("private bytes"): 223M, peak: 223M

vm_info: OpenJDK 64-Bit Server VM (17.0.10+7) for windows-amd64 JRE (17.0.10+7), built on Jan 16 2024 23:25:11 by "admin" with MS VC++ 16.10 / 16.11 (VS2019)

END.
