#
# There is insufficient memory for the Java Runtime Environment to continue.
# Native memory allocation (malloc) failed to allocate 1690848 bytes for Chunk::new
# Possible reasons:
#   The system is out of physical RAM or swap space
#   The process is running with CompressedOops enabled, and the Java Heap may be blocking the growth of the native heap
# Possible solutions:
#   Reduce memory load on the system
#   Increase physical memory or swap space
#   Check if swap backing store is full
#   Decrease Java heap size (-Xmx/-Xms)
#   Decrease number of Java threads
#   Decrease Java thread stack sizes (-Xss)
#   Set larger code cache with -XX:ReservedCodeCacheSize=
#   JVM is running with Unscaled Compressed Oops mode in which the Java heap is
#     placed in the first 4GB address space. The Java Heap base address is the
#     maximum limit for the native heap growth. Please use -XX:HeapBaseMinAddress
#     to set the Java Heap base and to place the Java Heap above 4GB virtual address.
# This output file may be truncated or incomplete.
#
#  Out of Memory Error (arena.cpp:191), pid=5280, tid=7384
#
# JRE version: OpenJDK Runtime Environment Temurin-17.0.10+7 (17.0.10+7) (build 17.0.10+7)
# Java VM: OpenJDK 64-Bit Server VM Temurin-17.0.10+7 (17.0.10+7, mixed mode, tiered, compressed oops, compressed class ptrs, parallel gc, windows-amd64)
# No core dump will be written. Minidumps are not enabled by default on client versions of Windows
#

---------------  S U M M A R Y ------------

Command Line: --add-modules=ALL-SYSTEM --add-opens=java.base/java.util=ALL-UNNAMED --add-opens=java.base/java.lang=ALL-UNNAMED --add-opens=java.base/sun.nio.fs=ALL-UNNAMED -Declipse.application=org.eclipse.jdt.ls.core.id1 -Dosgi.bundles.defaultStartLevel=4 -Declipse.product=org.eclipse.jdt.ls.core.product -Djava.import.generatesMetadataFilesAtProjectRoot=false -DDetectVMInstallationsJob.disabled=true -Dfile.encoding=utf8 -XX:+UseParallelGC -XX:GCTimeRatio=4 -XX:AdaptiveSizePolicyWeight=90 -Dsun.zip.disableMemoryMapping=true -Xmx1G -Xms100m -Xlog:disable -javaagent:c:\Users\Nacho\.vscode\extensions\redhat.java-1.28.1-win32-x64\lombok\lombok-1.18.31.jar -XX:+HeapDumpOnOutOfMemoryError -XX:HeapDumpPath=c:\Users\Nacho\AppData\Roaming\Code\User\workspaceStorage\948f9e9c46396022b1df48f2360f3a9f\redhat.java -Daether.dependencyCollector.impl=bf c:\Users\Nacho\.vscode\extensions\redhat.java-1.28.1-win32-x64\server\plugins\org.eclipse.equinox.launcher_1.6.700.v20231214-2017.jar -configuration c:\Users\Nacho\AppData\Roaming\Code\User\globalStorage\redhat.java\1.28.1\config_win -data c:\Users\Nacho\AppData\Roaming\Code\User\workspaceStorage\948f9e9c46396022b1df48f2360f3a9f\redhat.java\jdt_ws --stdio

Host: Intel(R) Core(TM) i5-10210U CPU @ 1.60GHz, 8 cores, 7G,  Windows 10 , 64 bit Build 19041 (10.0.19041.3636)
Time: Mon Mar 11 23:44:20 2024 Hora estándar central (México) elapsed time: 180.872404 seconds (0d 0h 3m 0s)

---------------  T H R E A D  ---------------

Current thread (0x0000025fa45b5ac0):  JavaThread "C2 CompilerThread0" daemon [_thread_in_native, id=7384, stack(0x000000eb8c400000,0x000000eb8c500000)]


Current CompileTask:
C2: 180872 15523       4       org.eclipse.jdt.internal.compiler.lookup.PackageBinding::getTypeOrPackage (368 bytes)

Stack: [0x000000eb8c400000,0x000000eb8c500000]
Native frames: (J=compiled Java code, j=interpreted, Vv=VM code, C=native code)
V  [jvm.dll+0x67d2c9]
V  [jvm.dll+0x834afa]
V  [jvm.dll+0x8365be]
V  [jvm.dll+0x836c23]
V  [jvm.dll+0x2477ff]
V  [jvm.dll+0xac514]
V  [jvm.dll+0xacb5c]
V  [jvm.dll+0x3667d7]
V  [jvm.dll+0x330bfa]
V  [jvm.dll+0x33009a]
V  [jvm.dll+0x219ef1]
V  [jvm.dll+0x219311]
V  [jvm.dll+0x1a502d]
V  [jvm.dll+0x2290de]
V  [jvm.dll+0x2272ac]
V  [jvm.dll+0x7e9bb7]
V  [jvm.dll+0x7e3fba]
V  [jvm.dll+0x67c1b5]
C  [ucrtbase.dll+0x21bb2]
C  [KERNEL32.DLL+0x17344]
C  [ntdll.dll+0x526b1]


---------------  P R O C E S S  ---------------

Threads class SMR info:
_java_thread_list=0x0000025fa8b53440, length=41, elements={
0x0000025f8b3b2eb0, 0x0000025fa4584020, 0x0000025fa45855d0, 0x0000025fa45af150,
0x0000025fa45affd0, 0x0000025fa45b1d00, 0x0000025fa45b28c0, 0x0000025fa45b5ac0,
0x0000025fa4618380, 0x0000025fa461b140, 0x0000025f8b415dd0, 0x0000025fa48f0430,
0x0000025fa5e05fe0, 0x0000025fa48f2020, 0x0000025fa5956330, 0x0000025fa578cb60,
0x0000025fa635b2d0, 0x0000025fa591bda0, 0x0000025fa5919a30, 0x0000025fa5919520,
0x0000025fa591c2b0, 0x0000025fa591c7c0, 0x0000025fa591a450, 0x0000025fa591a960,
0x0000025fa973b740, 0x0000025fa973a300, 0x0000025fa973cb80, 0x0000025fa97384a0,
0x0000025fa973a810, 0x0000025fa973dab0, 0x0000025fa973b230, 0x0000025fa973ad20,
0x0000025fa973dfc0, 0x0000025fa9739df0, 0x0000025fa973e4d0, 0x0000025fa973c160,
0x0000025fa97389b0, 0x0000025fa9737060, 0x0000025fa9738ec0, 0x0000025fa9737a80,
0x0000025fa97398e0
}

Java Threads: ( => current thread )
  0x0000025f8b3b2eb0 JavaThread "main" [_thread_blocked, id=4012, stack(0x000000eb8bb00000,0x000000eb8bc00000)]
  0x0000025fa4584020 JavaThread "Reference Handler" daemon [_thread_blocked, id=27716, stack(0x000000eb8be00000,0x000000eb8bf00000)]
  0x0000025fa45855d0 JavaThread "Finalizer" daemon [_thread_blocked, id=16440, stack(0x000000eb8bf00000,0x000000eb8c000000)]
  0x0000025fa45af150 JavaThread "Signal Dispatcher" daemon [_thread_blocked, id=16252, stack(0x000000eb8c000000,0x000000eb8c100000)]
  0x0000025fa45affd0 JavaThread "Attach Listener" daemon [_thread_blocked, id=23948, stack(0x000000eb8c100000,0x000000eb8c200000)]
  0x0000025fa45b1d00 JavaThread "Service Thread" daemon [_thread_blocked, id=14112, stack(0x000000eb8c200000,0x000000eb8c300000)]
  0x0000025fa45b28c0 JavaThread "Monitor Deflation Thread" daemon [_thread_blocked, id=7556, stack(0x000000eb8c300000,0x000000eb8c400000)]
=>0x0000025fa45b5ac0 JavaThread "C2 CompilerThread0" daemon [_thread_in_native, id=7384, stack(0x000000eb8c400000,0x000000eb8c500000)]
  0x0000025fa4618380 JavaThread "C1 CompilerThread0" daemon [_thread_blocked, id=18772, stack(0x000000eb8c500000,0x000000eb8c600000)]
  0x0000025fa461b140 JavaThread "Sweeper thread" daemon [_thread_blocked, id=3432, stack(0x000000eb8c600000,0x000000eb8c700000)]
  0x0000025f8b415dd0 JavaThread "Common-Cleaner" daemon [_thread_blocked, id=23940, stack(0x000000eb8c700000,0x000000eb8c800000)]
  0x0000025fa48f0430 JavaThread "Notification Thread" daemon [_thread_blocked, id=20444, stack(0x000000eb8c800000,0x000000eb8c900000)]
  0x0000025fa5e05fe0 JavaThread "Active Thread: Equinox Container: c3664130-ac78-4a81-a55a-49e53371745d" [_thread_blocked, id=6648, stack(0x000000eb8d100000,0x000000eb8d200000)]
  0x0000025fa48f2020 JavaThread "Framework Event Dispatcher: Equinox Container: c3664130-ac78-4a81-a55a-49e53371745d" daemon [_thread_blocked, id=31464, stack(0x000000eb8ca00000,0x000000eb8cb00000)]
  0x0000025fa5956330 JavaThread "Start Level: Equinox Container: c3664130-ac78-4a81-a55a-49e53371745d" daemon [_thread_blocked, id=21020, stack(0x000000eb8d200000,0x000000eb8d300000)]
  0x0000025fa578cb60 JavaThread "Bundle File Closer" daemon [_thread_blocked, id=5052, stack(0x000000eb8d500000,0x000000eb8d600000)]
  0x0000025fa635b2d0 JavaThread "SCR Component Actor" daemon [_thread_blocked, id=25564, stack(0x000000eb8d400000,0x000000eb8d500000)]
  0x0000025fa591bda0 JavaThread "Worker-JM" [_thread_blocked, id=28072, stack(0x000000eb8d800000,0x000000eb8d900000)]
  0x0000025fa5919a30 JavaThread "Worker-0" [_thread_blocked, id=15908, stack(0x000000eb8d900000,0x000000eb8da00000)]
  0x0000025fa5919520 JavaThread "Java indexing" daemon [_thread_blocked, id=1940, stack(0x000000eb8dc00000,0x000000eb8dd00000)]
  0x0000025fa591c2b0 JavaThread "JNA Cleaner" daemon [_thread_blocked, id=28212, stack(0x000000eb8df00000,0x000000eb8e000000)]
  0x0000025fa591c7c0 JavaThread "pool-2-thread-1" [_thread_blocked, id=13324, stack(0x000000eb8e000000,0x000000eb8e100000)]
  0x0000025fa591a450 JavaThread "WorkspaceEventsHandler" [_thread_blocked, id=16552, stack(0x000000eb8e100000,0x000000eb8e200000)]
  0x0000025fa591a960 JavaThread "pool-1-thread-1" [_thread_in_native, id=15944, stack(0x000000eb8e200000,0x000000eb8e300000)]
  0x0000025fa973b740 JavaThread "Worker-4" [_thread_blocked, id=24488, stack(0x000000eb8e300000,0x000000eb8e400000)]
  0x0000025fa973a300 JavaThread "ForkJoinPool.commonPool-worker-1" daemon [_thread_blocked, id=18264, stack(0x000000eb8e400000,0x000000eb8e500000)]
  0x0000025fa973cb80 JavaThread "ForkJoinPool.commonPool-worker-2" daemon [_thread_blocked, id=2692, stack(0x000000eb8e500000,0x000000eb8e600000)]
  0x0000025fa97384a0 JavaThread "ForkJoinPool.commonPool-worker-3" daemon [_thread_blocked, id=25000, stack(0x000000eb8e600000,0x000000eb8e700000)]
  0x0000025fa973a810 JavaThread "ForkJoinPool.commonPool-worker-4" daemon [_thread_blocked, id=22324, stack(0x000000eb8e700000,0x000000eb8e800000)]
  0x0000025fa973dab0 JavaThread "ForkJoinPool.commonPool-worker-5" daemon [_thread_blocked, id=27236, stack(0x000000eb8e800000,0x000000eb8e900000)]
  0x0000025fa973b230 JavaThread "ForkJoinPool.commonPool-worker-6" daemon [_thread_blocked, id=4420, stack(0x000000eb8e900000,0x000000eb8ea00000)]
  0x0000025fa973ad20 JavaThread "ForkJoinPool.commonPool-worker-7" daemon [_thread_blocked, id=18656, stack(0x000000eb8ea00000,0x000000eb8eb00000)]
  0x0000025fa973dfc0 JavaThread "Java Debug Server" daemon [_thread_in_native, id=16100, stack(0x000000eb8dd00000,0x000000eb8de00000)]
  0x0000025fa9739df0 JavaThread "pool-3-thread-3" [_thread_in_native, id=28348, stack(0x000000eb8ee00000,0x000000eb8ef00000)]
  0x0000025fa973e4d0 JavaThread "RxSchedulerPurge-1" daemon [_thread_blocked, id=27772, stack(0x000000eb8ef00000,0x000000eb8f000000)]
  0x0000025fa973c160 JavaThread "RxCachedWorkerPoolEvictor-1" daemon [_thread_blocked, id=23156, stack(0x000000eb8f000000,0x000000eb8f100000)]
  0x0000025fa97389b0 JavaThread "process reaper (pid 16800)" daemon [_thread_in_native, id=18748, stack(0x000000eb8b590000,0x000000eb8b5b0000)]
  0x0000025fa9737060 JavaThread "RxNewThreadScheduler-5" daemon [_thread_blocked, id=27512, stack(0x000000eb8d700000,0x000000eb8d800000)]
  0x0000025fa9738ec0 JavaThread "Worker-5" [_thread_blocked, id=23684, stack(0x000000eb8b800000,0x000000eb8b900000)]
  0x0000025fa9737a80 JavaThread "Worker-6" [_thread_blocked, id=22704, stack(0x000000eb8b900000,0x000000eb8ba00000)]
  0x0000025fa97398e0 JavaThread "pool-1-thread-2" [_thread_blocked, id=12876, stack(0x000000eb8ba00000,0x000000eb8bb00000)]

Other Threads:
  0x0000025fa4570dc0 VMThread "VM Thread" [stack: 0x000000eb8bd00000,0x000000eb8be00000] [id=25540]
  0x0000025fa48f0910 WatcherThread [stack: 0x000000eb8c900000,0x000000eb8ca00000] [id=8580]
  0x0000025f8b3c8b30 GCTaskThread "GC Thread#0" [stack: 0x000000eb8bc00000,0x000000eb8bd00000] [id=25100]
  0x0000025fa5927790 GCTaskThread "GC Thread#1" [stack: 0x000000eb8cb00000,0x000000eb8cc00000] [id=17168]
  0x0000025fa5b8a040 GCTaskThread "GC Thread#2" [stack: 0x000000eb8cc00000,0x000000eb8cd00000] [id=20280]
  0x0000025fa5b8a300 GCTaskThread "GC Thread#3" [stack: 0x000000eb8cd00000,0x000000eb8ce00000] [id=3144]
  0x0000025fa5b8a5c0 GCTaskThread "GC Thread#4" [stack: 0x000000eb8ce00000,0x000000eb8cf00000] [id=18652]
  0x0000025fa5b8a880 GCTaskThread "GC Thread#5" [stack: 0x000000eb8cf00000,0x000000eb8d000000] [id=4008]
  0x0000025fa5b8ab40 GCTaskThread "GC Thread#6" [stack: 0x000000eb8d000000,0x000000eb8d100000] [id=26548]
  0x0000025fa5956810 GCTaskThread "GC Thread#7" [stack: 0x000000eb8d300000,0x000000eb8d400000] [id=14212]

Threads with active compile tasks:
C2 CompilerThread0   180904 15523       4       org.eclipse.jdt.internal.compiler.lookup.PackageBinding::getTypeOrPackage (368 bytes)

VM state: not at safepoint (normal execution)

VM Mutex/Monitor currently owned by a thread: None

Heap address: 0x00000000c0000000, size: 1024 MB, Compressed Oops mode: 32-bit

CDS archive(s) not mapped
Compressed class space mapped at: 0x0000000100000000-0x0000000140000000, reserved size: 1073741824
Narrow klass base: 0x0000000000000000, Narrow klass shift: 3, Narrow klass range: 0x140000000

GC Precious Log:
 CPUs: 8 total, 8 available
 Memory: 8025M
 Large Page Support: Disabled
 NUMA Support: Disabled
 Compressed Oops: Enabled (32-bit)
 Alignments: Space 512K, Generation 512K, Heap 2M
 Heap Min Capacity: 100M
 Heap Initial Capacity: 100M
 Heap Max Capacity: 1G
 Pre-touch: Disabled
 Parallel Workers: 8

Heap:
 PSYoungGen      total 16384K, used 3069K [0x00000000eab00000, 0x00000000ebf80000, 0x0000000100000000)
  eden space 15872K, 16% used [0x00000000eab00000,0x00000000ead847c8,0x00000000eba80000)
  from space 512K, 96% used [0x00000000ebc80000,0x00000000ebcfaf48,0x00000000ebd00000)
  to   space 2560K, 0% used [0x00000000ebd00000,0x00000000ebd00000,0x00000000ebf80000)
 ParOldGen       total 76800K, used 61121K [0x00000000c0000000, 0x00000000c4b00000, 0x00000000eab00000)
  object space 76800K, 79% used [0x00000000c0000000,0x00000000c3bb05b8,0x00000000c4b00000)
 Metaspace       used 85530K, committed 86720K, reserved 1179648K
  class space    used 9049K, committed 9600K, reserved 1048576K

Card table byte_map: [0x0000025f8ad50000,0x0000025f8af60000] _byte_map_base: 0x0000025f8a750000

Marking Bits: (ParMarkBitMap*) 0x00007fff8255d7d0
 Begin Bits: [0x0000025f9d050000, 0x0000025f9e050000)
 End Bits:   [0x0000025f9e050000, 0x0000025f9f050000)

Polling page: 0x0000025f89370000

Metaspace:

Usage:
  Non-class:     74.69 MB used.
      Class:      8.84 MB used.
       Both:     83.53 MB used.

Virtual space:
  Non-class space:      128.00 MB reserved,      75.31 MB ( 59%) committed,  2 nodes.
      Class space:        1.00 GB reserved,       9.38 MB ( <1%) committed,  1 nodes.
             Both:        1.12 GB reserved,      84.69 MB (  7%) committed. 

Chunk freelists:
   Non-Class:  4.38 MB
       Class:  6.65 MB
        Both:  11.04 MB

MaxMetaspaceSize: unlimited
CompressedClassSpaceSize: 1.00 GB
Initial GC threshold: 21.00 MB
Current GC threshold: 141.06 MB
CDS: off
MetaspaceReclaimPolicy: balanced
 - commit_granule_bytes: 65536.
 - commit_granule_words: 8192.
 - virtual_space_node_default_size: 8388608.
 - enlarge_chunks_in_place: 1.
 - new_chunks_are_fully_committed: 0.
 - uncommit_free_chunks: 1.
 - use_allocation_guard: 0.
 - handle_deallocations: 1.


Internal statistics:

num_allocs_failed_limit: 9.
num_arena_births: 810.
num_arena_deaths: 82.
num_vsnodes_births: 3.
num_vsnodes_deaths: 0.
num_space_committed: 1355.
num_space_uncommitted: 0.
num_chunks_returned_to_freelist: 129.
num_chunks_taken_from_freelist: 4481.
num_chunk_merges: 31.
num_chunk_splits: 2613.
num_chunks_enlarged: 1357.
num_inconsistent_stats: 0.

CodeHeap 'non-profiled nmethods': size=120000Kb used=10470Kb max_used=10470Kb free=109529Kb
 bounds [0x0000025f95b20000, 0x0000025f96570000, 0x0000025f9d050000]
CodeHeap 'profiled nmethods': size=120000Kb used=23962Kb max_used=25391Kb free=96037Kb
 bounds [0x0000025f8e050000, 0x0000025f8f920000, 0x0000025f95580000]
CodeHeap 'non-nmethods': size=5760Kb used=1422Kb max_used=1531Kb free=4337Kb
 bounds [0x0000025f95580000, 0x0000025f957f0000, 0x0000025f95b20000]
 total_blobs=12353 nmethods=11580 adapters=683
 compilation: enabled
              stopped_count=0, restarted_count=0
 full_count=0

Compilation events (20 events):
Event: 180.746 Thread 0x0000025fa4618380 15545       3       org.jsoup.nodes.Attributes::checkCapacity (82 bytes)
Event: 180.747 Thread 0x0000025fa4618380 nmethod 15545 0x0000025f8eeb7490 code [0x0000025f8eeb76a0, 0x0000025f8eeb7e08]
Event: 180.747 Thread 0x0000025fa4618380 15546       3       org.jsoup.nodes.Attributes$1::hasNext (69 bytes)
Event: 180.748 Thread 0x0000025fa4618380 nmethod 15546 0x0000025f8f1e3c10 code [0x0000025f8f1e3e40, 0x0000025f8f1e46d8]
Event: 180.748 Thread 0x0000025fa4618380 15548       3       org.jsoup.nodes.Attributes::add (42 bytes)
Event: 180.748 Thread 0x0000025fa4618380 nmethod 15548 0x0000025f8e65df90 code [0x0000025f8e65e160, 0x0000025f8e65e568]
Event: 180.748 Thread 0x0000025fa4618380 15549       3       org.jsoup.nodes.Attributes::put (34 bytes)
Event: 180.749 Thread 0x0000025fa4618380 nmethod 15549 0x0000025f8edda090 code [0x0000025f8edda280, 0x0000025f8edda728]
Event: 180.749 Thread 0x0000025fa4618380 15547       3       org.jsoup.nodes.TextNode::childNodeSize (5 bytes)
Event: 180.749 Thread 0x0000025fa4618380 nmethod 15547 0x0000025f8ee2fd10 code [0x0000025f8ee2fea0, 0x0000025f8ee30018]
Event: 180.749 Thread 0x0000025fa4618380 15550       3       org.jsoup.nodes.Element::baseUri (8 bytes)
Event: 180.749 Thread 0x0000025fa4618380 nmethod 15550 0x0000025f8ef09010 code [0x0000025f8ef091c0, 0x0000025f8ef09308]
Event: 180.749 Thread 0x0000025fa4618380 15543       1       org.jsoup.nodes.Attribute::getKey (5 bytes)
Event: 180.749 Thread 0x0000025fa4618380 nmethod 15543 0x0000025f964bcf10 code [0x0000025f964bd0a0, 0x0000025f964bd178]
Event: 180.749 Thread 0x0000025fa4618380 15551       3       org.jsoup.nodes.Node::childNodes (43 bytes)
Event: 180.750 Thread 0x0000025fa4618380 nmethod 15551 0x0000025f8eecc890 code [0x0000025f8eecca80, 0x0000025f8eeccfb8]
Event: 180.751 Thread 0x0000025fa4618380 15553       3       org.jsoup.nodes.TextNode::text (8 bytes)
Event: 180.751 Thread 0x0000025fa4618380 nmethod 15553 0x0000025f8ec92e10 code [0x0000025f8ec93000, 0x0000025f8ec935b8]
Event: 180.751 Thread 0x0000025fa4618380 15554       3       org.jsoup.internal.StringUtil::normaliseWhitespace (15 bytes)
Event: 180.752 Thread 0x0000025fa4618380 nmethod 15554 0x0000025f8ee79190 code [0x0000025f8ee79340, 0x0000025f8ee794c8]

GC Heap History (20 events):
Event: 180.205 GC heap before
{Heap before GC invocations=125 (full 5):
 PSYoungGen      total 17408K, used 17017K [0x00000000eab00000, 0x00000000ebd80000, 0x0000000100000000)
  eden space 16384K, 99% used [0x00000000eab00000,0x00000000ebaf6148,0x00000000ebb00000)
  from space 1024K, 65% used [0x00000000ebc00000,0x00000000ebca8550,0x00000000ebd00000)
  to   space 512K, 0% used [0x00000000ebd00000,0x00000000ebd00000,0x00000000ebd80000)
 ParOldGen       total 76800K, used 56101K [0x00000000c0000000, 0x00000000c4b00000, 0x00000000eab00000)
  object space 76800K, 73% used [0x00000000c0000000,0x00000000c36c9670,0x00000000c4b00000)
 Metaspace       used 85512K, committed 86720K, reserved 1179648K
  class space    used 9049K, committed 9600K, reserved 1048576K
}
Event: 180.206 GC heap after
{Heap after GC invocations=125 (full 5):
 PSYoungGen      total 16384K, used 504K [0x00000000eab00000, 0x00000000ec000000, 0x0000000100000000)
  eden space 15872K, 0% used [0x00000000eab00000,0x00000000eab00000,0x00000000eba80000)
  from space 512K, 98% used [0x00000000ebd00000,0x00000000ebd7e008,0x00000000ebd80000)
  to   space 2560K, 0% used [0x00000000eba80000,0x00000000eba80000,0x00000000ebd00000)
 ParOldGen       total 76800K, used 57808K [0x00000000c0000000, 0x00000000c4b00000, 0x00000000eab00000)
  object space 76800K, 75% used [0x00000000c0000000,0x00000000c3874190,0x00000000c4b00000)
 Metaspace       used 85512K, committed 86720K, reserved 1179648K
  class space    used 9049K, committed 9600K, reserved 1048576K
}
Event: 180.269 GC heap before
{Heap before GC invocations=126 (full 5):
 PSYoungGen      total 16384K, used 16305K [0x00000000eab00000, 0x00000000ec000000, 0x0000000100000000)
  eden space 15872K, 99% used [0x00000000eab00000,0x00000000eba6e5a8,0x00000000eba80000)
  from space 512K, 98% used [0x00000000ebd00000,0x00000000ebd7e008,0x00000000ebd80000)
  to   space 2560K, 0% used [0x00000000eba80000,0x00000000eba80000,0x00000000ebd00000)
 ParOldGen       total 76800K, used 57808K [0x00000000c0000000, 0x00000000c4b00000, 0x00000000eab00000)
  object space 76800K, 75% used [0x00000000c0000000,0x00000000c3874190,0x00000000c4b00000)
 Metaspace       used 85512K, committed 86720K, reserved 1179648K
  class space    used 9049K, committed 9600K, reserved 1048576K
}
Event: 180.270 GC heap after
{Heap after GC invocations=126 (full 5):
 PSYoungGen      total 18432K, used 2524K [0x00000000eab00000, 0x00000000ec080000, 0x0000000100000000)
  eden space 15872K, 0% used [0x00000000eab00000,0x00000000eab00000,0x00000000eba80000)
  from space 2560K, 98% used [0x00000000eba80000,0x00000000ebcf70e8,0x00000000ebd00000)
  to   space 3072K, 0% used [0x00000000ebd80000,0x00000000ebd80000,0x00000000ec080000)
 ParOldGen       total 76800K, used 57880K [0x00000000c0000000, 0x00000000c4b00000, 0x00000000eab00000)
  object space 76800K, 75% used [0x00000000c0000000,0x00000000c3886190,0x00000000c4b00000)
 Metaspace       used 85512K, committed 86720K, reserved 1179648K
  class space    used 9049K, committed 9600K, reserved 1048576K
}
Event: 180.341 GC heap before
{Heap before GC invocations=127 (full 5):
 PSYoungGen      total 18432K, used 18333K [0x00000000eab00000, 0x00000000ec080000, 0x0000000100000000)
  eden space 15872K, 99% used [0x00000000eab00000,0x00000000eba70518,0x00000000eba80000)
  from space 2560K, 98% used [0x00000000eba80000,0x00000000ebcf70e8,0x00000000ebd00000)
  to   space 3072K, 0% used [0x00000000ebd80000,0x00000000ebd80000,0x00000000ec080000)
 ParOldGen       total 76800K, used 57880K [0x00000000c0000000, 0x00000000c4b00000, 0x00000000eab00000)
  object space 76800K, 75% used [0x00000000c0000000,0x00000000c3886190,0x00000000c4b00000)
 Metaspace       used 85512K, committed 86720K, reserved 1179648K
  class space    used 9049K, committed 9600K, reserved 1048576K
}
Event: 180.342 GC heap after
{Heap after GC invocations=127 (full 5):
 PSYoungGen      total 16384K, used 192K [0x00000000eab00000, 0x00000000ebe00000, 0x0000000100000000)
  eden space 15872K, 0% used [0x00000000eab00000,0x00000000eab00000,0x00000000eba80000)
  from space 512K, 37% used [0x00000000ebd80000,0x00000000ebdb0000,0x00000000ebe00000)
  to   space 1536K, 0% used [0x00000000ebb00000,0x00000000ebb00000,0x00000000ebc80000)
 ParOldGen       total 76800K, used 58344K [0x00000000c0000000, 0x00000000c4b00000, 0x00000000eab00000)
  object space 76800K, 75% used [0x00000000c0000000,0x00000000c38fa190,0x00000000c4b00000)
 Metaspace       used 85512K, committed 86720K, reserved 1179648K
  class space    used 9049K, committed 9600K, reserved 1048576K
}
Event: 180.392 GC heap before
{Heap before GC invocations=128 (full 5):
 PSYoungGen      total 16384K, used 15380K [0x00000000eab00000, 0x00000000ebe00000, 0x0000000100000000)
  eden space 15872K, 95% used [0x00000000eab00000,0x00000000eb9d5010,0x00000000eba80000)
  from space 512K, 37% used [0x00000000ebd80000,0x00000000ebdb0000,0x00000000ebe00000)
  to   space 1536K, 0% used [0x00000000ebb00000,0x00000000ebb00000,0x00000000ebc80000)
 ParOldGen       total 76800K, used 58344K [0x00000000c0000000, 0x00000000c4b00000, 0x00000000eab00000)
  object space 76800K, 75% used [0x00000000c0000000,0x00000000c38fa190,0x00000000c4b00000)
 Metaspace       used 85514K, committed 86720K, reserved 1179648K
  class space    used 9049K, committed 9600K, reserved 1048576K
}
Event: 180.393 GC heap after
{Heap after GC invocations=128 (full 5):
 PSYoungGen      total 17408K, used 256K [0x00000000eab00000, 0x00000000ebe00000, 0x0000000100000000)
  eden space 15872K, 0% used [0x00000000eab00000,0x00000000eab00000,0x00000000eba80000)
  from space 1536K, 16% used [0x00000000ebb00000,0x00000000ebb40000,0x00000000ebc80000)
  to   space 512K, 0% used [0x00000000ebd80000,0x00000000ebd80000,0x00000000ebe00000)
 ParOldGen       total 76800K, used 58352K [0x00000000c0000000, 0x00000000c4b00000, 0x00000000eab00000)
  object space 76800K, 75% used [0x00000000c0000000,0x00000000c38fc190,0x00000000c4b00000)
 Metaspace       used 85514K, committed 86720K, reserved 1179648K
  class space    used 9049K, committed 9600K, reserved 1048576K
}
Event: 180.445 GC heap before
{Heap before GC invocations=129 (full 5):
 PSYoungGen      total 17408K, used 15699K [0x00000000eab00000, 0x00000000ebe00000, 0x0000000100000000)
  eden space 15872K, 97% used [0x00000000eab00000,0x00000000eba14e60,0x00000000eba80000)
  from space 1536K, 16% used [0x00000000ebb00000,0x00000000ebb40000,0x00000000ebc80000)
  to   space 512K, 0% used [0x00000000ebd80000,0x00000000ebd80000,0x00000000ebe00000)
 ParOldGen       total 76800K, used 58352K [0x00000000c0000000, 0x00000000c4b00000, 0x00000000eab00000)
  object space 76800K, 75% used [0x00000000c0000000,0x00000000c38fc190,0x00000000c4b00000)
 Metaspace       used 85515K, committed 86720K, reserved 1179648K
  class space    used 9049K, committed 9600K, reserved 1048576K
}
Event: 180.446 GC heap after
{Heap after GC invocations=129 (full 5):
 PSYoungGen      total 16384K, used 224K [0x00000000eab00000, 0x00000000ebe00000, 0x0000000100000000)
  eden space 15872K, 0% used [0x00000000eab00000,0x00000000eab00000,0x00000000eba80000)
  from space 512K, 43% used [0x00000000ebd80000,0x00000000ebdb8000,0x00000000ebe00000)
  to   space 512K, 0% used [0x00000000ebd00000,0x00000000ebd00000,0x00000000ebd80000)
 ParOldGen       total 76800K, used 58359K [0x00000000c0000000, 0x00000000c4b00000, 0x00000000eab00000)
  object space 76800K, 75% used [0x00000000c0000000,0x00000000c38fdca0,0x00000000c4b00000)
 Metaspace       used 85515K, committed 86720K, reserved 1179648K
  class space    used 9049K, committed 9600K, reserved 1048576K
}
Event: 180.497 GC heap before
{Heap before GC invocations=130 (full 5):
 PSYoungGen      total 16384K, used 16096K [0x00000000eab00000, 0x00000000ebe00000, 0x0000000100000000)
  eden space 15872K, 100% used [0x00000000eab00000,0x00000000eba80000,0x00000000eba80000)
  from space 512K, 43% used [0x00000000ebd80000,0x00000000ebdb8000,0x00000000ebe00000)
  to   space 512K, 0% used [0x00000000ebd00000,0x00000000ebd00000,0x00000000ebd80000)
 ParOldGen       total 76800K, used 58359K [0x00000000c0000000, 0x00000000c4b00000, 0x00000000eab00000)
  object space 76800K, 75% used [0x00000000c0000000,0x00000000c38fdca0,0x00000000c4b00000)
 Metaspace       used 85515K, committed 86720K, reserved 1179648K
  class space    used 9049K, committed 9600K, reserved 1048576K
}
Event: 180.497 GC heap after
{Heap after GC invocations=130 (full 5):
 PSYoungGen      total 16384K, used 256K [0x00000000eab00000, 0x00000000ebe00000, 0x0000000100000000)
  eden space 15872K, 0% used [0x00000000eab00000,0x00000000eab00000,0x00000000eba80000)
  from space 512K, 50% used [0x00000000ebd00000,0x00000000ebd40000,0x00000000ebd80000)
  to   space 512K, 0% used [0x00000000ebd80000,0x00000000ebd80000,0x00000000ebe00000)
 ParOldGen       total 76800K, used 58452K [0x00000000c0000000, 0x00000000c4b00000, 0x00000000eab00000)
  object space 76800K, 76% used [0x00000000c0000000,0x00000000c3915120,0x00000000c4b00000)
 Metaspace       used 85515K, committed 86720K, reserved 1179648K
  class space    used 9049K, committed 9600K, reserved 1048576K
}
Event: 180.560 GC heap before
{Heap before GC invocations=131 (full 5):
 PSYoungGen      total 16384K, used 15704K [0x00000000eab00000, 0x00000000ebe00000, 0x0000000100000000)
  eden space 15872K, 97% used [0x00000000eab00000,0x00000000eba163f8,0x00000000eba80000)
  from space 512K, 50% used [0x00000000ebd00000,0x00000000ebd40000,0x00000000ebd80000)
  to   space 512K, 0% used [0x00000000ebd80000,0x00000000ebd80000,0x00000000ebe00000)
 ParOldGen       total 76800K, used 58452K [0x00000000c0000000, 0x00000000c4b00000, 0x00000000eab00000)
  object space 76800K, 76% used [0x00000000c0000000,0x00000000c3915120,0x00000000c4b00000)
 Metaspace       used 85515K, committed 86720K, reserved 1179648K
  class space    used 9049K, committed 9600K, reserved 1048576K
}
Event: 180.561 GC heap after
{Heap after GC invocations=131 (full 5):
 PSYoungGen      total 16384K, used 512K [0x00000000eab00000, 0x00000000ebe00000, 0x0000000100000000)
  eden space 15872K, 0% used [0x00000000eab00000,0x00000000eab00000,0x00000000eba80000)
  from space 512K, 100% used [0x00000000ebd80000,0x00000000ebe00000,0x00000000ebe00000)
  to   space 1024K, 0% used [0x00000000ebc00000,0x00000000ebc00000,0x00000000ebd00000)
 ParOldGen       total 76800K, used 58556K [0x00000000c0000000, 0x00000000c4b00000, 0x00000000eab00000)
  object space 76800K, 76% used [0x00000000c0000000,0x00000000c392f120,0x00000000c4b00000)
 Metaspace       used 85515K, committed 86720K, reserved 1179648K
  class space    used 9049K, committed 9600K, reserved 1048576K
}
Event: 180.615 GC heap before
{Heap before GC invocations=132 (full 5):
 PSYoungGen      total 16384K, used 15759K [0x00000000eab00000, 0x00000000ebe00000, 0x0000000100000000)
  eden space 15872K, 96% used [0x00000000eab00000,0x00000000eb9e3c80,0x00000000eba80000)
  from space 512K, 100% used [0x00000000ebd80000,0x00000000ebe00000,0x00000000ebe00000)
  to   space 1024K, 0% used [0x00000000ebc00000,0x00000000ebc00000,0x00000000ebd00000)
 ParOldGen       total 76800K, used 58556K [0x00000000c0000000, 0x00000000c4b00000, 0x00000000eab00000)
  object space 76800K, 76% used [0x00000000c0000000,0x00000000c392f120,0x00000000c4b00000)
 Metaspace       used 85515K, committed 86720K, reserved 1179648K
  class space    used 9049K, committed 9600K, reserved 1048576K
}
Event: 180.616 GC heap after
{Heap after GC invocations=132 (full 5):
 PSYoungGen      total 16896K, used 608K [0x00000000eab00000, 0x00000000ebe00000, 0x0000000100000000)
  eden space 15872K, 0% used [0x00000000eab00000,0x00000000eab00000,0x00000000eba80000)
  from space 1024K, 59% used [0x00000000ebc00000,0x00000000ebc98000,0x00000000ebd00000)
  to   space 1024K, 0% used [0x00000000ebd00000,0x00000000ebd00000,0x00000000ebe00000)
 ParOldGen       total 76800K, used 59057K [0x00000000c0000000, 0x00000000c4b00000, 0x00000000eab00000)
  object space 76800K, 76% used [0x00000000c0000000,0x00000000c39ac5a0,0x00000000c4b00000)
 Metaspace       used 85515K, committed 86720K, reserved 1179648K
  class space    used 9049K, committed 9600K, reserved 1048576K
}
Event: 180.669 GC heap before
{Heap before GC invocations=133 (full 5):
 PSYoungGen      total 16896K, used 15692K [0x00000000eab00000, 0x00000000ebe00000, 0x0000000100000000)
  eden space 15872K, 95% used [0x00000000eab00000,0x00000000eb9bb130,0x00000000eba80000)
  from space 1024K, 59% used [0x00000000ebc00000,0x00000000ebc98000,0x00000000ebd00000)
  to   space 1024K, 0% used [0x00000000ebd00000,0x00000000ebd00000,0x00000000ebe00000)
 ParOldGen       total 76800K, used 59057K [0x00000000c0000000, 0x00000000c4b00000, 0x00000000eab00000)
  object space 76800K, 76% used [0x00000000c0000000,0x00000000c39ac5a0,0x00000000c4b00000)
 Metaspace       used 85518K, committed 86720K, reserved 1179648K
  class space    used 9049K, committed 9600K, reserved 1048576K
}
Event: 180.670 GC heap after
{Heap after GC invocations=133 (full 5):
 PSYoungGen      total 16384K, used 160K [0x00000000eab00000, 0x00000000ebd80000, 0x0000000100000000)
  eden space 15872K, 0% used [0x00000000eab00000,0x00000000eab00000,0x00000000eba80000)
  from space 512K, 31% used [0x00000000ebd00000,0x00000000ebd28000,0x00000000ebd80000)
  to   space 512K, 0% used [0x00000000ebc80000,0x00000000ebc80000,0x00000000ebd00000)
 ParOldGen       total 76800K, used 59537K [0x00000000c0000000, 0x00000000c4b00000, 0x00000000eab00000)
  object space 76800K, 77% used [0x00000000c0000000,0x00000000c3a245a0,0x00000000c4b00000)
 Metaspace       used 85518K, committed 86720K, reserved 1179648K
  class space    used 9049K, committed 9600K, reserved 1048576K
}
Event: 180.729 GC heap before
{Heap before GC invocations=134 (full 5):
 PSYoungGen      total 16384K, used 16032K [0x00000000eab00000, 0x00000000ebd80000, 0x0000000100000000)
  eden space 15872K, 100% used [0x00000000eab00000,0x00000000eba80000,0x00000000eba80000)
  from space 512K, 31% used [0x00000000ebd00000,0x00000000ebd28000,0x00000000ebd80000)
  to   space 512K, 0% used [0x00000000ebc80000,0x00000000ebc80000,0x00000000ebd00000)
 ParOldGen       total 76800K, used 59537K [0x00000000c0000000, 0x00000000c4b00000, 0x00000000eab00000)
  object space 76800K, 77% used [0x00000000c0000000,0x00000000c3a245a0,0x00000000c4b00000)
 Metaspace       used 85518K, committed 86720K, reserved 1179648K
  class space    used 9049K, committed 9600K, reserved 1048576K
}
Event: 180.730 GC heap after
{Heap after GC invocations=134 (full 5):
 PSYoungGen      total 16384K, used 491K [0x00000000eab00000, 0x00000000ebf80000, 0x0000000100000000)
  eden space 15872K, 0% used [0x00000000eab00000,0x00000000eab00000,0x00000000eba80000)
  from space 512K, 96% used [0x00000000ebc80000,0x00000000ebcfaf48,0x00000000ebd00000)
  to   space 2560K, 0% used [0x00000000ebd00000,0x00000000ebd00000,0x00000000ebf80000)
 ParOldGen       total 76800K, used 61121K [0x00000000c0000000, 0x00000000c4b00000, 0x00000000eab00000)
  object space 76800K, 79% used [0x00000000c0000000,0x00000000c3bb05b8,0x00000000c4b00000)
 Metaspace       used 85518K, committed 86720K, reserved 1179648K
  class space    used 9049K, committed 9600K, reserved 1048576K
}

Dll operation events (12 events):
Event: 0.029 Loaded shared library c:\Users\Nacho\.vscode\extensions\redhat.java-1.28.1-win32-x64\jre\17.0.10-win32-x86_64\bin\java.dll
Event: 0.331 Loaded shared library c:\Users\Nacho\.vscode\extensions\redhat.java-1.28.1-win32-x64\jre\17.0.10-win32-x86_64\bin\zip.dll
Event: 0.366 Loaded shared library C:\Users\Nacho\.vscode\extensions\redhat.java-1.28.1-win32-x64\jre\17.0.10-win32-x86_64\bin\instrument.dll
Event: 0.394 Loaded shared library C:\Users\Nacho\.vscode\extensions\redhat.java-1.28.1-win32-x64\jre\17.0.10-win32-x86_64\bin\net.dll
Event: 0.402 Loaded shared library C:\Users\Nacho\.vscode\extensions\redhat.java-1.28.1-win32-x64\jre\17.0.10-win32-x86_64\bin\nio.dll
Event: 0.420 Loaded shared library C:\Users\Nacho\.vscode\extensions\redhat.java-1.28.1-win32-x64\jre\17.0.10-win32-x86_64\bin\zip.dll
Event: 0.449 Loaded shared library C:\Users\Nacho\.vscode\extensions\redhat.java-1.28.1-win32-x64\jre\17.0.10-win32-x86_64\bin\jimage.dll
Event: 0.584 Loaded shared library c:\Users\Nacho\.vscode\extensions\redhat.java-1.28.1-win32-x64\jre\17.0.10-win32-x86_64\bin\verify.dll
Event: 8.372 Loaded shared library C:\Users\Nacho\AppData\Roaming\Code\User\globalStorage\redhat.java\1.28.1\config_win\org.eclipse.equinox.launcher\org.eclipse.equinox.launcher.win32.win32.x86_64_1.2.900.v20240129-1338\eclipse_11900.dll
Event: 19.465 Loaded shared library C:\Users\Nacho\AppData\Local\Temp\jna-75022839\jna3723452659998882942.dll
Event: 22.592 Loaded shared library C:\Users\Nacho\.vscode\extensions\redhat.java-1.28.1-win32-x64\jre\17.0.10-win32-x86_64\bin\sunmscapi.dll
Event: 23.238 Loaded shared library C:\Users\Nacho\.vscode\extensions\redhat.java-1.28.1-win32-x64\jre\17.0.10-win32-x86_64\bin\extnet.dll

Deoptimization events (20 events):
Event: 166.828 Thread 0x0000025fa973dab0 DEOPT PACKING pc=0x0000025f8e9300a9 sp=0x000000eb8e8fd500
Event: 166.828 Thread 0x0000025fa973dab0 DEOPT UNPACKING pc=0x0000025f955d6e43 sp=0x000000eb8e8fc978 mode 0
Event: 166.828 Thread 0x0000025fa973dab0 DEOPT PACKING pc=0x0000025f8e9300a9 sp=0x000000eb8e8fd500
Event: 166.828 Thread 0x0000025fa973dab0 DEOPT UNPACKING pc=0x0000025f955d6e43 sp=0x000000eb8e8fc978 mode 0
Event: 166.828 Thread 0x0000025fa973dab0 DEOPT PACKING pc=0x0000025f8e9300a9 sp=0x000000eb8e8fd580
Event: 166.828 Thread 0x0000025fa973dab0 DEOPT UNPACKING pc=0x0000025f955d6e43 sp=0x000000eb8e8fc9f8 mode 0
Event: 166.830 Thread 0x0000025fa973dab0 DEOPT PACKING pc=0x0000025f8e9300a9 sp=0x000000eb8e8fd800
Event: 166.830 Thread 0x0000025fa973dab0 DEOPT UNPACKING pc=0x0000025f955d6e43 sp=0x000000eb8e8fcc78 mode 0
Event: 166.833 Thread 0x0000025fa973dab0 DEOPT PACKING pc=0x0000025f8ef5e085 sp=0x000000eb8e8fdea0
Event: 166.833 Thread 0x0000025fa973dab0 DEOPT UNPACKING pc=0x0000025f955d6e43 sp=0x000000eb8e8fd3e8 mode 0
Event: 167.072 Thread 0x0000025fa973dab0 DEOPT PACKING pc=0x0000025f8ef5e085 sp=0x000000eb8e8fd690
Event: 167.072 Thread 0x0000025fa973dab0 DEOPT UNPACKING pc=0x0000025f955d6e43 sp=0x000000eb8e8fcbb8 mode 0
Event: 179.783 Thread 0x0000025fa973dab0 DEOPT PACKING pc=0x0000025f8f1bf9ec sp=0x000000eb8e8fe4f0
Event: 179.783 Thread 0x0000025fa973dab0 DEOPT UNPACKING pc=0x0000025f955d6e43 sp=0x000000eb8e8fda08 mode 0
Event: 179.791 Thread 0x0000025fa973dab0 DEOPT PACKING pc=0x0000025f8f79fcaa sp=0x000000eb8e8fe450
Event: 179.791 Thread 0x0000025fa973dab0 DEOPT UNPACKING pc=0x0000025f955d6e43 sp=0x000000eb8e8fd910 mode 0
Event: 180.749 Thread 0x0000025fa973dab0 Uncommon trap: trap_request=0xffffff6e fr.pc=0x0000025f963c185c relative=0x000000000000013c
Event: 180.749 Thread 0x0000025fa973dab0 Uncommon trap: reason=loop_limit_check action=maybe_recompile pc=0x0000025f963c185c method=java.util.regex.Pattern$Start.match(Ljava/util/regex/Matcher;ILjava/lang/CharSequence;)Z @ 34 c2
Event: 180.749 Thread 0x0000025fa973dab0 DEOPT PACKING pc=0x0000025f963c185c sp=0x000000eb8e8fe1b0
Event: 180.749 Thread 0x0000025fa973dab0 DEOPT UNPACKING pc=0x0000025f955d66a3 sp=0x000000eb8e8fe140 mode 2

Classes unloaded (20 events):
Event: 132.241 Thread 0x0000025fa4570dc0 Unloading class 0x0000000100894800 'java/lang/invoke/LambdaForm$MH+0x0000000100894800'
Event: 132.241 Thread 0x0000025fa4570dc0 Unloading class 0x0000000100894000 'java/lang/invoke/LambdaForm$MH+0x0000000100894000'
Event: 132.241 Thread 0x0000025fa4570dc0 Unloading class 0x0000000100893400 'java/lang/invoke/LambdaForm$MH+0x0000000100893400'
Event: 132.241 Thread 0x0000025fa4570dc0 Unloading class 0x0000000100893800 'java/lang/invoke/LambdaForm$MH+0x0000000100893800'
Event: 132.241 Thread 0x0000025fa4570dc0 Unloading class 0x0000000100892c00 'java/lang/invoke/LambdaForm$MH+0x0000000100892c00'
Event: 132.241 Thread 0x0000025fa4570dc0 Unloading class 0x0000000100892800 'java/lang/invoke/LambdaForm$MH+0x0000000100892800'
Event: 132.241 Thread 0x0000025fa4570dc0 Unloading class 0x0000000100892400 'java/lang/invoke/LambdaForm$MH+0x0000000100892400'
Event: 132.241 Thread 0x0000025fa4570dc0 Unloading class 0x0000000100891c00 'java/lang/invoke/LambdaForm$MH+0x0000000100891c00'
Event: 132.241 Thread 0x0000025fa4570dc0 Unloading class 0x0000000100891400 'java/lang/invoke/LambdaForm$MH+0x0000000100891400'
Event: 132.241 Thread 0x0000025fa4570dc0 Unloading class 0x0000000100891000 'java/lang/invoke/LambdaForm$MH+0x0000000100891000'
Event: 132.241 Thread 0x0000025fa4570dc0 Unloading class 0x0000000100890800 'java/lang/invoke/LambdaForm$MH+0x0000000100890800'
Event: 132.241 Thread 0x0000025fa4570dc0 Unloading class 0x0000000100890400 'java/lang/invoke/LambdaForm$MH+0x0000000100890400'
Event: 132.241 Thread 0x0000025fa4570dc0 Unloading class 0x0000000100890000 'java/lang/invoke/LambdaForm$MH+0x0000000100890000'
Event: 132.241 Thread 0x0000025fa4570dc0 Unloading class 0x0000000100889800 'java/lang/invoke/LambdaForm$MH+0x0000000100889800'
Event: 132.241 Thread 0x0000025fa4570dc0 Unloading class 0x0000000100889400 'java/lang/invoke/LambdaForm$DMH+0x0000000100889400'
Event: 132.241 Thread 0x0000025fa4570dc0 Unloading class 0x0000000100889000 'java/lang/invoke/LambdaForm$DMH+0x0000000100889000'
Event: 132.241 Thread 0x0000025fa4570dc0 Unloading class 0x0000000100888800 'java/lang/invoke/LambdaForm$DMH+0x0000000100888800'
Event: 132.241 Thread 0x0000025fa4570dc0 Unloading class 0x0000000100888000 'java/lang/invoke/LambdaForm$DMH+0x0000000100888000'
Event: 132.241 Thread 0x0000025fa4570dc0 Unloading class 0x0000000100870800 'java/lang/invoke/LambdaForm$DMH+0x0000000100870800'
Event: 132.241 Thread 0x0000025fa4570dc0 Unloading class 0x0000000100870400 'java/lang/invoke/LambdaForm$DMH+0x0000000100870400'

Classes redefined (0 events):
No events

Internal exceptions (20 events):
Event: 167.122 Thread 0x0000025fa973dab0 Exception <a 'java/lang/ClassNotFoundException'{0x00000000eb09f128}: sun/net/www/protocol/jdt/Handler> (0x00000000eb09f128) 
thrown [s\src\hotspot\share\classfile\systemDictionary.cpp, line 256]
Event: 167.123 Thread 0x0000025fa973dab0 Exception <a 'java/lang/ClassNotFoundException'{0x00000000eb0a18d8}: sun/net/www/protocol/jdt/Handler> (0x00000000eb0a18d8) 
thrown [s\src\hotspot\share\classfile\systemDictionary.cpp, line 256]
Event: 167.123 Thread 0x0000025fa973dab0 Exception <a 'java/lang/ClassNotFoundException'{0x00000000eb0a40c0}: sun/net/www/protocol/jdt/Handler> (0x00000000eb0a40c0) 
thrown [s\src\hotspot\share\classfile\systemDictionary.cpp, line 256]
Event: 167.123 Thread 0x0000025fa973dab0 Exception <a 'java/lang/ClassNotFoundException'{0x00000000eb0a6870}: sun/net/www/protocol/jdt/Handler> (0x00000000eb0a6870) 
thrown [s\src\hotspot\share\classfile\systemDictionary.cpp, line 256]
Event: 167.123 Thread 0x0000025fa973dab0 Exception <a 'java/lang/ClassNotFoundException'{0x00000000eb0a9020}: sun/net/www/protocol/jdt/Handler> (0x00000000eb0a9020) 
thrown [s\src\hotspot\share\classfile\systemDictionary.cpp, line 256]
Event: 167.124 Thread 0x0000025fa973dab0 Exception <a 'java/lang/ClassNotFoundException'{0x00000000eb0ab818}: sun/net/www/protocol/jdt/Handler> (0x00000000eb0ab818) 
thrown [s\src\hotspot\share\classfile\systemDictionary.cpp, line 256]
Event: 167.124 Thread 0x0000025fa973dab0 Exception <a 'java/lang/ClassNotFoundException'{0x00000000eb0adfc8}: sun/net/www/protocol/jdt/Handler> (0x00000000eb0adfc8) 
thrown [s\src\hotspot\share\classfile\systemDictionary.cpp, line 256]
Event: 167.124 Thread 0x0000025fa973dab0 Exception <a 'java/lang/ClassNotFoundException'{0x00000000eb0b0778}: sun/net/www/protocol/jdt/Handler> (0x00000000eb0b0778) 
thrown [s\src\hotspot\share\classfile\systemDictionary.cpp, line 256]
Event: 180.742 Thread 0x0000025fa973dab0 Exception <a 'java/lang/ClassNotFoundException'{0x00000000eac7e0e8}: sun/net/www/protocol/jdt/Handler> (0x00000000eac7e0e8) 
thrown [s\src\hotspot\share\classfile\systemDictionary.cpp, line 256]
Event: 180.742 Thread 0x0000025fa973dab0 Exception <a 'java/lang/ClassNotFoundException'{0x00000000eac82df0}: sun/net/www/protocol/jdt/Handler> (0x00000000eac82df0) 
thrown [s\src\hotspot\share\classfile\systemDictionary.cpp, line 256]
Event: 180.744 Thread 0x0000025fa973dab0 Exception <a 'java/lang/ClassNotFoundException'{0x00000000eac855a0}: sun/net/www/protocol/jdt/Handler> (0x00000000eac855a0) 
thrown [s\src\hotspot\share\classfile\systemDictionary.cpp, line 256]
Event: 180.744 Thread 0x0000025fa973dab0 Exception <a 'java/lang/ClassNotFoundException'{0x00000000eac97fb0}: sun/net/www/protocol/jdt/Handler> (0x00000000eac97fb0) 
thrown [s\src\hotspot\share\classfile\systemDictionary.cpp, line 256]
Event: 180.745 Thread 0x0000025fa973dab0 Exception <a 'java/lang/ClassNotFoundException'{0x00000000eac9a788}: sun/net/www/protocol/jdt/Handler> (0x00000000eac9a788) 
thrown [s\src\hotspot\share\classfile\systemDictionary.cpp, line 256]
Event: 180.746 Thread 0x0000025fa973dab0 Exception <a 'java/lang/ClassNotFoundException'{0x00000000eac9cf38}: sun/net/www/protocol/jdt/Handler> (0x00000000eac9cf38) 
thrown [s\src\hotspot\share\classfile\systemDictionary.cpp, line 256]
Event: 180.746 Thread 0x0000025fa973dab0 Exception <a 'java/lang/ClassNotFoundException'{0x00000000eac9f720}: sun/net/www/protocol/jdt/Handler> (0x00000000eac9f720) 
thrown [s\src\hotspot\share\classfile\systemDictionary.cpp, line 256]
Event: 180.746 Thread 0x0000025fa973dab0 Exception <a 'java/lang/ClassNotFoundException'{0x00000000eaca1ed0}: sun/net/www/protocol/jdt/Handler> (0x00000000eaca1ed0) 
thrown [s\src\hotspot\share\classfile\systemDictionary.cpp, line 256]
Event: 180.747 Thread 0x0000025fa973dab0 Exception <a 'java/lang/ClassNotFoundException'{0x00000000eaca4680}: sun/net/www/protocol/jdt/Handler> (0x00000000eaca4680) 
thrown [s\src\hotspot\share\classfile\systemDictionary.cpp, line 256]
Event: 180.747 Thread 0x0000025fa973dab0 Exception <a 'java/lang/ClassNotFoundException'{0x00000000eaca6e78}: sun/net/www/protocol/jdt/Handler> (0x00000000eaca6e78) 
thrown [s\src\hotspot\share\classfile\systemDictionary.cpp, line 256]
Event: 180.747 Thread 0x0000025fa973dab0 Exception <a 'java/lang/ClassNotFoundException'{0x00000000eaca9628}: sun/net/www/protocol/jdt/Handler> (0x00000000eaca9628) 
thrown [s\src\hotspot\share\classfile\systemDictionary.cpp, line 256]
Event: 180.748 Thread 0x0000025fa973dab0 Exception <a 'java/lang/ClassNotFoundException'{0x00000000eacabdd8}: sun/net/www/protocol/jdt/Handler> (0x00000000eacabdd8) 
thrown [s\src\hotspot\share\classfile\systemDictionary.cpp, line 256]

VM Operations (20 events):
Event: 180.269 Executing VM operation: ParallelGCFailedAllocation
Event: 180.270 Executing VM operation: ParallelGCFailedAllocation done
Event: 180.341 Executing VM operation: ParallelGCFailedAllocation
Event: 180.342 Executing VM operation: ParallelGCFailedAllocation done
Event: 180.392 Executing VM operation: ParallelGCFailedAllocation
Event: 180.393 Executing VM operation: ParallelGCFailedAllocation done
Event: 180.445 Executing VM operation: ParallelGCFailedAllocation
Event: 180.446 Executing VM operation: ParallelGCFailedAllocation done
Event: 180.496 Executing VM operation: ParallelGCFailedAllocation
Event: 180.497 Executing VM operation: ParallelGCFailedAllocation done
Event: 180.560 Executing VM operation: ParallelGCFailedAllocation
Event: 180.561 Executing VM operation: ParallelGCFailedAllocation done
Event: 180.615 Executing VM operation: ParallelGCFailedAllocation
Event: 180.616 Executing VM operation: ParallelGCFailedAllocation done
Event: 180.633 Executing VM operation: HandshakeAllThreads
Event: 180.633 Executing VM operation: HandshakeAllThreads done
Event: 180.669 Executing VM operation: ParallelGCFailedAllocation
Event: 180.671 Executing VM operation: ParallelGCFailedAllocation done
Event: 180.729 Executing VM operation: ParallelGCFailedAllocation
Event: 180.730 Executing VM operation: ParallelGCFailedAllocation done

Events (20 events):
Event: 166.639 Thread 0x0000025fa461b140 flushing nmethod 0x0000025f8f5fc990
Event: 166.639 Thread 0x0000025fa461b140 flushing nmethod 0x0000025f8f5fce90
Event: 166.639 Thread 0x0000025fa461b140 flushing nmethod 0x0000025f8f5fe610
Event: 166.639 Thread 0x0000025fa461b140 flushing nmethod 0x0000025f8f5fef10
Event: 166.639 Thread 0x0000025fa461b140 flushing nmethod 0x0000025f8f5ff610
Event: 166.639 Thread 0x0000025fa461b140 flushing nmethod 0x0000025f8f607290
Event: 166.639 Thread 0x0000025fa461b140 flushing nmethod 0x0000025f8f609290
Event: 166.639 Thread 0x0000025fa461b140 flushing nmethod 0x0000025f8f609c10
Event: 166.639 Thread 0x0000025fa461b140 flushing nmethod 0x0000025f8f60b810
Event: 166.639 Thread 0x0000025fa461b140 flushing nmethod 0x0000025f8f60bd10
Event: 166.639 Thread 0x0000025fa461b140 flushing nmethod 0x0000025f8f60d010
Event: 166.639 Thread 0x0000025fa461b140 flushing nmethod 0x0000025f8f60d510
Event: 166.639 Thread 0x0000025fa461b140 flushing nmethod 0x0000025f8f618f90
Event: 166.640 Thread 0x0000025fa461b140 flushing nmethod 0x0000025f8f692110
Event: 166.640 Thread 0x0000025fa461b140 flushing nmethod 0x0000025f8f6f7a90
Event: 166.640 Thread 0x0000025fa461b140 flushing nmethod 0x0000025f8f7a3b10
Event: 166.640 Thread 0x0000025fa461b140 flushing nmethod 0x0000025f8f7af890
Event: 166.643 Thread 0x0000025fa5919010 Thread added: 0x0000025fa5919010
Event: 166.649 Thread 0x0000025fa591b890 Thread exited: 0x0000025fa591b890
Event: 171.673 Thread 0x0000025fa5919010 Thread exited: 0x0000025fa5919010


Dynamic libraries:
0x00007ff6805a0000 - 0x00007ff6805ae000 	c:\Users\Nacho\.vscode\extensions\redhat.java-1.28.1-win32-x64\jre\17.0.10-win32-x86_64\bin\java.exe
0x00007fffd78d0000 - 0x00007fffd7ac8000 	C:\WINDOWS\SYSTEM32\ntdll.dll
0x00007fffd6ef0000 - 0x00007fffd6fad000 	C:\WINDOWS\System32\KERNEL32.DLL
0x00007fffd52d0000 - 0x00007fffd55c6000 	C:\WINDOWS\System32\KERNELBASE.dll
0x00007fffd56b0000 - 0x00007fffd57b0000 	C:\WINDOWS\System32\ucrtbase.dll
0x00007fff826c0000 - 0x00007fff826d7000 	c:\Users\Nacho\.vscode\extensions\redhat.java-1.28.1-win32-x64\jre\17.0.10-win32-x86_64\bin\jli.dll
0x00007fff826e0000 - 0x00007fff826fb000 	c:\Users\Nacho\.vscode\extensions\redhat.java-1.28.1-win32-x64\jre\17.0.10-win32-x86_64\bin\VCRUNTIME140.dll
0x00007fffd6540000 - 0x00007fffd66de000 	C:\WINDOWS\System32\USER32.dll
0x00007fffd5680000 - 0x00007fffd56a2000 	C:\WINDOWS\System32\win32u.dll
0x00007fffbb820000 - 0x00007fffbbaba000 	C:\WINDOWS\WinSxS\amd64_microsoft.windows.common-controls_6595b64144ccf1df_6.0.19041.3636_none_60b6a03d71f818d5\COMCTL32.dll
0x00007fffd6220000 - 0x00007fffd62be000 	C:\WINDOWS\System32\msvcrt.dll
0x00007fffd6a30000 - 0x00007fffd6a5b000 	C:\WINDOWS\System32\GDI32.dll
0x00007fffd50f0000 - 0x00007fffd5207000 	C:\WINDOWS\System32\gdi32full.dll
0x00007fffd5870000 - 0x00007fffd590d000 	C:\WINDOWS\System32\msvcp_win.dll
0x00007fffd5910000 - 0x00007fffd5942000 	C:\WINDOWS\System32\IMM32.DLL
0x00007fff99930000 - 0x00007fff9993c000 	c:\Users\Nacho\.vscode\extensions\redhat.java-1.28.1-win32-x64\jre\17.0.10-win32-x86_64\bin\vcruntime140_1.dll
0x00007fff82630000 - 0x00007fff826bd000 	c:\Users\Nacho\.vscode\extensions\redhat.java-1.28.1-win32-x64\jre\17.0.10-win32-x86_64\bin\msvcp140.dll
0x00007fff819c0000 - 0x00007fff82622000 	c:\Users\Nacho\.vscode\extensions\redhat.java-1.28.1-win32-x64\jre\17.0.10-win32-x86_64\bin\server\jvm.dll
0x00007fffd68c0000 - 0x00007fffd6973000 	C:\WINDOWS\System32\ADVAPI32.dll
0x00007fffd60a0000 - 0x00007fffd613f000 	C:\WINDOWS\System32\sechost.dll
0x00007fffd6790000 - 0x00007fffd68b6000 	C:\WINDOWS\System32\RPCRT4.dll
0x00007fffd5840000 - 0x00007fffd5867000 	C:\WINDOWS\System32\bcrypt.dll
0x00007fff99280000 - 0x00007fff99289000 	C:\WINDOWS\SYSTEM32\WSOCK32.dll
0x00007fffd7660000 - 0x00007fffd76cb000 	C:\WINDOWS\System32\WS2_32.dll
0x00007fffd4530000 - 0x00007fffd457b000 	C:\WINDOWS\SYSTEM32\POWRPROF.dll
0x00007fffcd0a0000 - 0x00007fffcd0aa000 	C:\WINDOWS\SYSTEM32\VERSION.dll
0x00007fffc4290000 - 0x00007fffc42b7000 	C:\WINDOWS\SYSTEM32\WINMM.dll
0x00007fffd43a0000 - 0x00007fffd43b2000 	C:\WINDOWS\SYSTEM32\UMPDC.dll
0x00007fffd2e40000 - 0x00007fffd2e52000 	C:\WINDOWS\SYSTEM32\kernel.appcore.dll
0x00007fff981f0000 - 0x00007fff981fa000 	c:\Users\Nacho\.vscode\extensions\redhat.java-1.28.1-win32-x64\jre\17.0.10-win32-x86_64\bin\jimage.dll
0x00007fffd1620000 - 0x00007fffd1804000 	C:\WINDOWS\SYSTEM32\DBGHELP.DLL
0x00007fffb41b0000 - 0x00007fffb41e4000 	C:\WINDOWS\SYSTEM32\dbgcore.DLL
0x00007fffd57b0000 - 0x00007fffd5832000 	C:\WINDOWS\System32\bcryptPrimitives.dll
0x00007fff97e50000 - 0x00007fff97e5e000 	c:\Users\Nacho\.vscode\extensions\redhat.java-1.28.1-win32-x64\jre\17.0.10-win32-x86_64\bin\instrument.dll
0x00007fff81990000 - 0x00007fff819b5000 	c:\Users\Nacho\.vscode\extensions\redhat.java-1.28.1-win32-x64\jre\17.0.10-win32-x86_64\bin\java.dll
0x00007fff81970000 - 0x00007fff81988000 	c:\Users\Nacho\.vscode\extensions\redhat.java-1.28.1-win32-x64\jre\17.0.10-win32-x86_64\bin\zip.dll
0x00007fffd5950000 - 0x00007fffd6095000 	C:\WINDOWS\System32\SHELL32.dll
0x00007fffd3040000 - 0x00007fffd37dc000 	C:\WINDOWS\SYSTEM32\windows.storage.dll
0x00007fffd7070000 - 0x00007fffd73c4000 	C:\WINDOWS\System32\combase.dll
0x00007fffd49c0000 - 0x00007fffd49ee000 	C:\WINDOWS\SYSTEM32\Wldp.dll
0x00007fffd62c0000 - 0x00007fffd638d000 	C:\WINDOWS\System32\OLEAUT32.dll
0x00007fffd66e0000 - 0x00007fffd678d000 	C:\WINDOWS\System32\SHCORE.dll
0x00007fffd73d0000 - 0x00007fffd7425000 	C:\WINDOWS\System32\shlwapi.dll
0x00007fffd4ec0000 - 0x00007fffd4ee5000 	C:\WINDOWS\SYSTEM32\profapi.dll
0x00007fff81950000 - 0x00007fff81969000 	C:\Users\Nacho\.vscode\extensions\redhat.java-1.28.1-win32-x64\jre\17.0.10-win32-x86_64\bin\net.dll
0x00007fffccbd0000 - 0x00007fffcccda000 	C:\WINDOWS\SYSTEM32\WINHTTP.dll
0x00007fffd4720000 - 0x00007fffd478a000 	C:\WINDOWS\system32\mswsock.dll
0x00007fff81930000 - 0x00007fff81946000 	C:\Users\Nacho\.vscode\extensions\redhat.java-1.28.1-win32-x64\jre\17.0.10-win32-x86_64\bin\nio.dll
0x00007fff96220000 - 0x00007fff96230000 	c:\Users\Nacho\.vscode\extensions\redhat.java-1.28.1-win32-x64\jre\17.0.10-win32-x86_64\bin\verify.dll
0x00007fffbe7e0000 - 0x00007fffbe81e000 	C:\Users\Nacho\AppData\Roaming\Code\User\globalStorage\redhat.java\1.28.1\config_win\org.eclipse.equinox.launcher\org.eclipse.equinox.launcher.win32.win32.x86_64_1.2.900.v20240129-1338\eclipse_11900.dll
0x00007fffd7760000 - 0x00007fffd788b000 	C:\WINDOWS\System32\ole32.dll
0x00007fffd4920000 - 0x00007fffd4938000 	C:\WINDOWS\SYSTEM32\CRYPTSP.dll
0x00007fffd3fe0000 - 0x00007fffd4014000 	C:\WINDOWS\system32\rsaenh.dll
0x00007fffd4e80000 - 0x00007fffd4eae000 	C:\WINDOWS\SYSTEM32\USERENV.dll
0x00007fffd4910000 - 0x00007fffd491c000 	C:\WINDOWS\SYSTEM32\CRYPTBASE.dll
0x00007fffd43c0000 - 0x00007fffd43fb000 	C:\WINDOWS\SYSTEM32\IPHLPAPI.DLL
0x00007fffd6520000 - 0x00007fffd6528000 	C:\WINDOWS\System32\NSI.dll
0x00007fffcd930000 - 0x00007fffcd947000 	C:\WINDOWS\SYSTEM32\dhcpcsvc6.DLL
0x00007fffce140000 - 0x00007fffce15d000 	C:\WINDOWS\SYSTEM32\dhcpcsvc.DLL
0x00007fffd4410000 - 0x00007fffd44db000 	C:\WINDOWS\SYSTEM32\DNSAPI.dll
0x00007fffce020000 - 0x00007fffce065000 	C:\Users\Nacho\AppData\Local\Temp\jna-75022839\jna3723452659998882942.dll
0x00007fffd63f0000 - 0x00007fffd63f8000 	C:\WINDOWS\System32\PSAPI.DLL
0x00007fffa69a0000 - 0x00007fffa69ae000 	C:\Users\Nacho\.vscode\extensions\redhat.java-1.28.1-win32-x64\jre\17.0.10-win32-x86_64\bin\sunmscapi.dll
0x00007fffd4f90000 - 0x00007fffd50ed000 	C:\WINDOWS\System32\CRYPT32.dll
0x00007fffd4a30000 - 0x00007fffd4a58000 	C:\WINDOWS\SYSTEM32\ncrypt.dll
0x00007fffd49f0000 - 0x00007fffd4a2b000 	C:\WINDOWS\SYSTEM32\NTASN1.dll
0x00007fffcb710000 - 0x00007fffcb71a000 	C:\Windows\System32\rasadhlp.dll
0x00007fffcb730000 - 0x00007fffcb7b0000 	C:\WINDOWS\System32\fwpuclnt.dll
0x00007fffd2060000 - 0x00007fffd2069000 	C:\Users\Nacho\.vscode\extensions\redhat.java-1.28.1-win32-x64\jre\17.0.10-win32-x86_64\bin\extnet.dll

dbghelp: loaded successfully - version: 4.0.5 - missing functions: none
symbol engine: initialized successfully - sym options: 0x614 - pdb path: .;c:\Users\Nacho\.vscode\extensions\redhat.java-1.28.1-win32-x64\jre\17.0.10-win32-x86_64\bin;C:\WINDOWS\SYSTEM32;C:\WINDOWS\WinSxS\amd64_microsoft.windows.common-controls_6595b64144ccf1df_6.0.19041.3636_none_60b6a03d71f818d5;c:\Users\Nacho\.vscode\extensions\redhat.java-1.28.1-win32-x64\jre\17.0.10-win32-x86_64\bin\server;C:\Users\Nacho\AppData\Roaming\Code\User\globalStorage\redhat.java\1.28.1\config_win\org.eclipse.equinox.launcher\org.eclipse.equinox.launcher.win32.win32.x86_64_1.2.900.v20240129-1338;C:\Users\Nacho\AppData\Local\Temp\jna-75022839

VM Arguments:
jvm_args: --add-modules=ALL-SYSTEM --add-opens=java.base/java.util=ALL-UNNAMED --add-opens=java.base/java.lang=ALL-UNNAMED --add-opens=java.base/sun.nio.fs=ALL-UNNAMED -Declipse.application=org.eclipse.jdt.ls.core.id1 -Dosgi.bundles.defaultStartLevel=4 -Declipse.product=org.eclipse.jdt.ls.core.product -Djava.import.generatesMetadataFilesAtProjectRoot=false -DDetectVMInstallationsJob.disabled=true -Dfile.encoding=utf8 -XX:+UseParallelGC -XX:GCTimeRatio=4 -XX:AdaptiveSizePolicyWeight=90 -Dsun.zip.disableMemoryMapping=true -Xmx1G -Xms100m -Xlog:disable -javaagent:c:\Users\Nacho\.vscode\extensions\redhat.java-1.28.1-win32-x64\lombok\lombok-1.18.31.jar -XX:+HeapDumpOnOutOfMemoryError -XX:HeapDumpPath=c:\Users\Nacho\AppData\Roaming\Code\User\workspaceStorage\948f9e9c46396022b1df48f2360f3a9f\redhat.java -Daether.dependencyCollector.impl=bf 
java_command: c:\Users\Nacho\.vscode\extensions\redhat.java-1.28.1-win32-x64\server\plugins\org.eclipse.equinox.launcher_1.6.700.v20231214-2017.jar -configuration c:\Users\Nacho\AppData\Roaming\Code\User\globalStorage\redhat.java\1.28.1\config_win -data c:\Users\Nacho\AppData\Roaming\Code\User\workspaceStorage\948f9e9c46396022b1df48f2360f3a9f\redhat.java\jdt_ws --stdio
java_class_path (initial): c:\Users\Nacho\.vscode\extensions\redhat.java-1.28.1-win32-x64\server\plugins\org.eclipse.equinox.launcher_1.6.700.v20231214-2017.jar
Launcher Type: SUN_STANDARD

[Global flags]
    uintx AdaptiveSizePolicyWeight                 = 90                                        {product} {command line}
     intx CICompilerCount                          = 4                                         {product} {ergonomic}
    uintx GCTimeRatio                              = 4                                         {product} {command line}
     bool HeapDumpOnOutOfMemoryError               = true                                   {manageable} {command line}
    ccstr HeapDumpPath                             = c:\Users\Nacho\AppData\Roaming\Code\User\workspaceStorage\948f9e9c46396022b1df48f2360f3a9f\redhat.java         {manageable} {command line}
   size_t InitialHeapSize                          = 104857600                                 {product} {command line}
   size_t MaxHeapSize                              = 1073741824                                {product} {command line}
   size_t MaxNewSize                               = 357564416                                 {product} {ergonomic}
   size_t MinHeapDeltaBytes                        = 524288                                    {product} {ergonomic}
   size_t MinHeapSize                              = 104857600                                 {product} {command line}
   size_t NewSize                                  = 34603008                                  {product} {ergonomic}
    uintx NonNMethodCodeHeapSize                   = 5839372                                {pd product} {ergonomic}
    uintx NonProfiledCodeHeapSize                  = 122909434                              {pd product} {ergonomic}
   size_t OldSize                                  = 70254592                                  {product} {ergonomic}
    uintx ProfiledCodeHeapSize                     = 122909434                              {pd product} {ergonomic}
    uintx ReservedCodeCacheSize                    = 251658240                              {pd product} {ergonomic}
     bool SegmentedCodeCache                       = true                                      {product} {ergonomic}
   size_t SoftMaxHeapSize                          = 1073741824                             {manageable} {ergonomic}
     bool UseCompressedClassPointers               = true                           {product lp64_product} {ergonomic}
     bool UseCompressedOops                        = true                           {product lp64_product} {ergonomic}
     bool UseLargePagesIndividualAllocation        = false                                  {pd product} {ergonomic}
     bool UseParallelGC                            = true                                      {product} {command line}

Logging:
Log output configuration:
 #0: stdout all=off uptime,level,tags
 #1: stderr all=off uptime,level,tags

Environment Variables:
PATH=C:\Program Files\Eclipse Adoptium\jdk-17.0.8.101-hotspot\bin;C:\WINDOWS\system32;C:\WINDOWS;C:\WINDOWS\System32\Wbem;C:\WINDOWS\System32\WindowsPowerShell\v1.0\;C:\WINDOWS\System32\OpenSSH\;C:\Program Files\dotnet\;C:\Users\Nacho\AppData\Local\Microsoft\WindowsApps;;C:\Users\Nacho\AppData\Local\Programs\Microsoft VS Code\bin
USERNAME=Nacho
OS=Windows_NT
PROCESSOR_IDENTIFIER=Intel64 Family 6 Model 142 Stepping 12, GenuineIntel
TMP=C:\Users\Nacho\AppData\Local\Temp
TEMP=C:\Users\Nacho\AppData\Local\Temp



Periodic native trim disabled


---------------  S Y S T E M  ---------------

OS:
 Windows 10 , 64 bit Build 19041 (10.0.19041.3636)
OS uptime: 10 days 0:33 hours

CPU: total 8 (initial active 8) (4 cores per cpu, 2 threads per core) family 6 model 142 stepping 12 microcode 0xde, cx8, cmov, fxsr, ht, mmx, 3dnowpref, sse, sse2, sse3, ssse3, sse4.1, sse4.2, popcnt, lzcnt, tsc, tscinvbit, avx, avx2, aes, erms, clmul, bmi1, bmi2, adx, fma, vzeroupper, clflush, clflushopt
Processor Information for all 8 processors :
  Max Mhz: 2112, Current Mhz: 2112, Mhz Limit: 1605

Memory: 4k page, system-wide physical 8025M (272M free)
TotalPageFile size 32601M (AvailPageFile size 4M)
current process WorkingSet (physical memory assigned to process): 342M, peak: 344M
current process commit charge ("private bytes"): 381M, peak: 391M

vm_info: OpenJDK 64-Bit Server VM (17.0.10+7) for windows-amd64 JRE (17.0.10+7), built on Jan 16 2024 23:25:11 by "admin" with MS VC++ 16.10 / 16.11 (VS2019)

END.
