#
# There is insufficient memory for the Java Runtime Environment to continue.
# Native memory allocation (mmap) failed to map 132120576 bytes for G1 virtual space
# Possible reasons:
#   The system is out of physical RAM or swap space
#   The process is running with CompressedOops enabled, and the Java Heap may be blocking the growth of the native heap
# Possible solutions:
#   Reduce memory load on the system
#   Increase physical memory or swap space
#   Check if swap backing store is full
#   Decrease Java heap size (-Xmx/-Xms)
#   Decrease number of Java threads
#   Decrease Java thread stack sizes (-Xss)
#   Set larger code cache with -XX:ReservedCodeCacheSize=
#   JVM is running with Unscaled Compressed Oops mode in which the Java heap is
#     placed in the first 4GB address space. The Java Heap base address is the
#     maximum limit for the native heap growth. Please use -XX:HeapBaseMinAddress
#     to set the Java Heap base and to place the Java Heap above 4GB virtual address.
# This output file may be truncated or incomplete.
#
#  Out of Memory Error (os_windows.cpp:3617), pid=16288, tid=17840
#
# JRE version:  (17.0.8.1+1) (build )
# Java VM: OpenJDK 64-Bit Server VM (17.0.8.1+1, mixed mode, sharing, tiered, compressed oops, compressed class ptrs, g1 gc, windows-amd64)
# No core dump will be written. Minidumps are not enabled by default on client versions of Windows
#

---------------  S U M M A R Y ------------

Command Line: -XX:+ShowCodeDetailsInExceptionMessages Main

Host: Intel(R) Core(TM) i5-10210U CPU @ 1.60GHz, 8 cores, 7G,  Windows 10 , 64 bit Build 19041 (10.0.19041.3636)
Time: Mon Mar 11 23:41:17 2024 Hora estándar central (México) elapsed time: 0.019942 seconds (0d 0h 0m 0s)

---------------  T H R E A D  ---------------

Current thread (0x0000028b83eeea50):  JavaThread "Unknown thread" [_thread_in_vm, id=17840, stack(0x000000da6a100000,0x000000da6a200000)]

Stack: [0x000000da6a100000,0x000000da6a200000]
Native frames: (J=compiled Java code, j=interpreted, Vv=VM code, C=native code)
V  [jvm.dll+0x678b0a]
V  [jvm.dll+0x835e84]
V  [jvm.dll+0x83762e]
V  [jvm.dll+0x837c93]
V  [jvm.dll+0x24746f]
V  [jvm.dll+0x675859]
V  [jvm.dll+0x66a0ea]
V  [jvm.dll+0x306c7b]
V  [jvm.dll+0x30e166]
V  [jvm.dll+0x35dd3e]
V  [jvm.dll+0x35df6f]
V  [jvm.dll+0x2ddb48]
V  [jvm.dll+0x2deab4]
V  [jvm.dll+0x807f31]
V  [jvm.dll+0x36bb21]
V  [jvm.dll+0x7e733c]
V  [jvm.dll+0x3ee4af]
V  [jvm.dll+0x3f00c1]
C  [jli.dll+0x528b]
C  [ucrtbase.dll+0x21bb2]
C  [KERNEL32.DLL+0x17344]
C  [ntdll.dll+0x526b1]


---------------  P R O C E S S  ---------------

Threads class SMR info:
_java_thread_list=0x00007fff7b17a018, length=0, elements={
}

Java Threads: ( => current thread )

Other Threads:
  0x0000028b83fd7600 GCTaskThread "GC Thread#0" [stack: 0x000000da6a200000,0x000000da6a300000] [id=10636]
  0x0000028b83fe8050 ConcurrentGCThread "G1 Main Marker" [stack: 0x000000da6a300000,0x000000da6a400000] [id=7160]
  0x0000028b83fe9200 ConcurrentGCThread "G1 Conc#0" [stack: 0x000000da6a400000,0x000000da6a500000] [id=1924]

[error occurred during error reporting (printing all threads), id 0xc0000005, EXCEPTION_ACCESS_VIOLATION (0xc0000005) at pc=0x00007fff7a94e587]

VM state: not at safepoint (not fully initialized)

VM Mutex/Monitor currently owned by a thread:  ([mutex/lock_event])
[0x0000028b83f7b540] Heap_lock - owner thread: 0x0000028b83eeea50

Heap address: 0x0000000082800000, size: 2008 MB, Compressed Oops mode: 32-bit

CDS archive(s) mapped at: [0x0000000000000000-0x0000000000000000-0x0000000000000000), size 0, SharedBaseAddress: 0x0000000800000000, ArchiveRelocationMode: 1.
Narrow klass base: 0x0000000000000000, Narrow klass shift: 0, Narrow klass range: 0x0

GC Precious Log:
<Empty>

Heap:
 garbage-first heap   total 0K, used 0K [0x0000000082800000, 0x0000000100000000)
  region size 1024K, 0 young (0K), 0 survivors (0K)

[error occurred during error reporting (printing heap information), id 0xc0000005, EXCEPTION_ACCESS_VIOLATION (0xc0000005) at pc=0x00007fff7ad32699]

GC Heap History (0 events):
No events

Dll operation events (1 events):
Event: 0.010 Loaded shared library C:\Program Files\Eclipse Adoptium\jdk-17.0.8.101-hotspot\bin\java.dll

Deoptimization events (0 events):
No events

Classes unloaded (0 events):
No events

Classes redefined (0 events):
No events

Internal exceptions (0 events):
No events

VM Operations (0 events):
No events

Events (0 events):
No events


Dynamic libraries:
0x00007ff74a6c0000 - 0x00007ff74a6ce000 	C:\Program Files\Eclipse Adoptium\jdk-17.0.8.101-hotspot\bin\java.exe
0x00007fffd78d0000 - 0x00007fffd7ac8000 	C:\WINDOWS\SYSTEM32\ntdll.dll
0x00007fffd6ef0000 - 0x00007fffd6fad000 	C:\WINDOWS\System32\KERNEL32.DLL
0x00007fffd52d0000 - 0x00007fffd55c6000 	C:\WINDOWS\System32\KERNELBASE.dll
0x00007fffd56b0000 - 0x00007fffd57b0000 	C:\WINDOWS\System32\ucrtbase.dll
0x00007fffd0350000 - 0x00007fffd0369000 	C:\Program Files\Eclipse Adoptium\jdk-17.0.8.101-hotspot\bin\VCRUNTIME140.dll
0x00007fffd0330000 - 0x00007fffd0347000 	C:\Program Files\Eclipse Adoptium\jdk-17.0.8.101-hotspot\bin\jli.dll
0x00007fffd6540000 - 0x00007fffd66de000 	C:\WINDOWS\System32\USER32.dll
0x00007fffbb820000 - 0x00007fffbbaba000 	C:\WINDOWS\WinSxS\amd64_microsoft.windows.common-controls_6595b64144ccf1df_6.0.19041.3636_none_60b6a03d71f818d5\COMCTL32.dll
0x00007fffd5680000 - 0x00007fffd56a2000 	C:\WINDOWS\System32\win32u.dll
0x00007fffd6220000 - 0x00007fffd62be000 	C:\WINDOWS\System32\msvcrt.dll
0x00007fffd6a30000 - 0x00007fffd6a5b000 	C:\WINDOWS\System32\GDI32.dll
0x00007fffd50f0000 - 0x00007fffd5207000 	C:\WINDOWS\System32\gdi32full.dll
0x00007fffd5870000 - 0x00007fffd590d000 	C:\WINDOWS\System32\msvcp_win.dll
0x00007fffd5910000 - 0x00007fffd5942000 	C:\WINDOWS\System32\IMM32.DLL
0x00007fffd0520000 - 0x00007fffd052c000 	C:\Program Files\Eclipse Adoptium\jdk-17.0.8.101-hotspot\bin\vcruntime140_1.dll
0x00007fff99af0000 - 0x00007fff99b81000 	C:\Program Files\Eclipse Adoptium\jdk-17.0.8.101-hotspot\bin\msvcp140.dll
0x00007fff7a660000 - 0x00007fff7b2ac000 	C:\Program Files\Eclipse Adoptium\jdk-17.0.8.101-hotspot\bin\server\jvm.dll
0x00007fffd68c0000 - 0x00007fffd6973000 	C:\WINDOWS\System32\ADVAPI32.dll
0x00007fffd60a0000 - 0x00007fffd613f000 	C:\WINDOWS\System32\sechost.dll
0x00007fffd6790000 - 0x00007fffd68b6000 	C:\WINDOWS\System32\RPCRT4.dll
0x00007fffd5840000 - 0x00007fffd5867000 	C:\WINDOWS\System32\bcrypt.dll
0x00007fffc4290000 - 0x00007fffc42b7000 	C:\WINDOWS\SYSTEM32\WINMM.dll
0x00007fff99280000 - 0x00007fff99289000 	C:\WINDOWS\SYSTEM32\WSOCK32.dll
0x00007fffcd0a0000 - 0x00007fffcd0aa000 	C:\WINDOWS\SYSTEM32\VERSION.dll
0x00007fffd4530000 - 0x00007fffd457b000 	C:\WINDOWS\SYSTEM32\POWRPROF.dll
0x00007fffd7660000 - 0x00007fffd76cb000 	C:\WINDOWS\System32\WS2_32.dll
0x00007fffd43a0000 - 0x00007fffd43b2000 	C:\WINDOWS\SYSTEM32\UMPDC.dll
0x00007fffd2e40000 - 0x00007fffd2e52000 	C:\WINDOWS\SYSTEM32\kernel.appcore.dll
0x00007fffd0480000 - 0x00007fffd048a000 	C:\Program Files\Eclipse Adoptium\jdk-17.0.8.101-hotspot\bin\jimage.dll
0x00007fffd1620000 - 0x00007fffd1804000 	C:\WINDOWS\SYSTEM32\DBGHELP.DLL
0x00007fffb41b0000 - 0x00007fffb41e4000 	C:\WINDOWS\SYSTEM32\dbgcore.DLL
0x00007fffd57b0000 - 0x00007fffd5832000 	C:\WINDOWS\System32\bcryptPrimitives.dll
0x00007fffd02b0000 - 0x00007fffd02d5000 	C:\Program Files\Eclipse Adoptium\jdk-17.0.8.101-hotspot\bin\java.dll

dbghelp: loaded successfully - version: 4.0.5 - missing functions: none
symbol engine: initialized successfully - sym options: 0x614 - pdb path: .;C:\Program Files\Eclipse Adoptium\jdk-17.0.8.101-hotspot\bin;C:\WINDOWS\SYSTEM32;C:\WINDOWS\WinSxS\amd64_microsoft.windows.common-controls_6595b64144ccf1df_6.0.19041.3636_none_60b6a03d71f818d5;C:\Program Files\Eclipse Adoptium\jdk-17.0.8.101-hotspot\bin\server

VM Arguments:
jvm_args: -XX:+ShowCodeDetailsInExceptionMessages 
java_command: Main
java_class_path (initial): C:\Users\Nacho\AppData\Roaming\Code\User\workspaceStorage\948f9e9c46396022b1df48f2360f3a9f\redhat.java\jdt_ws\Proyecto JAJU_8bc48893\bin
Launcher Type: SUN_STANDARD

[Global flags]
     intx CICompilerCount                          = 4                                         {product} {ergonomic}
     uint ConcGCThreads                            = 2                                         {product} {ergonomic}
     uint G1ConcRefinementThreads                  = 8                                         {product} {ergonomic}
   size_t G1HeapRegionSize                         = 1048576                                   {product} {ergonomic}
    uintx GCDrainStackTargetSize                   = 64                                        {product} {ergonomic}
   size_t InitialHeapSize                          = 132120576                                 {product} {ergonomic}
   size_t MarkStackSize                            = 4194304                                   {product} {ergonomic}
   size_t MaxHeapSize                              = 2105540608                                {product} {ergonomic}
   size_t MinHeapDeltaBytes                        = 1048576                                   {product} {ergonomic}
   size_t MinHeapSize                              = 8388608                                   {product} {ergonomic}
    uintx NonNMethodCodeHeapSize                   = 5839372                                {pd product} {ergonomic}
    uintx NonProfiledCodeHeapSize                  = 122909434                              {pd product} {ergonomic}
    uintx ProfiledCodeHeapSize                     = 122909434                              {pd product} {ergonomic}
    uintx ReservedCodeCacheSize                    = 251658240                              {pd product} {ergonomic}
     bool SegmentedCodeCache                       = true                                      {product} {ergonomic}
     bool ShowCodeDetailsInExceptionMessages       = true                                   {manageable} {command line}
   size_t SoftMaxHeapSize                          = 2105540608                             {manageable} {ergonomic}
     bool UseCompressedClassPointers               = true                           {product lp64_product} {ergonomic}
     bool UseCompressedOops                        = true                           {product lp64_product} {ergonomic}
     bool UseG1GC                                  = true                                      {product} {ergonomic}
     bool UseLargePagesIndividualAllocation        = false                                  {pd product} {ergonomic}

Logging:
Log output configuration:
 #0: stdout all=warning uptime,level,tags
 #1: stderr all=off uptime,level,tags

Environment Variables:
PATH=C:\Program Files\Eclipse Adoptium\jdk-17.0.8.101-hotspot\bin;C:\WINDOWS\system32;C:\WINDOWS;C:\WINDOWS\System32\Wbem;C:\WINDOWS\System32\WindowsPowerShell\v1.0\;C:\WINDOWS\System32\OpenSSH\;C:\Program Files\dotnet\;C:\Users\Nacho\AppData\Local\Microsoft\WindowsApps;;C:\Users\Nacho\AppData\Local\Programs\Microsoft VS Code\bin
USERNAME=Nacho
LANG=en_US.UTF-8
OS=Windows_NT
PROCESSOR_IDENTIFIER=Intel64 Family 6 Model 142 Stepping 12, GenuineIntel
TMP=C:\Users\Nacho\AppData\Local\Temp
TEMP=C:\Users\Nacho\AppData\Local\Temp



---------------  S Y S T E M  ---------------

OS:
 Windows 10 , 64 bit Build 19041 (10.0.19041.3636)
OS uptime: 10 days 0:30 hours

CPU: total 8 (initial active 8) (4 cores per cpu, 2 threads per core) family 6 model 142 stepping 12 microcode 0xde, cx8, cmov, fxsr, ht, mmx, 3dnowpref, sse, sse2, sse3, ssse3, sse4.1, sse4.2, popcnt, lzcnt, tsc, tscinvbit, avx, avx2, aes, erms, clmul, bmi1, bmi2, adx, fma, vzeroupper, clflush, clflushopt
Processor Information for all 8 processors :
  Max Mhz: 2112, Current Mhz: 2112, Mhz Limit: 1605

Memory: 4k page, system-wide physical 8025M (243M free)
TotalPageFile size 32601M (AvailPageFile size 31M)
current process WorkingSet (physical memory assigned to process): 10M, peak: 10M
current process commit charge ("private bytes"): 60M, peak: 186M

vm_info: OpenJDK 64-Bit Server VM (17.0.8.1+1) for windows-amd64 JRE (17.0.8.1+1), built on Aug 23 2023 15:29:17 by "admin" with MS VC++ 16.7 (VS2019)

END.
